[0.253s] Invoking command in '/home/bhavesh/Documents/AIHT/build/aiht_bot': CMAKE_PREFIX_PATH=${CMAKE_PREFIX_PATH}:/opt/ros/humble /usr/bin/cmake /home/bhavesh/Documents/AIHT/src/AIHT -DAMENT_CMAKE_SYMLINK_INSTALL=1 -DCMAKE_INSTALL_PREFIX=/home/bhavesh/Documents/AIHT/install/aiht_bot
[0.293s] -- Found ament_cmake: 1.3.6 (/opt/ros/humble/share/ament_cmake/cmake)
[0.881s] -- Override CMake install command with custom implementation using symlinks instead of copying resources
[0.933s] -- Found ament_lint_auto: 0.12.9 (/opt/ros/humble/share/ament_lint_auto/cmake)
[1.282s] -- Added test 'copyright' to check source files copyright and LICENSE
[1.298s] -- Added test 'flake8' to check Python code syntax and style conventions
[1.301s] -- Added test 'lint_cmake' to check CMake code style
[1.303s] -- Added test 'pep257' to check Python code against some of the docstring style conventions in PEP 257
[1.313s] -- Added test 'xmllint' to check XML markup files
[1.320s] -- Configuring done
[1.334s] -- Generating done
[1.338s] -- Build files have been written to: /home/bhavesh/Documents/AIHT/build/aiht_bot
[1.350s] Invoked command in '/home/bhavesh/Documents/AIHT/build/aiht_bot' returned '0': CMAKE_PREFIX_PATH=${CMAKE_PREFIX_PATH}:/opt/ros/humble /usr/bin/cmake /home/bhavesh/Documents/AIHT/src/AIHT -DAMENT_CMAKE_SYMLINK_INSTALL=1 -DCMAKE_INSTALL_PREFIX=/home/bhavesh/Documents/AIHT/install/aiht_bot
[1.358s] Invoking command in '/home/bhavesh/Documents/AIHT/build/aiht_bot': CMAKE_PREFIX_PATH=${CMAKE_PREFIX_PATH}:/opt/ros/humble /usr/bin/cmake --build /home/bhavesh/Documents/AIHT/build/aiht_bot -- -j8 -l8
[1.526s] Invoked command in '/home/bhavesh/Documents/AIHT/build/aiht_bot' returned '0': CMAKE_PREFIX_PATH=${CMAKE_PREFIX_PATH}:/opt/ros/humble /usr/bin/cmake --build /home/bhavesh/Documents/AIHT/build/aiht_bot -- -j8 -l8
[1.689s] Invoking command in '/home/bhavesh/Documents/AIHT/build/aiht_bot': CMAKE_PREFIX_PATH=${CMAKE_PREFIX_PATH}:/opt/ros/humble /usr/bin/cmake --install /home/bhavesh/Documents/AIHT/build/aiht_bot
[1.719s] -- Install configuration: ""
[1.721s] -- Execute custom install script
[1.723s] -- Symlinking: /home/bhavesh/Documents/AIHT/install/aiht_bot/share/aiht_bot/config/ball_tracker_params_robot.yaml
[1.768s] -- Symlinking: /home/bhavesh/Documents/AIHT/install/aiht_bot/share/aiht_bot/config/ball_tracker_params_sim.yaml
[1.807s] -- Symlinking: /home/bhavesh/Documents/AIHT/install/aiht_bot/share/aiht_bot/config/drive_bot.rviz
[1.852s] -- Symlinking: /home/bhavesh/Documents/AIHT/install/aiht_bot/share/aiht_bot/config/empty.yaml
[1.893s] -- Symlinking: /home/bhavesh/Documents/AIHT/install/aiht_bot/share/aiht_bot/config/gaz_ros2_ctl_use_sim.yaml
[1.933s] -- Symlinking: /home/bhavesh/Documents/AIHT/install/aiht_bot/share/aiht_bot/config/gazebo_params.yaml
[1.970s] -- Symlinking: /home/bhavesh/Documents/AIHT/install/aiht_bot/share/aiht_bot/config/joystick.yaml
[2.012s] -- Symlinking: /home/bhavesh/Documents/AIHT/install/aiht_bot/share/aiht_bot/config/main.rviz
[2.056s] -- Symlinking: /home/bhavesh/Documents/AIHT/install/aiht_bot/share/aiht_bot/config/map.rviz
[2.097s] -- Symlinking: /home/bhavesh/Documents/AIHT/install/aiht_bot/share/aiht_bot/config/mapper_params_online_async.yaml
[2.140s] -- Symlinking: /home/bhavesh/Documents/AIHT/install/aiht_bot/share/aiht_bot/config/my_controllers.yaml
[2.177s] -- Symlinking: /home/bhavesh/Documents/AIHT/install/aiht_bot/share/aiht_bot/config/nav2_params.yaml
[2.214s] -- Symlinking: /home/bhavesh/Documents/AIHT/install/aiht_bot/share/aiht_bot/config/twist_mux.yaml
[2.253s] -- Symlinking: /home/bhavesh/Documents/AIHT/install/aiht_bot/share/aiht_bot/config/view_bot.rviz
[2.295s] -- Symlinking: /home/bhavesh/Documents/AIHT/install/aiht_bot/share/aiht_bot/description/gazebo_control.xacro
[2.333s] -- Symlinking: /home/bhavesh/Documents/AIHT/install/aiht_bot/share/aiht_bot/description/inertial_macros.xacro
[2.373s] -- Symlinking: /home/bhavesh/Documents/AIHT/install/aiht_bot/share/aiht_bot/description/lidar.xacro
[2.414s] -- Symlinking: /home/bhavesh/Documents/AIHT/install/aiht_bot/share/aiht_bot/description/robot.urdf.xacro
[2.452s] -- Symlinking: /home/bhavesh/Documents/AIHT/install/aiht_bot/share/aiht_bot/description/robot_core.xacro
[2.492s] -- Symlinking: /home/bhavesh/Documents/AIHT/install/aiht_bot/share/aiht_bot/description/ros2_control.xacro
[2.532s] -- Symlinking: /home/bhavesh/Documents/AIHT/install/aiht_bot/share/aiht_bot/launch/joystick.launch.py
[2.571s] -- Symlinking: /home/bhavesh/Documents/AIHT/install/aiht_bot/share/aiht_bot/launch/launch_robot.launch.py
[2.609s] -- Symlinking: /home/bhavesh/Documents/AIHT/install/aiht_bot/share/aiht_bot/launch/launch_sim.launch.py
[2.652s] -- Symlinking: /home/bhavesh/Documents/AIHT/install/aiht_bot/share/aiht_bot/launch/rplidar.launch.py
[2.691s] -- Symlinking: /home/bhavesh/Documents/AIHT/install/aiht_bot/share/aiht_bot/launch/rsp.launch.py
[2.731s] -- Symlinking: /home/bhavesh/Documents/AIHT/install/aiht_bot/share/aiht_bot/worlds/empty.world
[2.769s] -- Symlinking: /home/bhavesh/Documents/AIHT/install/aiht_bot/share/ament_index/resource_index/package_run_dependencies/aiht_bot
[2.807s] -- Symlinking: /home/bhavesh/Documents/AIHT/install/aiht_bot/share/ament_index/resource_index/parent_prefix_path/aiht_bot
[2.850s] -- Symlinking: /home/bhavesh/Documents/AIHT/install/aiht_bot/share/aiht_bot/environment/ament_prefix_path.sh
[2.890s] -- Symlinking: /home/bhavesh/Documents/AIHT/install/aiht_bot/share/aiht_bot/environment/ament_prefix_path.dsv
[2.931s] -- Symlinking: /home/bhavesh/Documents/AIHT/install/aiht_bot/share/aiht_bot/environment/path.sh
[2.970s] -- Symlinking: /home/bhavesh/Documents/AIHT/install/aiht_bot/share/aiht_bot/environment/path.dsv
[3.008s] -- Symlinking: /home/bhavesh/Documents/AIHT/install/aiht_bot/share/aiht_bot/local_setup.bash
[3.046s] -- Symlinking: /home/bhavesh/Documents/AIHT/install/aiht_bot/share/aiht_bot/local_setup.sh
[3.086s] -- Symlinking: /home/bhavesh/Documents/AIHT/install/aiht_bot/share/aiht_bot/local_setup.zsh
[3.127s] -- Symlinking: /home/bhavesh/Documents/AIHT/install/aiht_bot/share/aiht_bot/local_setup.dsv
[3.168s] -- Symlinking: /home/bhavesh/Documents/AIHT/install/aiht_bot/share/aiht_bot/package.dsv
[3.215s] -- Symlinking: /home/bhavesh/Documents/AIHT/install/aiht_bot/share/ament_index/resource_index/packages/aiht_bot
[3.256s] -- Symlinking: /home/bhavesh/Documents/AIHT/install/aiht_bot/share/aiht_bot/cmake/aiht_botConfig.cmake
[3.296s] -- Symlinking: /home/bhavesh/Documents/AIHT/install/aiht_bot/share/aiht_bot/cmake/aiht_botConfig-version.cmake
[3.335s] -- Symlinking: /home/bhavesh/Documents/AIHT/install/aiht_bot/share/aiht_bot/package.xml
[3.385s] Invoked command in '/home/bhavesh/Documents/AIHT/build/aiht_bot' returned '0': CMAKE_PREFIX_PATH=${CMAKE_PREFIX_PATH}:/opt/ros/humble /usr/bin/cmake --install /home/bhavesh/Documents/AIHT/build/aiht_bot
