[3.880s] DEBUG:colcon:Command line arguments: ['/usr/bin/colcon', 'build', '--symlink-install']
[3.880s] DEBUG:colcon:Parsed command line arguments: Namespace(log_base=None, log_level=None, verb_name='build', build_base='build', install_base='install', merge_install=False, symlink_install=True, test_result_base=None, continue_on_error=False, executor='parallel', parallel_workers=8, event_handlers=None, ignore_user_meta=False, metas=['./colcon.meta'], base_paths=['.'], packages_ignore=None, packages_ignore_regex=None, paths=None, packages_up_to=None, packages_up_to_regex=None, packages_above=None, packages_above_and_dependencies=None, packages_above_depth=None, packages_select_by_dep=None, packages_skip_by_dep=None, packages_skip_up_to=None, packages_select_build_failed=False, packages_skip_build_finished=False, packages_select_test_failures=False, packages_skip_test_passed=False, packages_select=None, packages_skip=None, packages_select_regex=None, packages_skip_regex=None, packages_start=None, packages_end=None, allow_overriding=[], cmake_args=None, cmake_target=None, cmake_target_skip_unavailable=False, cmake_clean_cache=False, cmake_clean_first=False, cmake_force_configure=False, ament_cmake_args=None, catkin_cmake_args=None, catkin_skip_building_tests=False, verb_parser=<colcon_defaults.argument_parser.defaults.DefaultArgumentsDecorator object at 0x7f34d11d7550>, verb_extension=<colcon_core.verb.build.BuildVerb object at 0x7f34d11d6860>, main=<bound method BuildVerb.main of <colcon_core.verb.build.BuildVerb object at 0x7f34d11d6860>>)
[4.084s] Level 1:colcon.colcon_core.package_discovery:discover_packages(colcon_meta) check parameters
[4.084s] Level 1:colcon.colcon_core.package_discovery:discover_packages(recursive) check parameters
[4.084s] Level 1:colcon.colcon_core.package_discovery:discover_packages(ignore) check parameters
[4.085s] Level 1:colcon.colcon_core.package_discovery:discover_packages(path) check parameters
[4.085s] Level 1:colcon.colcon_core.package_discovery:discover_packages(colcon_meta) discover
[4.085s] Level 1:colcon.colcon_core.package_discovery:discover_packages(recursive) discover
[4.085s] INFO:colcon.colcon_core.package_discovery:Crawling recursively for packages in '/home/bhavesh/Documents/AutonomousNavigationAndCollisionAvoidanceBot/AIHTsim'
[4.085s] Level 1:colcon.colcon_core.package_identification:_identify(.) by extensions ['ignore', 'ignore_ament_install']
[4.086s] Level 1:colcon.colcon_core.package_identification:_identify(.) by extension 'ignore'
[4.086s] Level 1:colcon.colcon_core.package_identification:_identify(.) by extension 'ignore_ament_install'
[4.086s] Level 1:colcon.colcon_core.package_identification:_identify(.) by extensions ['colcon_pkg']
[4.086s] Level 1:colcon.colcon_core.package_identification:_identify(.) by extension 'colcon_pkg'
[4.086s] Level 1:colcon.colcon_core.package_identification:_identify(.) by extensions ['colcon_meta']
[4.086s] Level 1:colcon.colcon_core.package_identification:_identify(.) by extension 'colcon_meta'
[4.086s] Level 1:colcon.colcon_core.package_identification:_identify(.) by extensions ['ros']
[4.087s] Level 1:colcon.colcon_core.package_identification:_identify(.) by extension 'ros'
[4.122s] Level 1:colcon.colcon_core.package_identification:_identify(.) by extensions ['cmake', 'python']
[4.123s] Level 1:colcon.colcon_core.package_identification:_identify(.) by extension 'cmake'
[4.123s] Level 1:colcon.colcon_core.package_identification:_identify(.) by extension 'python'
[4.123s] Level 1:colcon.colcon_core.package_identification:_identify(.) by extensions ['python_setup_py']
[4.123s] Level 1:colcon.colcon_core.package_identification:_identify(.) by extension 'python_setup_py'
[4.123s] Level 1:colcon.colcon_core.package_identification:_identify(build) by extensions ['ignore', 'ignore_ament_install']
[4.124s] Level 1:colcon.colcon_core.package_identification:_identify(build) by extension 'ignore'
[4.124s] Level 1:colcon.colcon_core.package_identification:_identify(build) ignored
[4.124s] Level 1:colcon.colcon_core.package_identification:_identify(install) by extensions ['ignore', 'ignore_ament_install']
[4.125s] Level 1:colcon.colcon_core.package_identification:_identify(install) by extension 'ignore'
[4.125s] Level 1:colcon.colcon_core.package_identification:_identify(install) ignored
[4.125s] Level 1:colcon.colcon_core.package_identification:_identify(log) by extensions ['ignore', 'ignore_ament_install']
[4.125s] Level 1:colcon.colcon_core.package_identification:_identify(log) by extension 'ignore'
[4.126s] Level 1:colcon.colcon_core.package_identification:_identify(log) ignored
[4.126s] Level 1:colcon.colcon_core.package_identification:_identify(src) by extensions ['ignore', 'ignore_ament_install']
[4.126s] Level 1:colcon.colcon_core.package_identification:_identify(src) by extension 'ignore'
[4.126s] Level 1:colcon.colcon_core.package_identification:_identify(src) by extension 'ignore_ament_install'
[4.127s] Level 1:colcon.colcon_core.package_identification:_identify(src) by extensions ['colcon_pkg']
[4.127s] Level 1:colcon.colcon_core.package_identification:_identify(src) by extension 'colcon_pkg'
[4.127s] Level 1:colcon.colcon_core.package_identification:_identify(src) by extensions ['colcon_meta']
[4.127s] Level 1:colcon.colcon_core.package_identification:_identify(src) by extension 'colcon_meta'
[4.127s] Level 1:colcon.colcon_core.package_identification:_identify(src) by extensions ['ros']
[4.127s] Level 1:colcon.colcon_core.package_identification:_identify(src) by extension 'ros'
[4.127s] Level 1:colcon.colcon_core.package_identification:_identify(src) by extensions ['cmake', 'python']
[4.128s] Level 1:colcon.colcon_core.package_identification:_identify(src) by extension 'cmake'
[4.128s] Level 1:colcon.colcon_core.package_identification:_identify(src) by extension 'python'
[4.128s] Level 1:colcon.colcon_core.package_identification:_identify(src) by extensions ['python_setup_py']
[4.128s] Level 1:colcon.colcon_core.package_identification:_identify(src) by extension 'python_setup_py'
[4.128s] Level 1:colcon.colcon_core.package_identification:_identify(src/AIHT) by extensions ['ignore', 'ignore_ament_install']
[4.129s] Level 1:colcon.colcon_core.package_identification:_identify(src/AIHT) by extension 'ignore'
[4.129s] Level 1:colcon.colcon_core.package_identification:_identify(src/AIHT) by extension 'ignore_ament_install'
[4.129s] Level 1:colcon.colcon_core.package_identification:_identify(src/AIHT) by extensions ['colcon_pkg']
[4.129s] Level 1:colcon.colcon_core.package_identification:_identify(src/AIHT) by extension 'colcon_pkg'
[4.129s] Level 1:colcon.colcon_core.package_identification:_identify(src/AIHT) by extensions ['colcon_meta']
[4.129s] Level 1:colcon.colcon_core.package_identification:_identify(src/AIHT) by extension 'colcon_meta'
[4.129s] Level 1:colcon.colcon_core.package_identification:_identify(src/AIHT) by extensions ['ros']
[4.130s] Level 1:colcon.colcon_core.package_identification:_identify(src/AIHT) by extension 'ros'
[4.137s] DEBUG:colcon.colcon_core.package_identification:Package 'src/AIHT' with type 'ros.ament_cmake' and name 'aiht_bot'
[4.137s] Level 1:colcon.colcon_core.package_identification:_identify(src/ml_model) by extensions ['ignore', 'ignore_ament_install']
[4.137s] Level 1:colcon.colcon_core.package_identification:_identify(src/ml_model) by extension 'ignore'
[4.137s] Level 1:colcon.colcon_core.package_identification:_identify(src/ml_model) by extension 'ignore_ament_install'
[4.138s] Level 1:colcon.colcon_core.package_identification:_identify(src/ml_model) by extensions ['colcon_pkg']
[4.138s] Level 1:colcon.colcon_core.package_identification:_identify(src/ml_model) by extension 'colcon_pkg'
[4.138s] Level 1:colcon.colcon_core.package_identification:_identify(src/ml_model) by extensions ['colcon_meta']
[4.138s] Level 1:colcon.colcon_core.package_identification:_identify(src/ml_model) by extension 'colcon_meta'
[4.138s] Level 1:colcon.colcon_core.package_identification:_identify(src/ml_model) by extensions ['ros']
[4.138s] Level 1:colcon.colcon_core.package_identification:_identify(src/ml_model) by extension 'ros'
[4.140s] DEBUG:colcon.colcon_core.package_identification:Package 'src/ml_model' with type 'ros.ament_python' and name 'ml_model'
[4.140s] Level 1:colcon.colcon_core.package_identification:_identify(src/tinyml_model) by extensions ['ignore', 'ignore_ament_install']
[4.140s] Level 1:colcon.colcon_core.package_identification:_identify(src/tinyml_model) by extension 'ignore'
[4.141s] Level 1:colcon.colcon_core.package_identification:_identify(src/tinyml_model) by extension 'ignore_ament_install'
[4.141s] Level 1:colcon.colcon_core.package_identification:_identify(src/tinyml_model) by extensions ['colcon_pkg']
[4.141s] Level 1:colcon.colcon_core.package_identification:_identify(src/tinyml_model) by extension 'colcon_pkg'
[4.141s] Level 1:colcon.colcon_core.package_identification:_identify(src/tinyml_model) by extensions ['colcon_meta']
[4.141s] Level 1:colcon.colcon_core.package_identification:_identify(src/tinyml_model) by extension 'colcon_meta'
[4.142s] Level 1:colcon.colcon_core.package_identification:_identify(src/tinyml_model) by extensions ['ros']
[4.142s] Level 1:colcon.colcon_core.package_identification:_identify(src/tinyml_model) by extension 'ros'
[4.144s] DEBUG:colcon.colcon_core.package_identification:Package 'src/tinyml_model' with type 'ros.ament_cmake' and name 'tinyml_model'
[4.144s] Level 1:colcon.colcon_core.package_discovery:discover_packages(recursive) using defaults
[4.144s] Level 1:colcon.colcon_core.package_discovery:discover_packages(ignore) discover
[4.144s] Level 1:colcon.colcon_core.package_discovery:discover_packages(ignore) using defaults
[4.144s] Level 1:colcon.colcon_core.package_discovery:discover_packages(path) discover
[4.144s] Level 1:colcon.colcon_core.package_discovery:discover_packages(path) using defaults
[4.517s] Level 1:colcon.colcon_core.package_discovery:discover_packages(prefix_path) check parameters
[4.517s] Level 1:colcon.colcon_core.package_discovery:discover_packages(prefix_path) discover
[4.665s] DEBUG:colcon.colcon_installed_package_information.package_discovery:Found 391 installed packages in /opt/ros/humble
[4.695s] Level 1:colcon.colcon_core.package_discovery:discover_packages(prefix_path) using defaults
[5.068s] Level 5:colcon.colcon_core.verb:set package 'aiht_bot' build argument 'cmake_args' from command line to 'None'
[5.068s] Level 5:colcon.colcon_core.verb:set package 'aiht_bot' build argument 'cmake_target' from command line to 'None'
[5.068s] Level 5:colcon.colcon_core.verb:set package 'aiht_bot' build argument 'cmake_target_skip_unavailable' from command line to 'False'
[5.068s] Level 5:colcon.colcon_core.verb:set package 'aiht_bot' build argument 'cmake_clean_cache' from command line to 'False'
[5.068s] Level 5:colcon.colcon_core.verb:set package 'aiht_bot' build argument 'cmake_clean_first' from command line to 'False'
[5.068s] Level 5:colcon.colcon_core.verb:set package 'aiht_bot' build argument 'cmake_force_configure' from command line to 'False'
[5.069s] Level 5:colcon.colcon_core.verb:set package 'aiht_bot' build argument 'ament_cmake_args' from command line to 'None'
[5.069s] Level 5:colcon.colcon_core.verb:set package 'aiht_bot' build argument 'catkin_cmake_args' from command line to 'None'
[5.069s] Level 5:colcon.colcon_core.verb:set package 'aiht_bot' build argument 'catkin_skip_building_tests' from command line to 'False'
[5.069s] DEBUG:colcon.colcon_core.verb:Building package 'aiht_bot' with the following arguments: {'ament_cmake_args': None, 'build_base': '/home/bhavesh/Documents/AutonomousNavigationAndCollisionAvoidanceBot/AIHTsim/build/aiht_bot', 'catkin_cmake_args': None, 'catkin_skip_building_tests': False, 'cmake_args': None, 'cmake_clean_cache': False, 'cmake_clean_first': False, 'cmake_force_configure': False, 'cmake_target': None, 'cmake_target_skip_unavailable': False, 'install_base': '/home/bhavesh/Documents/AutonomousNavigationAndCollisionAvoidanceBot/AIHTsim/install/aiht_bot', 'merge_install': False, 'path': '/home/bhavesh/Documents/AutonomousNavigationAndCollisionAvoidanceBot/AIHTsim/src/AIHT', 'symlink_install': True, 'test_result_base': None}
[5.136s] Level 5:colcon.colcon_core.verb:set package 'ml_model' build argument 'cmake_args' from command line to 'None'
[5.137s] Level 5:colcon.colcon_core.verb:set package 'ml_model' build argument 'cmake_target' from command line to 'None'
[5.137s] Level 5:colcon.colcon_core.verb:set package 'ml_model' build argument 'cmake_target_skip_unavailable' from command line to 'False'
[5.137s] Level 5:colcon.colcon_core.verb:set package 'ml_model' build argument 'cmake_clean_cache' from command line to 'False'
[5.137s] Level 5:colcon.colcon_core.verb:set package 'ml_model' build argument 'cmake_clean_first' from command line to 'False'
[5.137s] Level 5:colcon.colcon_core.verb:set package 'ml_model' build argument 'cmake_force_configure' from command line to 'False'
[5.137s] Level 5:colcon.colcon_core.verb:set package 'ml_model' build argument 'ament_cmake_args' from command line to 'None'
[5.137s] Level 5:colcon.colcon_core.verb:set package 'ml_model' build argument 'catkin_cmake_args' from command line to 'None'
[5.137s] Level 5:colcon.colcon_core.verb:set package 'ml_model' build argument 'catkin_skip_building_tests' from command line to 'False'
[5.138s] DEBUG:colcon.colcon_core.verb:Building package 'ml_model' with the following arguments: {'ament_cmake_args': None, 'build_base': '/home/bhavesh/Documents/AutonomousNavigationAndCollisionAvoidanceBot/AIHTsim/build/ml_model', 'catkin_cmake_args': None, 'catkin_skip_building_tests': False, 'cmake_args': None, 'cmake_clean_cache': False, 'cmake_clean_first': False, 'cmake_force_configure': False, 'cmake_target': None, 'cmake_target_skip_unavailable': False, 'install_base': '/home/bhavesh/Documents/AutonomousNavigationAndCollisionAvoidanceBot/AIHTsim/install/ml_model', 'merge_install': False, 'path': '/home/bhavesh/Documents/AutonomousNavigationAndCollisionAvoidanceBot/AIHTsim/src/ml_model', 'symlink_install': True, 'test_result_base': None}
[5.203s] Level 5:colcon.colcon_core.verb:set package 'tinyml_model' build argument 'cmake_args' from command line to 'None'
[5.203s] Level 5:colcon.colcon_core.verb:set package 'tinyml_model' build argument 'cmake_target' from command line to 'None'
[5.203s] Level 5:colcon.colcon_core.verb:set package 'tinyml_model' build argument 'cmake_target_skip_unavailable' from command line to 'False'
[5.203s] Level 5:colcon.colcon_core.verb:set package 'tinyml_model' build argument 'cmake_clean_cache' from command line to 'False'
[5.203s] Level 5:colcon.colcon_core.verb:set package 'tinyml_model' build argument 'cmake_clean_first' from command line to 'False'
[5.203s] Level 5:colcon.colcon_core.verb:set package 'tinyml_model' build argument 'cmake_force_configure' from command line to 'False'
[5.203s] Level 5:colcon.colcon_core.verb:set package 'tinyml_model' build argument 'ament_cmake_args' from command line to 'None'
[5.203s] Level 5:colcon.colcon_core.verb:set package 'tinyml_model' build argument 'catkin_cmake_args' from command line to 'None'
[5.203s] Level 5:colcon.colcon_core.verb:set package 'tinyml_model' build argument 'catkin_skip_building_tests' from command line to 'False'
[5.204s] DEBUG:colcon.colcon_core.verb:Building package 'tinyml_model' with the following arguments: {'ament_cmake_args': None, 'build_base': '/home/bhavesh/Documents/AutonomousNavigationAndCollisionAvoidanceBot/AIHTsim/build/tinyml_model', 'catkin_cmake_args': None, 'catkin_skip_building_tests': False, 'cmake_args': None, 'cmake_clean_cache': False, 'cmake_clean_first': False, 'cmake_force_configure': False, 'cmake_target': None, 'cmake_target_skip_unavailable': False, 'install_base': '/home/bhavesh/Documents/AutonomousNavigationAndCollisionAvoidanceBot/AIHTsim/install/tinyml_model', 'merge_install': False, 'path': '/home/bhavesh/Documents/AutonomousNavigationAndCollisionAvoidanceBot/AIHTsim/src/tinyml_model', 'symlink_install': True, 'test_result_base': None}
[5.265s] INFO:colcon.colcon_core.executor:Executing jobs using 'parallel' executor
[5.325s] DEBUG:colcon.colcon_parallel_executor.executor.parallel:run_until_complete
[5.326s] INFO:colcon.colcon_ros.task.ament_cmake.build:Building ROS package in '/home/bhavesh/Documents/AutonomousNavigationAndCollisionAvoidanceBot/AIHTsim/src/AIHT' with build type 'ament_cmake'
[5.326s] INFO:colcon.colcon_cmake.task.cmake.build:Building CMake package in '/home/bhavesh/Documents/AutonomousNavigationAndCollisionAvoidanceBot/AIHTsim/src/AIHT'
[5.398s] INFO:colcon.colcon_core.plugin_system:Skipping extension 'colcon_core.shell.bat': Not used on non-Windows systems
[5.399s] INFO:colcon.colcon_core.shell:Skip shell extension 'powershell' for command environment: Not usable outside of PowerShell
[5.399s] DEBUG:colcon.colcon_core.shell:Skip shell extension 'dsv' for command environment
[5.548s] INFO:colcon.colcon_ros.task.ament_python.build:Building ROS package in '/home/bhavesh/Documents/AutonomousNavigationAndCollisionAvoidanceBot/AIHTsim/src/ml_model' with build type 'ament_python'
[5.549s] Level 1:colcon.colcon_core.shell:create_environment_hook('ml_model', 'ament_prefix_path')
[5.622s] INFO:colcon.colcon_core.shell:Creating environment hook '/home/bhavesh/Documents/AutonomousNavigationAndCollisionAvoidanceBot/AIHTsim/install/ml_model/share/ml_model/hook/ament_prefix_path.ps1'
[5.624s] INFO:colcon.colcon_core.shell:Creating environment descriptor '/home/bhavesh/Documents/AutonomousNavigationAndCollisionAvoidanceBot/AIHTsim/install/ml_model/share/ml_model/hook/ament_prefix_path.dsv'
[5.625s] INFO:colcon.colcon_core.shell:Creating environment hook '/home/bhavesh/Documents/AutonomousNavigationAndCollisionAvoidanceBot/AIHTsim/install/ml_model/share/ml_model/hook/ament_prefix_path.sh'
[5.700s] INFO:colcon.colcon_core.shell:Skip shell extension 'powershell' for command environment: Not usable outside of PowerShell
[5.701s] DEBUG:colcon.colcon_core.shell:Skip shell extension 'dsv' for command environment
[5.839s] INFO:colcon.colcon_ros.task.ament_cmake.build:Building ROS package in '/home/bhavesh/Documents/AutonomousNavigationAndCollisionAvoidanceBot/AIHTsim/src/tinyml_model' with build type 'ament_cmake'
[5.839s] INFO:colcon.colcon_cmake.task.cmake.build:Building CMake package in '/home/bhavesh/Documents/AutonomousNavigationAndCollisionAvoidanceBot/AIHTsim/src/tinyml_model'
[5.918s] INFO:colcon.colcon_core.shell:Skip shell extension 'powershell' for command environment: Not usable outside of PowerShell
[5.919s] DEBUG:colcon.colcon_core.shell:Skip shell extension 'dsv' for command environment
[6.100s] DEBUG:colcon.colcon_core.event_handler.log_command:Invoking command in '/home/bhavesh/Documents/AutonomousNavigationAndCollisionAvoidanceBot/AIHTsim/build/aiht_bot': CMAKE_PREFIX_PATH=/opt/ros/humble /usr/bin/cmake --build /home/bhavesh/Documents/AutonomousNavigationAndCollisionAvoidanceBot/AIHTsim/build/aiht_bot -- -j8 -l8
[7.275s] INFO:colcon.colcon_core.task.python.build:Building Python package in '/home/bhavesh/Documents/AutonomousNavigationAndCollisionAvoidanceBot/AIHTsim/src/ml_model'
[7.360s] INFO:colcon.colcon_core.shell:Skip shell extension 'powershell' for command environment: Not usable outside of PowerShell
[7.360s] DEBUG:colcon.colcon_core.shell:Skip shell extension 'dsv' for command environment
[7.552s] DEBUG:colcon.colcon_core.event_handler.log_command:Invoking command in '/home/bhavesh/Documents/AutonomousNavigationAndCollisionAvoidanceBot/AIHTsim/build/tinyml_model': CMAKE_PREFIX_PATH=/opt/ros/humble /usr/bin/cmake /home/bhavesh/Documents/AutonomousNavigationAndCollisionAvoidanceBot/AIHTsim/src/tinyml_model -DAMENT_CMAKE_SYMLINK_INSTALL=1 -DCMAKE_INSTALL_PREFIX=/home/bhavesh/Documents/AutonomousNavigationAndCollisionAvoidanceBot/AIHTsim/install/tinyml_model
[7.556s] DEBUG:colcon.colcon_core.event_handler.log_command:Invoked command in '/home/bhavesh/Documents/AutonomousNavigationAndCollisionAvoidanceBot/AIHTsim/build/aiht_bot' returned '0': CMAKE_PREFIX_PATH=/opt/ros/humble /usr/bin/cmake --build /home/bhavesh/Documents/AutonomousNavigationAndCollisionAvoidanceBot/AIHTsim/build/aiht_bot -- -j8 -l8
[7.684s] DEBUG:colcon.colcon_core.event_handler.log_command:Invoking command in '/home/bhavesh/Documents/AutonomousNavigationAndCollisionAvoidanceBot/AIHTsim/build/aiht_bot': CMAKE_PREFIX_PATH=/opt/ros/humble /usr/bin/cmake --install /home/bhavesh/Documents/AutonomousNavigationAndCollisionAvoidanceBot/AIHTsim/build/aiht_bot
[7.812s] Level 1:colcon.colcon_core.environment:create_environment_scripts_only(aiht_bot)
[7.814s] DEBUG:colcon.colcon_core.event_handler.log_command:Invoked command in '/home/bhavesh/Documents/AutonomousNavigationAndCollisionAvoidanceBot/AIHTsim/build/aiht_bot' returned '0': CMAKE_PREFIX_PATH=/opt/ros/humble /usr/bin/cmake --install /home/bhavesh/Documents/AutonomousNavigationAndCollisionAvoidanceBot/AIHTsim/build/aiht_bot
[7.956s] Level 1:colcon.colcon_core.environment:checking '/home/bhavesh/Documents/AutonomousNavigationAndCollisionAvoidanceBot/AIHTsim/install/aiht_bot' for CMake module files
[7.960s] Level 1:colcon.colcon_core.environment:checking '/home/bhavesh/Documents/AutonomousNavigationAndCollisionAvoidanceBot/AIHTsim/install/aiht_bot' for CMake config files
[7.962s] Level 1:colcon.colcon_core.shell:create_environment_hook('aiht_bot', 'cmake_prefix_path')
[8.090s] INFO:colcon.colcon_core.shell:Creating environment hook '/home/bhavesh/Documents/AutonomousNavigationAndCollisionAvoidanceBot/AIHTsim/install/aiht_bot/share/aiht_bot/hook/cmake_prefix_path.ps1'
[8.093s] INFO:colcon.colcon_core.shell:Creating environment descriptor '/home/bhavesh/Documents/AutonomousNavigationAndCollisionAvoidanceBot/AIHTsim/install/aiht_bot/share/aiht_bot/hook/cmake_prefix_path.dsv'
[8.095s] INFO:colcon.colcon_core.shell:Creating environment hook '/home/bhavesh/Documents/AutonomousNavigationAndCollisionAvoidanceBot/AIHTsim/install/aiht_bot/share/aiht_bot/hook/cmake_prefix_path.sh'
[8.099s] Level 1:colcon.colcon_core.environment:checking '/home/bhavesh/Documents/AutonomousNavigationAndCollisionAvoidanceBot/AIHTsim/install/aiht_bot/bin'
[8.100s] Level 1:colcon.colcon_core.environment:checking '/home/bhavesh/Documents/AutonomousNavigationAndCollisionAvoidanceBot/AIHTsim/install/aiht_bot/lib/pkgconfig/aiht_bot.pc'
[8.101s] Level 1:colcon.colcon_core.environment:checking '/home/bhavesh/Documents/AutonomousNavigationAndCollisionAvoidanceBot/AIHTsim/install/aiht_bot/lib/python3.10/site-packages'
[8.103s] Level 1:colcon.colcon_core.environment:checking '/home/bhavesh/Documents/AutonomousNavigationAndCollisionAvoidanceBot/AIHTsim/install/aiht_bot/bin'
[8.230s] INFO:colcon.colcon_core.shell:Creating package script '/home/bhavesh/Documents/AutonomousNavigationAndCollisionAvoidanceBot/AIHTsim/install/aiht_bot/share/aiht_bot/package.ps1'
[8.233s] INFO:colcon.colcon_core.shell:Creating package descriptor '/home/bhavesh/Documents/AutonomousNavigationAndCollisionAvoidanceBot/AIHTsim/install/aiht_bot/share/aiht_bot/package.dsv'
[8.235s] INFO:colcon.colcon_core.shell:Creating package script '/home/bhavesh/Documents/AutonomousNavigationAndCollisionAvoidanceBot/AIHTsim/install/aiht_bot/share/aiht_bot/package.sh'
[8.238s] INFO:colcon.colcon_core.shell:Creating package script '/home/bhavesh/Documents/AutonomousNavigationAndCollisionAvoidanceBot/AIHTsim/install/aiht_bot/share/aiht_bot/package.bash'
[8.242s] INFO:colcon.colcon_core.shell:Creating package script '/home/bhavesh/Documents/AutonomousNavigationAndCollisionAvoidanceBot/AIHTsim/install/aiht_bot/share/aiht_bot/package.zsh'
[8.246s] Level 1:colcon.colcon_core.environment:create_file_with_runtime_dependencies(/home/bhavesh/Documents/AutonomousNavigationAndCollisionAvoidanceBot/AIHTsim/install/aiht_bot/share/colcon-core/packages/aiht_bot)
[8.456s] Level 1:colcon.colcon_core.environment:create_environment_scripts_only(aiht_bot)
[8.617s] Level 1:colcon.colcon_core.environment:checking '/home/bhavesh/Documents/AutonomousNavigationAndCollisionAvoidanceBot/AIHTsim/install/aiht_bot' for CMake module files
[8.619s] Level 1:colcon.colcon_core.environment:checking '/home/bhavesh/Documents/AutonomousNavigationAndCollisionAvoidanceBot/AIHTsim/install/aiht_bot' for CMake config files
[8.621s] Level 1:colcon.colcon_core.shell:create_environment_hook('aiht_bot', 'cmake_prefix_path')
[8.719s] INFO:colcon.colcon_core.shell:Creating environment hook '/home/bhavesh/Documents/AutonomousNavigationAndCollisionAvoidanceBot/AIHTsim/install/aiht_bot/share/aiht_bot/hook/cmake_prefix_path.ps1'
[8.721s] INFO:colcon.colcon_core.shell:Creating environment descriptor '/home/bhavesh/Documents/AutonomousNavigationAndCollisionAvoidanceBot/AIHTsim/install/aiht_bot/share/aiht_bot/hook/cmake_prefix_path.dsv'
[8.722s] INFO:colcon.colcon_core.shell:Creating environment hook '/home/bhavesh/Documents/AutonomousNavigationAndCollisionAvoidanceBot/AIHTsim/install/aiht_bot/share/aiht_bot/hook/cmake_prefix_path.sh'
[8.725s] Level 1:colcon.colcon_core.environment:checking '/home/bhavesh/Documents/AutonomousNavigationAndCollisionAvoidanceBot/AIHTsim/install/aiht_bot/bin'
[8.725s] Level 1:colcon.colcon_core.environment:checking '/home/bhavesh/Documents/AutonomousNavigationAndCollisionAvoidanceBot/AIHTsim/install/aiht_bot/lib/pkgconfig/aiht_bot.pc'
[8.726s] Level 1:colcon.colcon_core.environment:checking '/home/bhavesh/Documents/AutonomousNavigationAndCollisionAvoidanceBot/AIHTsim/install/aiht_bot/lib/python3.10/site-packages'
[8.727s] Level 1:colcon.colcon_core.environment:checking '/home/bhavesh/Documents/AutonomousNavigationAndCollisionAvoidanceBot/AIHTsim/install/aiht_bot/bin'
[8.827s] INFO:colcon.colcon_core.shell:Creating package script '/home/bhavesh/Documents/AutonomousNavigationAndCollisionAvoidanceBot/AIHTsim/install/aiht_bot/share/aiht_bot/package.ps1'
[8.830s] INFO:colcon.colcon_core.shell:Creating package descriptor '/home/bhavesh/Documents/AutonomousNavigationAndCollisionAvoidanceBot/AIHTsim/install/aiht_bot/share/aiht_bot/package.dsv'
[8.833s] INFO:colcon.colcon_core.shell:Creating package script '/home/bhavesh/Documents/AutonomousNavigationAndCollisionAvoidanceBot/AIHTsim/install/aiht_bot/share/aiht_bot/package.sh'
[8.836s] INFO:colcon.colcon_core.shell:Creating package script '/home/bhavesh/Documents/AutonomousNavigationAndCollisionAvoidanceBot/AIHTsim/install/aiht_bot/share/aiht_bot/package.bash'
[8.839s] INFO:colcon.colcon_core.shell:Creating package script '/home/bhavesh/Documents/AutonomousNavigationAndCollisionAvoidanceBot/AIHTsim/install/aiht_bot/share/aiht_bot/package.zsh'
[8.842s] Level 1:colcon.colcon_core.environment:create_file_with_runtime_dependencies(/home/bhavesh/Documents/AutonomousNavigationAndCollisionAvoidanceBot/AIHTsim/install/aiht_bot/share/colcon-core/packages/aiht_bot)
[9.527s] DEBUG:colcon.colcon_core.event_handler.log_command:Invoking command in '/home/bhavesh/Documents/AutonomousNavigationAndCollisionAvoidanceBot/AIHTsim/build/ml_model': PYTHONPATH=/home/bhavesh/Documents/AutonomousNavigationAndCollisionAvoidanceBot/AIHTsim/build/ml_model/prefix_override:/home/bhavesh/Documents/AutonomousNavigationAndCollisionAvoidanceBot/AIHTsim/install/ml_model/lib/python3.10/site-packages:${PYTHONPATH} /usr/bin/python3 setup.py develop --editable --build-directory /home/bhavesh/Documents/AutonomousNavigationAndCollisionAvoidanceBot/AIHTsim/build/ml_model/build --no-deps install_data
[12.039s] Level 1:colcon.colcon_core.shell:create_environment_hook('ml_model', 'pythonpath_develop')
[12.041s] DEBUG:colcon.colcon_core.event_handler.log_command:Invoked command in '/home/bhavesh/Documents/AutonomousNavigationAndCollisionAvoidanceBot/AIHTsim/build/ml_model' returned '0': PYTHONPATH=/home/bhavesh/Documents/AutonomousNavigationAndCollisionAvoidanceBot/AIHTsim/build/ml_model/prefix_override:/home/bhavesh/Documents/AutonomousNavigationAndCollisionAvoidanceBot/AIHTsim/install/ml_model/lib/python3.10/site-packages:${PYTHONPATH} /usr/bin/python3 setup.py develop --editable --build-directory /home/bhavesh/Documents/AutonomousNavigationAndCollisionAvoidanceBot/AIHTsim/build/ml_model/build --no-deps install_data
[12.139s] INFO:colcon.colcon_core.shell:Creating environment hook '/home/bhavesh/Documents/AutonomousNavigationAndCollisionAvoidanceBot/AIHTsim/build/ml_model/share/ml_model/hook/pythonpath_develop.ps1'
[12.141s] INFO:colcon.colcon_core.shell:Creating environment descriptor '/home/bhavesh/Documents/AutonomousNavigationAndCollisionAvoidanceBot/AIHTsim/build/ml_model/share/ml_model/hook/pythonpath_develop.dsv'
[12.143s] INFO:colcon.colcon_core.shell:Creating environment hook '/home/bhavesh/Documents/AutonomousNavigationAndCollisionAvoidanceBot/AIHTsim/build/ml_model/share/ml_model/hook/pythonpath_develop.sh'
[12.239s] Level 1:colcon.colcon_core.environment:checking '/home/bhavesh/Documents/AutonomousNavigationAndCollisionAvoidanceBot/AIHTsim/install/ml_model' for CMake module files
[12.241s] Level 1:colcon.colcon_core.environment:checking '/home/bhavesh/Documents/AutonomousNavigationAndCollisionAvoidanceBot/AIHTsim/install/ml_model' for CMake config files
[12.243s] Level 1:colcon.colcon_core.environment:checking '/home/bhavesh/Documents/AutonomousNavigationAndCollisionAvoidanceBot/AIHTsim/install/ml_model/lib'
[12.244s] Level 1:colcon.colcon_core.environment:checking '/home/bhavesh/Documents/AutonomousNavigationAndCollisionAvoidanceBot/AIHTsim/install/ml_model/bin'
[12.245s] Level 1:colcon.colcon_core.environment:checking '/home/bhavesh/Documents/AutonomousNavigationAndCollisionAvoidanceBot/AIHTsim/install/ml_model/lib/pkgconfig/ml_model.pc'
[12.246s] Level 1:colcon.colcon_core.environment:checking '/home/bhavesh/Documents/AutonomousNavigationAndCollisionAvoidanceBot/AIHTsim/install/ml_model/lib/python3.10/site-packages'
[12.247s] Level 1:colcon.colcon_core.shell:create_environment_hook('ml_model', 'pythonpath')
[12.400s] INFO:colcon.colcon_core.shell:Creating environment hook '/home/bhavesh/Documents/AutonomousNavigationAndCollisionAvoidanceBot/AIHTsim/install/ml_model/share/ml_model/hook/pythonpath.ps1'
[12.403s] INFO:colcon.colcon_core.shell:Creating environment descriptor '/home/bhavesh/Documents/AutonomousNavigationAndCollisionAvoidanceBot/AIHTsim/install/ml_model/share/ml_model/hook/pythonpath.dsv'
[12.405s] INFO:colcon.colcon_core.shell:Creating environment hook '/home/bhavesh/Documents/AutonomousNavigationAndCollisionAvoidanceBot/AIHTsim/install/ml_model/share/ml_model/hook/pythonpath.sh'
[12.409s] Level 1:colcon.colcon_core.environment:checking '/home/bhavesh/Documents/AutonomousNavigationAndCollisionAvoidanceBot/AIHTsim/install/ml_model/bin'
[12.410s] Level 1:colcon.colcon_core.environment:create_environment_scripts_only(ml_model)
[12.535s] INFO:colcon.colcon_core.shell:Creating package script '/home/bhavesh/Documents/AutonomousNavigationAndCollisionAvoidanceBot/AIHTsim/install/ml_model/share/ml_model/package.ps1'
[12.538s] INFO:colcon.colcon_core.shell:Creating package descriptor '/home/bhavesh/Documents/AutonomousNavigationAndCollisionAvoidanceBot/AIHTsim/install/ml_model/share/ml_model/package.dsv'
[12.540s] INFO:colcon.colcon_core.shell:Creating package script '/home/bhavesh/Documents/AutonomousNavigationAndCollisionAvoidanceBot/AIHTsim/install/ml_model/share/ml_model/package.sh'
[12.543s] INFO:colcon.colcon_core.shell:Creating package script '/home/bhavesh/Documents/AutonomousNavigationAndCollisionAvoidanceBot/AIHTsim/install/ml_model/share/ml_model/package.bash'
[12.545s] INFO:colcon.colcon_core.shell:Creating package script '/home/bhavesh/Documents/AutonomousNavigationAndCollisionAvoidanceBot/AIHTsim/install/ml_model/share/ml_model/package.zsh'
[12.547s] Level 1:colcon.colcon_core.environment:create_file_with_runtime_dependencies(/home/bhavesh/Documents/AutonomousNavigationAndCollisionAvoidanceBot/AIHTsim/install/ml_model/share/colcon-core/packages/ml_model)
[14.636s] DEBUG:colcon.colcon_core.event_handler.log_command:Invoked command in '/home/bhavesh/Documents/AutonomousNavigationAndCollisionAvoidanceBot/AIHTsim/build/tinyml_model' returned '0': CMAKE_PREFIX_PATH=/opt/ros/humble /usr/bin/cmake /home/bhavesh/Documents/AutonomousNavigationAndCollisionAvoidanceBot/AIHTsim/src/tinyml_model -DAMENT_CMAKE_SYMLINK_INSTALL=1 -DCMAKE_INSTALL_PREFIX=/home/bhavesh/Documents/AutonomousNavigationAndCollisionAvoidanceBot/AIHTsim/install/tinyml_model
[14.643s] DEBUG:colcon.colcon_core.event_handler.log_command:Invoking command in '/home/bhavesh/Documents/AutonomousNavigationAndCollisionAvoidanceBot/AIHTsim/build/tinyml_model': CMAKE_PREFIX_PATH=/opt/ros/humble /usr/bin/cmake --build /home/bhavesh/Documents/AutonomousNavigationAndCollisionAvoidanceBot/AIHTsim/build/tinyml_model -- -j8 -l8
[38.525s] DEBUG:colcon.colcon_core.event_handler.log_command:Invoked command in '/home/bhavesh/Documents/AutonomousNavigationAndCollisionAvoidanceBot/AIHTsim/build/tinyml_model' returned '2': CMAKE_PREFIX_PATH=/opt/ros/humble /usr/bin/cmake --build /home/bhavesh/Documents/AutonomousNavigationAndCollisionAvoidanceBot/AIHTsim/build/tinyml_model -- -j8 -l8
[38.729s] Level 1:colcon.colcon_core.environment:create_environment_scripts_only(tinyml_model)
[38.821s] Level 1:colcon.colcon_core.environment:checking '/home/bhavesh/Documents/AutonomousNavigationAndCollisionAvoidanceBot/AIHTsim/install/tinyml_model' for CMake module files
[38.822s] Level 1:colcon.colcon_core.environment:checking '/home/bhavesh/Documents/AutonomousNavigationAndCollisionAvoidanceBot/AIHTsim/install/tinyml_model' for CMake config files
[38.823s] Level 1:colcon.colcon_core.environment:checking '/home/bhavesh/Documents/AutonomousNavigationAndCollisionAvoidanceBot/AIHTsim/install/tinyml_model/bin'
[38.823s] Level 1:colcon.colcon_core.environment:checking '/home/bhavesh/Documents/AutonomousNavigationAndCollisionAvoidanceBot/AIHTsim/install/tinyml_model/lib/pkgconfig/tinyml_model.pc'
[38.824s] Level 1:colcon.colcon_core.environment:checking '/home/bhavesh/Documents/AutonomousNavigationAndCollisionAvoidanceBot/AIHTsim/install/tinyml_model/lib/python3.10/site-packages'
[38.825s] Level 1:colcon.colcon_core.environment:checking '/home/bhavesh/Documents/AutonomousNavigationAndCollisionAvoidanceBot/AIHTsim/install/tinyml_model/bin'
[38.917s] INFO:colcon.colcon_core.shell:Creating package script '/home/bhavesh/Documents/AutonomousNavigationAndCollisionAvoidanceBot/AIHTsim/install/tinyml_model/share/tinyml_model/package.ps1'
[38.919s] INFO:colcon.colcon_core.shell:Creating package descriptor '/home/bhavesh/Documents/AutonomousNavigationAndCollisionAvoidanceBot/AIHTsim/install/tinyml_model/share/tinyml_model/package.dsv'
[38.920s] INFO:colcon.colcon_core.shell:Creating package script '/home/bhavesh/Documents/AutonomousNavigationAndCollisionAvoidanceBot/AIHTsim/install/tinyml_model/share/tinyml_model/package.sh'
[38.922s] INFO:colcon.colcon_core.shell:Creating package script '/home/bhavesh/Documents/AutonomousNavigationAndCollisionAvoidanceBot/AIHTsim/install/tinyml_model/share/tinyml_model/package.bash'
[38.923s] INFO:colcon.colcon_core.shell:Creating package script '/home/bhavesh/Documents/AutonomousNavigationAndCollisionAvoidanceBot/AIHTsim/install/tinyml_model/share/tinyml_model/package.zsh'
[38.925s] Level 1:colcon.colcon_core.environment:create_file_with_runtime_dependencies(/home/bhavesh/Documents/AutonomousNavigationAndCollisionAvoidanceBot/AIHTsim/install/tinyml_model/share/colcon-core/packages/tinyml_model)
[38.937s] DEBUG:colcon.colcon_parallel_executor.executor.parallel:closing loop
[38.937s] DEBUG:colcon.colcon_parallel_executor.executor.parallel:loop closed
[38.937s] DEBUG:colcon.colcon_parallel_executor.executor.parallel:run_until_complete finished with '2'
[38.938s] DEBUG:colcon.colcon_core.event_reactor:joining thread
[39.051s] INFO:colcon.colcon_core.plugin_system:Skipping extension 'colcon_notification.desktop_notification.terminal_notifier': Not used on non-Darwin systems
[39.051s] INFO:colcon.colcon_core.plugin_system:Skipping extension 'colcon_notification.desktop_notification.win32': Not used on non-Windows systems
[39.053s] INFO:colcon.colcon_notification.desktop_notification:Sending desktop notification using 'notify2'
[39.104s] DEBUG:colcon.colcon_core.event_reactor:joined thread
[39.205s] INFO:colcon.colcon_core.shell:Creating prefix script '/home/bhavesh/Documents/AutonomousNavigationAndCollisionAvoidanceBot/AIHTsim/install/local_setup.ps1'
[39.210s] INFO:colcon.colcon_core.shell:Creating prefix util module '/home/bhavesh/Documents/AutonomousNavigationAndCollisionAvoidanceBot/AIHTsim/install/_local_setup_util_ps1.py'
[39.216s] INFO:colcon.colcon_core.shell:Creating prefix chain script '/home/bhavesh/Documents/AutonomousNavigationAndCollisionAvoidanceBot/AIHTsim/install/setup.ps1'
[39.316s] INFO:colcon.colcon_core.shell:Creating prefix script '/home/bhavesh/Documents/AutonomousNavigationAndCollisionAvoidanceBot/AIHTsim/install/local_setup.sh'
[39.318s] INFO:colcon.colcon_core.shell:Creating prefix util module '/home/bhavesh/Documents/AutonomousNavigationAndCollisionAvoidanceBot/AIHTsim/install/_local_setup_util_sh.py'
[39.320s] INFO:colcon.colcon_core.shell:Creating prefix chain script '/home/bhavesh/Documents/AutonomousNavigationAndCollisionAvoidanceBot/AIHTsim/install/setup.sh'
[39.414s] INFO:colcon.colcon_core.shell:Creating prefix script '/home/bhavesh/Documents/AutonomousNavigationAndCollisionAvoidanceBot/AIHTsim/install/local_setup.bash'
[39.417s] INFO:colcon.colcon_core.shell:Creating prefix chain script '/home/bhavesh/Documents/AutonomousNavigationAndCollisionAvoidanceBot/AIHTsim/install/setup.bash'
[39.510s] INFO:colcon.colcon_core.shell:Creating prefix script '/home/bhavesh/Documents/AutonomousNavigationAndCollisionAvoidanceBot/AIHTsim/install/local_setup.zsh'
[39.512s] INFO:colcon.colcon_core.shell:Creating prefix chain script '/home/bhavesh/Documents/AutonomousNavigationAndCollisionAvoidanceBot/AIHTsim/install/setup.zsh'
