[4.320s] DEBUG:colcon:Command line arguments: ['/usr/bin/colcon', 'build']
[4.320s] DEBUG:colcon:Parsed command line arguments: Namespace(log_base=None, log_level=None, verb_name='build', build_base='build', install_base='install', merge_install=False, symlink_install=False, test_result_base=None, continue_on_error=False, executor='parallel', parallel_workers=8, event_handlers=None, ignore_user_meta=False, metas=['./colcon.meta'], base_paths=['.'], packages_ignore=None, packages_ignore_regex=None, paths=None, packages_up_to=None, packages_up_to_regex=None, packages_above=None, packages_above_and_dependencies=None, packages_above_depth=None, packages_select_by_dep=None, packages_skip_by_dep=None, packages_skip_up_to=None, packages_select_build_failed=False, packages_skip_build_finished=False, packages_select_test_failures=False, packages_skip_test_passed=False, packages_select=None, packages_skip=None, packages_select_regex=None, packages_skip_regex=None, packages_start=None, packages_end=None, allow_overriding=[], cmake_args=None, cmake_target=None, cmake_target_skip_unavailable=False, cmake_clean_cache=False, cmake_clean_first=False, cmake_force_configure=False, ament_cmake_args=None, catkin_cmake_args=None, catkin_skip_building_tests=False, verb_parser=<colcon_defaults.argument_parser.defaults.DefaultArgumentsDecorator object at 0x7fa8bb55ddb0>, verb_extension=<colcon_core.verb.build.BuildVerb object at 0x7fa8bb55d0c0>, main=<bound method BuildVerb.main of <colcon_core.verb.build.BuildVerb object at 0x7fa8bb55d0c0>>)
[4.504s] Level 1:colcon.colcon_core.package_discovery:discover_packages(colcon_meta) check parameters
[4.504s] Level 1:colcon.colcon_core.package_discovery:discover_packages(recursive) check parameters
[4.504s] Level 1:colcon.colcon_core.package_discovery:discover_packages(ignore) check parameters
[4.504s] Level 1:colcon.colcon_core.package_discovery:discover_packages(path) check parameters
[4.504s] Level 1:colcon.colcon_core.package_discovery:discover_packages(colcon_meta) discover
[4.504s] Level 1:colcon.colcon_core.package_discovery:discover_packages(recursive) discover
[4.505s] INFO:colcon.colcon_core.package_discovery:Crawling recursively for packages in '/home/bhavesh/Downloads/ares_bot_ws'
[4.505s] Level 1:colcon.colcon_core.package_identification:_identify(.) by extensions ['ignore', 'ignore_ament_install']
[4.505s] Level 1:colcon.colcon_core.package_identification:_identify(.) by extension 'ignore'
[4.505s] Level 1:colcon.colcon_core.package_identification:_identify(.) by extension 'ignore_ament_install'
[4.506s] Level 1:colcon.colcon_core.package_identification:_identify(.) by extensions ['colcon_pkg']
[4.506s] Level 1:colcon.colcon_core.package_identification:_identify(.) by extension 'colcon_pkg'
[4.506s] Level 1:colcon.colcon_core.package_identification:_identify(.) by extensions ['colcon_meta']
[4.506s] Level 1:colcon.colcon_core.package_identification:_identify(.) by extension 'colcon_meta'
[4.506s] Level 1:colcon.colcon_core.package_identification:_identify(.) by extensions ['ros']
[4.506s] Level 1:colcon.colcon_core.package_identification:_identify(.) by extension 'ros'
[4.540s] Level 1:colcon.colcon_core.package_identification:_identify(.) by extensions ['cmake', 'python']
[4.540s] Level 1:colcon.colcon_core.package_identification:_identify(.) by extension 'cmake'
[4.540s] Level 1:colcon.colcon_core.package_identification:_identify(.) by extension 'python'
[4.540s] Level 1:colcon.colcon_core.package_identification:_identify(.) by extensions ['python_setup_py']
[4.540s] Level 1:colcon.colcon_core.package_identification:_identify(.) by extension 'python_setup_py'
[4.541s] Level 1:colcon.colcon_core.package_identification:_identify(build) by extensions ['ignore', 'ignore_ament_install']
[4.541s] Level 1:colcon.colcon_core.package_identification:_identify(build) by extension 'ignore'
[4.541s] Level 1:colcon.colcon_core.package_identification:_identify(build) ignored
[4.542s] Level 1:colcon.colcon_core.package_identification:_identify(install) by extensions ['ignore', 'ignore_ament_install']
[4.542s] Level 1:colcon.colcon_core.package_identification:_identify(install) by extension 'ignore'
[4.542s] Level 1:colcon.colcon_core.package_identification:_identify(install) ignored
[4.542s] Level 1:colcon.colcon_core.package_identification:_identify(log) by extensions ['ignore', 'ignore_ament_install']
[4.543s] Level 1:colcon.colcon_core.package_identification:_identify(log) by extension 'ignore'
[4.543s] Level 1:colcon.colcon_core.package_identification:_identify(log) ignored
[4.543s] Level 1:colcon.colcon_core.package_identification:_identify(src) by extensions ['ignore', 'ignore_ament_install']
[4.543s] Level 1:colcon.colcon_core.package_identification:_identify(src) by extension 'ignore'
[4.544s] Level 1:colcon.colcon_core.package_identification:_identify(src) by extension 'ignore_ament_install'
[4.544s] Level 1:colcon.colcon_core.package_identification:_identify(src) by extensions ['colcon_pkg']
[4.544s] Level 1:colcon.colcon_core.package_identification:_identify(src) by extension 'colcon_pkg'
[4.544s] Level 1:colcon.colcon_core.package_identification:_identify(src) by extensions ['colcon_meta']
[4.544s] Level 1:colcon.colcon_core.package_identification:_identify(src) by extension 'colcon_meta'
[4.544s] Level 1:colcon.colcon_core.package_identification:_identify(src) by extensions ['ros']
[4.544s] Level 1:colcon.colcon_core.package_identification:_identify(src) by extension 'ros'
[4.545s] Level 1:colcon.colcon_core.package_identification:_identify(src) by extensions ['cmake', 'python']
[4.545s] Level 1:colcon.colcon_core.package_identification:_identify(src) by extension 'cmake'
[4.545s] Level 1:colcon.colcon_core.package_identification:_identify(src) by extension 'python'
[4.545s] Level 1:colcon.colcon_core.package_identification:_identify(src) by extensions ['python_setup_py']
[4.545s] Level 1:colcon.colcon_core.package_identification:_identify(src) by extension 'python_setup_py'
[4.545s] Level 1:colcon.colcon_core.package_identification:_identify(src/articubot_one) by extensions ['ignore', 'ignore_ament_install']
[4.546s] Level 1:colcon.colcon_core.package_identification:_identify(src/articubot_one) by extension 'ignore'
[4.546s] Level 1:colcon.colcon_core.package_identification:_identify(src/articubot_one) by extension 'ignore_ament_install'
[4.546s] Level 1:colcon.colcon_core.package_identification:_identify(src/articubot_one) by extensions ['colcon_pkg']
[4.546s] Level 1:colcon.colcon_core.package_identification:_identify(src/articubot_one) by extension 'colcon_pkg'
[4.546s] Level 1:colcon.colcon_core.package_identification:_identify(src/articubot_one) by extensions ['colcon_meta']
[4.546s] Level 1:colcon.colcon_core.package_identification:_identify(src/articubot_one) by extension 'colcon_meta'
[4.547s] Level 1:colcon.colcon_core.package_identification:_identify(src/articubot_one) by extensions ['ros']
[4.547s] Level 1:colcon.colcon_core.package_identification:_identify(src/articubot_one) by extension 'ros'
[4.555s] DEBUG:colcon.colcon_core.package_identification:Package 'src/articubot_one' with type 'ros.ament_cmake' and name 'articubot_one'
[4.555s] Level 1:colcon.colcon_core.package_discovery:discover_packages(recursive) using defaults
[4.555s] Level 1:colcon.colcon_core.package_discovery:discover_packages(ignore) discover
[4.555s] Level 1:colcon.colcon_core.package_discovery:discover_packages(ignore) using defaults
[4.555s] Level 1:colcon.colcon_core.package_discovery:discover_packages(path) discover
[4.555s] Level 1:colcon.colcon_core.package_discovery:discover_packages(path) using defaults
[4.889s] Level 1:colcon.colcon_core.package_discovery:discover_packages(prefix_path) check parameters
[4.889s] Level 1:colcon.colcon_core.package_discovery:discover_packages(prefix_path) discover
[5.003s] DEBUG:colcon.colcon_installed_package_information.package_discovery:Found 15 installed packages in /home/bhavesh/Downloads/turtlebot3_ws/install
[5.060s] DEBUG:colcon.colcon_installed_package_information.package_discovery:Found 391 installed packages in /opt/ros/humble
[5.067s] Level 1:colcon.colcon_core.package_discovery:discover_packages(prefix_path) using defaults
[5.457s] Level 5:colcon.colcon_core.verb:set package 'articubot_one' build argument 'cmake_args' from command line to 'None'
[5.457s] Level 5:colcon.colcon_core.verb:set package 'articubot_one' build argument 'cmake_target' from command line to 'None'
[5.458s] Level 5:colcon.colcon_core.verb:set package 'articubot_one' build argument 'cmake_target_skip_unavailable' from command line to 'False'
[5.458s] Level 5:colcon.colcon_core.verb:set package 'articubot_one' build argument 'cmake_clean_cache' from command line to 'False'
[5.458s] Level 5:colcon.colcon_core.verb:set package 'articubot_one' build argument 'cmake_clean_first' from command line to 'False'
[5.458s] Level 5:colcon.colcon_core.verb:set package 'articubot_one' build argument 'cmake_force_configure' from command line to 'False'
[5.458s] Level 5:colcon.colcon_core.verb:set package 'articubot_one' build argument 'ament_cmake_args' from command line to 'None'
[5.458s] Level 5:colcon.colcon_core.verb:set package 'articubot_one' build argument 'catkin_cmake_args' from command line to 'None'
[5.458s] Level 5:colcon.colcon_core.verb:set package 'articubot_one' build argument 'catkin_skip_building_tests' from command line to 'False'
[5.458s] DEBUG:colcon.colcon_core.verb:Building package 'articubot_one' with the following arguments: {'ament_cmake_args': None, 'build_base': '/home/bhavesh/Downloads/ares_bot_ws/build/articubot_one', 'catkin_cmake_args': None, 'catkin_skip_building_tests': False, 'cmake_args': None, 'cmake_clean_cache': False, 'cmake_clean_first': False, 'cmake_force_configure': False, 'cmake_target': None, 'cmake_target_skip_unavailable': False, 'install_base': '/home/bhavesh/Downloads/ares_bot_ws/install/articubot_one', 'merge_install': False, 'path': '/home/bhavesh/Downloads/ares_bot_ws/src/articubot_one', 'symlink_install': False, 'test_result_base': None}
[5.511s] INFO:colcon.colcon_core.executor:Executing jobs using 'parallel' executor
[5.565s] DEBUG:colcon.colcon_parallel_executor.executor.parallel:run_until_complete
[5.565s] INFO:colcon.colcon_ros.task.ament_cmake.build:Building ROS package in '/home/bhavesh/Downloads/ares_bot_ws/src/articubot_one' with build type 'ament_cmake'
[5.566s] INFO:colcon.colcon_cmake.task.cmake.build:Building CMake package in '/home/bhavesh/Downloads/ares_bot_ws/src/articubot_one'
[5.633s] INFO:colcon.colcon_core.plugin_system:Skipping extension 'colcon_core.shell.bat': Not used on non-Windows systems
[5.633s] INFO:colcon.colcon_core.shell:Skip shell extension 'powershell' for command environment: Not usable outside of PowerShell
[5.633s] DEBUG:colcon.colcon_core.shell:Skip shell extension 'dsv' for command environment
[5.841s] DEBUG:colcon.colcon_core.event_handler.log_command:Invoking command in '/home/bhavesh/Downloads/ares_bot_ws/build/articubot_one': CMAKE_PREFIX_PATH=${CMAKE_PREFIX_PATH}:/home/bhavesh/Downloads/turtlebot3_ws/install/turtlebot3_teleop:/home/bhavesh/Downloads/turtlebot3_ws/install/turtlebot3_example:/opt/ros/humble /usr/bin/cmake --build /home/bhavesh/Downloads/ares_bot_ws/build/articubot_one -- -j8 -l8
[5.986s] DEBUG:colcon.colcon_core.event_handler.log_command:Invoked command in '/home/bhavesh/Downloads/ares_bot_ws/build/articubot_one' returned '0': CMAKE_PREFIX_PATH=${CMAKE_PREFIX_PATH}:/home/bhavesh/Downloads/turtlebot3_ws/install/turtlebot3_teleop:/home/bhavesh/Downloads/turtlebot3_ws/install/turtlebot3_example:/opt/ros/humble /usr/bin/cmake --build /home/bhavesh/Downloads/ares_bot_ws/build/articubot_one -- -j8 -l8
[6.099s] DEBUG:colcon.colcon_core.event_handler.log_command:Invoking command in '/home/bhavesh/Downloads/ares_bot_ws/build/articubot_one': CMAKE_PREFIX_PATH=${CMAKE_PREFIX_PATH}:/home/bhavesh/Downloads/turtlebot3_ws/install/turtlebot3_teleop:/home/bhavesh/Downloads/turtlebot3_ws/install/turtlebot3_example:/opt/ros/humble /usr/bin/cmake --install /home/bhavesh/Downloads/ares_bot_ws/build/articubot_one
[6.143s] Level 1:colcon.colcon_core.environment:create_environment_scripts_only(articubot_one)
[6.145s] DEBUG:colcon.colcon_core.event_handler.log_command:Invoked command in '/home/bhavesh/Downloads/ares_bot_ws/build/articubot_one' returned '0': CMAKE_PREFIX_PATH=${CMAKE_PREFIX_PATH}:/home/bhavesh/Downloads/turtlebot3_ws/install/turtlebot3_teleop:/home/bhavesh/Downloads/turtlebot3_ws/install/turtlebot3_example:/opt/ros/humble /usr/bin/cmake --install /home/bhavesh/Downloads/ares_bot_ws/build/articubot_one
[6.215s] Level 1:colcon.colcon_core.environment:checking '/home/bhavesh/Downloads/ares_bot_ws/install/articubot_one' for CMake module files
[6.217s] Level 1:colcon.colcon_core.environment:checking '/home/bhavesh/Downloads/ares_bot_ws/install/articubot_one' for CMake config files
[6.217s] Level 1:colcon.colcon_core.shell:create_environment_hook('articubot_one', 'cmake_prefix_path')
[6.276s] INFO:colcon.colcon_core.shell:Creating environment hook '/home/bhavesh/Downloads/ares_bot_ws/install/articubot_one/share/articubot_one/hook/cmake_prefix_path.ps1'
[6.279s] INFO:colcon.colcon_core.shell:Creating environment descriptor '/home/bhavesh/Downloads/ares_bot_ws/install/articubot_one/share/articubot_one/hook/cmake_prefix_path.dsv'
[6.280s] INFO:colcon.colcon_core.shell:Creating environment hook '/home/bhavesh/Downloads/ares_bot_ws/install/articubot_one/share/articubot_one/hook/cmake_prefix_path.sh'
[6.283s] Level 1:colcon.colcon_core.environment:checking '/home/bhavesh/Downloads/ares_bot_ws/install/articubot_one/bin'
[6.283s] Level 1:colcon.colcon_core.environment:checking '/home/bhavesh/Downloads/ares_bot_ws/install/articubot_one/lib/pkgconfig/articubot_one.pc'
[6.284s] Level 1:colcon.colcon_core.environment:checking '/home/bhavesh/Downloads/ares_bot_ws/install/articubot_one/lib/python3.10/site-packages'
[6.285s] Level 1:colcon.colcon_core.environment:checking '/home/bhavesh/Downloads/ares_bot_ws/install/articubot_one/bin'
[6.348s] INFO:colcon.colcon_core.shell:Creating package script '/home/bhavesh/Downloads/ares_bot_ws/install/articubot_one/share/articubot_one/package.ps1'
[6.350s] INFO:colcon.colcon_core.shell:Creating package descriptor '/home/bhavesh/Downloads/ares_bot_ws/install/articubot_one/share/articubot_one/package.dsv'
[6.352s] INFO:colcon.colcon_core.shell:Creating package script '/home/bhavesh/Downloads/ares_bot_ws/install/articubot_one/share/articubot_one/package.sh'
[6.354s] INFO:colcon.colcon_core.shell:Creating package script '/home/bhavesh/Downloads/ares_bot_ws/install/articubot_one/share/articubot_one/package.bash'
[6.357s] INFO:colcon.colcon_core.shell:Creating package script '/home/bhavesh/Downloads/ares_bot_ws/install/articubot_one/share/articubot_one/package.zsh'
[6.359s] Level 1:colcon.colcon_core.environment:create_file_with_runtime_dependencies(/home/bhavesh/Downloads/ares_bot_ws/install/articubot_one/share/colcon-core/packages/articubot_one)
[6.513s] Level 1:colcon.colcon_core.environment:create_environment_scripts_only(articubot_one)
[6.571s] Level 1:colcon.colcon_core.environment:checking '/home/bhavesh/Downloads/ares_bot_ws/install/articubot_one' for CMake module files
[6.573s] Level 1:colcon.colcon_core.environment:checking '/home/bhavesh/Downloads/ares_bot_ws/install/articubot_one' for CMake config files
[6.574s] Level 1:colcon.colcon_core.shell:create_environment_hook('articubot_one', 'cmake_prefix_path')
[6.636s] INFO:colcon.colcon_core.shell:Creating environment hook '/home/bhavesh/Downloads/ares_bot_ws/install/articubot_one/share/articubot_one/hook/cmake_prefix_path.ps1'
[6.638s] INFO:colcon.colcon_core.shell:Creating environment descriptor '/home/bhavesh/Downloads/ares_bot_ws/install/articubot_one/share/articubot_one/hook/cmake_prefix_path.dsv'
[6.639s] INFO:colcon.colcon_core.shell:Creating environment hook '/home/bhavesh/Downloads/ares_bot_ws/install/articubot_one/share/articubot_one/hook/cmake_prefix_path.sh'
[6.641s] Level 1:colcon.colcon_core.environment:checking '/home/bhavesh/Downloads/ares_bot_ws/install/articubot_one/bin'
[6.641s] Level 1:colcon.colcon_core.environment:checking '/home/bhavesh/Downloads/ares_bot_ws/install/articubot_one/lib/pkgconfig/articubot_one.pc'
[6.642s] Level 1:colcon.colcon_core.environment:checking '/home/bhavesh/Downloads/ares_bot_ws/install/articubot_one/lib/python3.10/site-packages'
[6.643s] Level 1:colcon.colcon_core.environment:checking '/home/bhavesh/Downloads/ares_bot_ws/install/articubot_one/bin'
[6.706s] INFO:colcon.colcon_core.shell:Creating package script '/home/bhavesh/Downloads/ares_bot_ws/install/articubot_one/share/articubot_one/package.ps1'
[6.707s] INFO:colcon.colcon_core.shell:Creating package descriptor '/home/bhavesh/Downloads/ares_bot_ws/install/articubot_one/share/articubot_one/package.dsv'
[6.709s] INFO:colcon.colcon_core.shell:Creating package script '/home/bhavesh/Downloads/ares_bot_ws/install/articubot_one/share/articubot_one/package.sh'
[6.710s] INFO:colcon.colcon_core.shell:Creating package script '/home/bhavesh/Downloads/ares_bot_ws/install/articubot_one/share/articubot_one/package.bash'
[6.711s] INFO:colcon.colcon_core.shell:Creating package script '/home/bhavesh/Downloads/ares_bot_ws/install/articubot_one/share/articubot_one/package.zsh'
[6.712s] Level 1:colcon.colcon_core.environment:create_file_with_runtime_dependencies(/home/bhavesh/Downloads/ares_bot_ws/install/articubot_one/share/colcon-core/packages/articubot_one)
[6.713s] DEBUG:colcon.colcon_parallel_executor.executor.parallel:closing loop
[6.714s] DEBUG:colcon.colcon_parallel_executor.executor.parallel:loop closed
[6.715s] DEBUG:colcon.colcon_parallel_executor.executor.parallel:run_until_complete finished with '0'
[6.715s] DEBUG:colcon.colcon_core.event_reactor:joining thread
[6.804s] INFO:colcon.colcon_core.plugin_system:Skipping extension 'colcon_notification.desktop_notification.terminal_notifier': Not used on non-Darwin systems
[6.804s] INFO:colcon.colcon_core.plugin_system:Skipping extension 'colcon_notification.desktop_notification.win32': Not used on non-Windows systems
[6.804s] INFO:colcon.colcon_notification.desktop_notification:Sending desktop notification using 'notify2'
[6.850s] DEBUG:colcon.colcon_core.event_reactor:joined thread
[6.918s] INFO:colcon.colcon_core.shell:Creating prefix script '/home/bhavesh/Downloads/ares_bot_ws/install/local_setup.ps1'
[6.921s] INFO:colcon.colcon_core.shell:Creating prefix util module '/home/bhavesh/Downloads/ares_bot_ws/install/_local_setup_util_ps1.py'
[6.926s] INFO:colcon.colcon_core.shell:Creating prefix chain script '/home/bhavesh/Downloads/ares_bot_ws/install/setup.ps1'
[6.998s] INFO:colcon.colcon_core.shell:Creating prefix script '/home/bhavesh/Downloads/ares_bot_ws/install/local_setup.sh'
[6.999s] INFO:colcon.colcon_core.shell:Creating prefix util module '/home/bhavesh/Downloads/ares_bot_ws/install/_local_setup_util_sh.py'
[7.001s] INFO:colcon.colcon_core.shell:Creating prefix chain script '/home/bhavesh/Downloads/ares_bot_ws/install/setup.sh'
[7.072s] INFO:colcon.colcon_core.shell:Creating prefix script '/home/bhavesh/Downloads/ares_bot_ws/install/local_setup.bash'
[7.074s] INFO:colcon.colcon_core.shell:Creating prefix chain script '/home/bhavesh/Downloads/ares_bot_ws/install/setup.bash'
[7.144s] INFO:colcon.colcon_core.shell:Creating prefix script '/home/bhavesh/Downloads/ares_bot_ws/install/local_setup.zsh'
[7.145s] INFO:colcon.colcon_core.shell:Creating prefix chain script '/home/bhavesh/Downloads/ares_bot_ws/install/setup.zsh'
