[0.280s] Invoking command in '/home/bhavesh/Documents/AIHT/build/aiht_bot': /usr/bin/cmake /home/bhavesh/Documents/AIHT/src/AIHT -DCMAKE_INSTALL_PREFIX=/home/bhavesh/Documents/AIHT/install/aiht_bot
[0.322s] -- Found ament_cmake: 1.3.6 (/opt/ros/humble/share/ament_cmake/cmake)
[0.837s] -- Override CMake install command with custom implementation using symlinks instead of copying resources
[0.871s] -- Found ament_lint_auto: 0.12.9 (/opt/ros/humble/share/ament_lint_auto/cmake)
[1.078s] Error parsing '/home/bhavesh/Documents/AIHT/src/AIHT/package.xml':
[1.262s] Traceback (most recent call last):
[1.262s]   File "/opt/ros/humble/share/ament_cmake_core/cmake/core/package_xml_2_cmake.py", line 150, in <module>
[1.263s]     main()
[1.264s]   File "/opt/ros/humble/share/ament_cmake_core/cmake/core/package_xml_2_cmake.py", line 53, in main
[1.264s]     raise e
[1.265s]   File "/opt/ros/humble/share/ament_cmake_core/cmake/core/package_xml_2_cmake.py", line 49, in main
[1.265s]     package = parse_package_string(
[1.266s]   File "/usr/lib/python3/dist-packages/catkin_pkg/package.py", line 647, in parse_package_string
[1.266s]     _get_node_attr(node, 'email')
[1.267s]   File "/usr/lib/python3/dist-packages/catkin_pkg/package.py", line 843, in _get_node_attr
[1.268s]     raise InvalidPackage('The "%s" tag must have the attribute "%s"' % (node.tagName, attr))
[1.268s] catkin_pkg.package.InvalidPackage: The "maintainer" tag must have the attribute "email"
[1.314s] [31mCMake Error at /opt/ros/humble/share/ament_cmake_core/cmake/core/ament_package_xml.cmake:95 (message):
[1.315s]   execute_process(/usr/bin/python3.10
[1.316s]   /opt/ros/humble/share/ament_cmake_core/cmake/core/package_xml_2_cmake.py
[1.316s]   /home/bhavesh/Documents/AIHT/src/AIHT/package.xml
[1.316s]   /home/bhavesh/Documents/AIHT/build/aiht_bot/ament_cmake_core/package.cmake)
[1.316s]   returned error code 1
[1.317s] Call Stack (most recent call first):
[1.317s]   /opt/ros/humble/share/ament_cmake_core/cmake/core/ament_package_xml.cmake:49 (_ament_package_xml)
[1.317s]   /opt/ros/humble/share/ament_lint_auto/cmake/ament_lint_auto_find_test_dependencies.cmake:31 (ament_package_xml)
[1.318s]   CMakeLists.txt:32 (ament_lint_auto_find_test_dependencies)
[1.318s] 
[1.318s] [0m
[1.318s] -- Configuring incomplete, errors occurred!
[1.319s] See also "/home/bhavesh/Documents/AIHT/build/aiht_bot/CMakeFiles/CMakeOutput.log".
[1.327s] Invoked command in '/home/bhavesh/Documents/AIHT/build/aiht_bot' returned '1': /usr/bin/cmake /home/bhavesh/Documents/AIHT/src/AIHT -DCMAKE_INSTALL_PREFIX=/home/bhavesh/Documents/AIHT/install/aiht_bot
