[4.612s] DEBUG:colcon:Command line arguments: ['/usr/bin/colcon', 'build']
[4.613s] DEBUG:colcon:Parsed command line arguments: Namespace(log_base=None, log_level=None, verb_name='build', build_base='build', install_base='install', merge_install=False, symlink_install=False, test_result_base=None, continue_on_error=False, executor='parallel', parallel_workers=8, event_handlers=None, ignore_user_meta=False, metas=['./colcon.meta'], base_paths=['.'], packages_ignore=None, packages_ignore_regex=None, paths=None, packages_up_to=None, packages_up_to_regex=None, packages_above=None, packages_above_and_dependencies=None, packages_above_depth=None, packages_select_by_dep=None, packages_skip_by_dep=None, packages_skip_up_to=None, packages_select_build_failed=False, packages_skip_build_finished=False, packages_select_test_failures=False, packages_skip_test_passed=False, packages_select=None, packages_skip=None, packages_select_regex=None, packages_skip_regex=None, packages_start=None, packages_end=None, allow_overriding=[], cmake_args=None, cmake_target=None, cmake_target_skip_unavailable=False, cmake_clean_cache=False, cmake_clean_first=False, cmake_force_configure=False, ament_cmake_args=None, catkin_cmake_args=None, catkin_skip_building_tests=False, verb_parser=<colcon_defaults.argument_parser.defaults.DefaultArgumentsDecorator object at 0x7f8bc81f56c0>, verb_extension=<colcon_core.verb.build.BuildVerb object at 0x7f8bc81f7670>, main=<bound method BuildVerb.main of <colcon_core.verb.build.BuildVerb object at 0x7f8bc81f7670>>)
[4.835s] Level 1:colcon.colcon_core.package_discovery:discover_packages(colcon_meta) check parameters
[4.835s] Level 1:colcon.colcon_core.package_discovery:discover_packages(recursive) check parameters
[4.835s] Level 1:colcon.colcon_core.package_discovery:discover_packages(ignore) check parameters
[4.836s] Level 1:colcon.colcon_core.package_discovery:discover_packages(path) check parameters
[4.836s] Level 1:colcon.colcon_core.package_discovery:discover_packages(colcon_meta) discover
[4.836s] Level 1:colcon.colcon_core.package_discovery:discover_packages(recursive) discover
[4.836s] INFO:colcon.colcon_core.package_discovery:Crawling recursively for packages in '/home/bhavesh/Downloads/ares_bot_ws'
[4.836s] Level 1:colcon.colcon_core.package_identification:_identify(.) by extensions ['ignore', 'ignore_ament_install']
[4.837s] Level 1:colcon.colcon_core.package_identification:_identify(.) by extension 'ignore'
[4.837s] Level 1:colcon.colcon_core.package_identification:_identify(.) by extension 'ignore_ament_install'
[4.837s] Level 1:colcon.colcon_core.package_identification:_identify(.) by extensions ['colcon_pkg']
[4.838s] Level 1:colcon.colcon_core.package_identification:_identify(.) by extension 'colcon_pkg'
[4.838s] Level 1:colcon.colcon_core.package_identification:_identify(.) by extensions ['colcon_meta']
[4.838s] Level 1:colcon.colcon_core.package_identification:_identify(.) by extension 'colcon_meta'
[4.838s] Level 1:colcon.colcon_core.package_identification:_identify(.) by extensions ['ros']
[4.838s] Level 1:colcon.colcon_core.package_identification:_identify(.) by extension 'ros'
[4.885s] Level 1:colcon.colcon_core.package_identification:_identify(.) by extensions ['cmake', 'python']
[4.885s] Level 1:colcon.colcon_core.package_identification:_identify(.) by extension 'cmake'
[4.885s] Level 1:colcon.colcon_core.package_identification:_identify(.) by extension 'python'
[4.885s] Level 1:colcon.colcon_core.package_identification:_identify(.) by extensions ['python_setup_py']
[4.886s] Level 1:colcon.colcon_core.package_identification:_identify(.) by extension 'python_setup_py'
[4.886s] Level 1:colcon.colcon_core.package_identification:_identify(build) by extensions ['ignore', 'ignore_ament_install']
[4.887s] Level 1:colcon.colcon_core.package_identification:_identify(build) by extension 'ignore'
[4.887s] Level 1:colcon.colcon_core.package_identification:_identify(build) ignored
[4.887s] Level 1:colcon.colcon_core.package_identification:_identify(install) by extensions ['ignore', 'ignore_ament_install']
[4.888s] Level 1:colcon.colcon_core.package_identification:_identify(install) by extension 'ignore'
[4.888s] Level 1:colcon.colcon_core.package_identification:_identify(install) ignored
[4.888s] Level 1:colcon.colcon_core.package_identification:_identify(log) by extensions ['ignore', 'ignore_ament_install']
[4.889s] Level 1:colcon.colcon_core.package_identification:_identify(log) by extension 'ignore'
[4.889s] Level 1:colcon.colcon_core.package_identification:_identify(log) ignored
[4.889s] Level 1:colcon.colcon_core.package_identification:_identify(src) by extensions ['ignore', 'ignore_ament_install']
[4.890s] Level 1:colcon.colcon_core.package_identification:_identify(src) by extension 'ignore'
[4.890s] Level 1:colcon.colcon_core.package_identification:_identify(src) by extension 'ignore_ament_install'
[4.890s] Level 1:colcon.colcon_core.package_identification:_identify(src) by extensions ['colcon_pkg']
[4.890s] Level 1:colcon.colcon_core.package_identification:_identify(src) by extension 'colcon_pkg'
[4.891s] Level 1:colcon.colcon_core.package_identification:_identify(src) by extensions ['colcon_meta']
[4.891s] Level 1:colcon.colcon_core.package_identification:_identify(src) by extension 'colcon_meta'
[4.891s] Level 1:colcon.colcon_core.package_identification:_identify(src) by extensions ['ros']
[4.891s] Level 1:colcon.colcon_core.package_identification:_identify(src) by extension 'ros'
[4.891s] Level 1:colcon.colcon_core.package_identification:_identify(src) by extensions ['cmake', 'python']
[4.892s] Level 1:colcon.colcon_core.package_identification:_identify(src) by extension 'cmake'
[4.892s] Level 1:colcon.colcon_core.package_identification:_identify(src) by extension 'python'
[4.892s] Level 1:colcon.colcon_core.package_identification:_identify(src) by extensions ['python_setup_py']
[4.892s] Level 1:colcon.colcon_core.package_identification:_identify(src) by extension 'python_setup_py'
[4.893s] Level 1:colcon.colcon_core.package_identification:_identify(src/articubot_one) by extensions ['ignore', 'ignore_ament_install']
[4.893s] Level 1:colcon.colcon_core.package_identification:_identify(src/articubot_one) by extension 'ignore'
[4.893s] Level 1:colcon.colcon_core.package_identification:_identify(src/articubot_one) by extension 'ignore_ament_install'
[4.894s] Level 1:colcon.colcon_core.package_identification:_identify(src/articubot_one) by extensions ['colcon_pkg']
[4.894s] Level 1:colcon.colcon_core.package_identification:_identify(src/articubot_one) by extension 'colcon_pkg'
[4.894s] Level 1:colcon.colcon_core.package_identification:_identify(src/articubot_one) by extensions ['colcon_meta']
[4.894s] Level 1:colcon.colcon_core.package_identification:_identify(src/articubot_one) by extension 'colcon_meta'
[4.894s] Level 1:colcon.colcon_core.package_identification:_identify(src/articubot_one) by extensions ['ros']
[4.894s] Level 1:colcon.colcon_core.package_identification:_identify(src/articubot_one) by extension 'ros'
[4.904s] DEBUG:colcon.colcon_core.package_identification:Package 'src/articubot_one' with type 'ros.ament_cmake' and name 'articubot_one'
[4.904s] Level 1:colcon.colcon_core.package_discovery:discover_packages(recursive) using defaults
[4.905s] Level 1:colcon.colcon_core.package_discovery:discover_packages(ignore) discover
[4.905s] Level 1:colcon.colcon_core.package_discovery:discover_packages(ignore) using defaults
[4.905s] Level 1:colcon.colcon_core.package_discovery:discover_packages(path) discover
[4.905s] Level 1:colcon.colcon_core.package_discovery:discover_packages(path) using defaults
[5.334s] Level 1:colcon.colcon_core.package_discovery:discover_packages(prefix_path) check parameters
[5.334s] Level 1:colcon.colcon_core.package_discovery:discover_packages(prefix_path) discover
[5.495s] DEBUG:colcon.colcon_installed_package_information.package_discovery:Found 331 installed packages in /opt/ros/humble
[5.504s] Level 1:colcon.colcon_core.package_discovery:discover_packages(prefix_path) using defaults
[5.935s] Level 5:colcon.colcon_core.verb:set package 'articubot_one' build argument 'cmake_args' from command line to 'None'
[5.935s] Level 5:colcon.colcon_core.verb:set package 'articubot_one' build argument 'cmake_target' from command line to 'None'
[5.935s] Level 5:colcon.colcon_core.verb:set package 'articubot_one' build argument 'cmake_target_skip_unavailable' from command line to 'False'
[5.935s] Level 5:colcon.colcon_core.verb:set package 'articubot_one' build argument 'cmake_clean_cache' from command line to 'False'
[5.935s] Level 5:colcon.colcon_core.verb:set package 'articubot_one' build argument 'cmake_clean_first' from command line to 'False'
[5.936s] Level 5:colcon.colcon_core.verb:set package 'articubot_one' build argument 'cmake_force_configure' from command line to 'False'
[5.936s] Level 5:colcon.colcon_core.verb:set package 'articubot_one' build argument 'ament_cmake_args' from command line to 'None'
[5.936s] Level 5:colcon.colcon_core.verb:set package 'articubot_one' build argument 'catkin_cmake_args' from command line to 'None'
[5.936s] Level 5:colcon.colcon_core.verb:set package 'articubot_one' build argument 'catkin_skip_building_tests' from command line to 'False'
[5.936s] DEBUG:colcon.colcon_core.verb:Building package 'articubot_one' with the following arguments: {'ament_cmake_args': None, 'build_base': '/home/bhavesh/Downloads/ares_bot_ws/build/articubot_one', 'catkin_cmake_args': None, 'catkin_skip_building_tests': False, 'cmake_args': None, 'cmake_clean_cache': False, 'cmake_clean_first': False, 'cmake_force_configure': False, 'cmake_target': None, 'cmake_target_skip_unavailable': False, 'install_base': '/home/bhavesh/Downloads/ares_bot_ws/install/articubot_one', 'merge_install': False, 'path': '/home/bhavesh/Downloads/ares_bot_ws/src/articubot_one', 'symlink_install': False, 'test_result_base': None}
[5.997s] INFO:colcon.colcon_core.executor:Executing jobs using 'parallel' executor
[6.058s] DEBUG:colcon.colcon_parallel_executor.executor.parallel:run_until_complete
[6.059s] INFO:colcon.colcon_ros.task.ament_cmake.build:Building ROS package in '/home/bhavesh/Downloads/ares_bot_ws/src/articubot_one' with build type 'ament_cmake'
[6.059s] INFO:colcon.colcon_cmake.task.cmake.build:Building CMake package in '/home/bhavesh/Downloads/ares_bot_ws/src/articubot_one'
[6.134s] INFO:colcon.colcon_core.plugin_system:Skipping extension 'colcon_core.shell.bat': Not used on non-Windows systems
[6.134s] INFO:colcon.colcon_core.shell:Skip shell extension 'powershell' for command environment: Not usable outside of PowerShell
[6.135s] DEBUG:colcon.colcon_core.shell:Skip shell extension 'dsv' for command environment
[6.289s] DEBUG:colcon.colcon_core.event_handler.log_command:Invoking command in '/home/bhavesh/Downloads/ares_bot_ws/build/articubot_one': CMAKE_PREFIX_PATH=/opt/ros/humble /usr/bin/cmake /home/bhavesh/Downloads/ares_bot_ws/src/articubot_one -DCMAKE_INSTALL_PREFIX=/home/bhavesh/Downloads/ares_bot_ws/install/articubot_one
[8.840s] DEBUG:colcon.colcon_core.event_handler.log_command:Invoked command in '/home/bhavesh/Downloads/ares_bot_ws/build/articubot_one' returned '0': CMAKE_PREFIX_PATH=/opt/ros/humble /usr/bin/cmake /home/bhavesh/Downloads/ares_bot_ws/src/articubot_one -DCMAKE_INSTALL_PREFIX=/home/bhavesh/Downloads/ares_bot_ws/install/articubot_one
[8.846s] DEBUG:colcon.colcon_core.event_handler.log_command:Invoking command in '/home/bhavesh/Downloads/ares_bot_ws/build/articubot_one': CMAKE_PREFIX_PATH=/opt/ros/humble /usr/bin/cmake --build /home/bhavesh/Downloads/ares_bot_ws/build/articubot_one -- -j8 -l8
[8.994s] DEBUG:colcon.colcon_core.event_handler.log_command:Invoked command in '/home/bhavesh/Downloads/ares_bot_ws/build/articubot_one' returned '0': CMAKE_PREFIX_PATH=/opt/ros/humble /usr/bin/cmake --build /home/bhavesh/Downloads/ares_bot_ws/build/articubot_one -- -j8 -l8
[9.127s] DEBUG:colcon.colcon_core.event_handler.log_command:Invoking command in '/home/bhavesh/Downloads/ares_bot_ws/build/articubot_one': CMAKE_PREFIX_PATH=/opt/ros/humble /usr/bin/cmake --install /home/bhavesh/Downloads/ares_bot_ws/build/articubot_one
[9.193s] Level 1:colcon.colcon_core.environment:create_environment_scripts_only(articubot_one)
[9.195s] DEBUG:colcon.colcon_core.event_handler.log_command:Invoked command in '/home/bhavesh/Downloads/ares_bot_ws/build/articubot_one' returned '0': CMAKE_PREFIX_PATH=/opt/ros/humble /usr/bin/cmake --install /home/bhavesh/Downloads/ares_bot_ws/build/articubot_one
[9.278s] Level 1:colcon.colcon_core.environment:checking '/home/bhavesh/Downloads/ares_bot_ws/install/articubot_one' for CMake module files
[9.280s] Level 1:colcon.colcon_core.environment:checking '/home/bhavesh/Downloads/ares_bot_ws/install/articubot_one' for CMake config files
[9.281s] Level 1:colcon.colcon_core.shell:create_environment_hook('articubot_one', 'cmake_prefix_path')
[9.355s] INFO:colcon.colcon_core.shell:Creating environment hook '/home/bhavesh/Downloads/ares_bot_ws/install/articubot_one/share/articubot_one/hook/cmake_prefix_path.ps1'
[9.358s] INFO:colcon.colcon_core.shell:Creating environment descriptor '/home/bhavesh/Downloads/ares_bot_ws/install/articubot_one/share/articubot_one/hook/cmake_prefix_path.dsv'
[9.359s] INFO:colcon.colcon_core.shell:Creating environment hook '/home/bhavesh/Downloads/ares_bot_ws/install/articubot_one/share/articubot_one/hook/cmake_prefix_path.sh'
[9.362s] Level 1:colcon.colcon_core.environment:checking '/home/bhavesh/Downloads/ares_bot_ws/install/articubot_one/bin'
[9.363s] Level 1:colcon.colcon_core.environment:checking '/home/bhavesh/Downloads/ares_bot_ws/install/articubot_one/lib/pkgconfig/articubot_one.pc'
[9.364s] Level 1:colcon.colcon_core.environment:checking '/home/bhavesh/Downloads/ares_bot_ws/install/articubot_one/lib/python3.10/site-packages'
[9.365s] Level 1:colcon.colcon_core.environment:checking '/home/bhavesh/Downloads/ares_bot_ws/install/articubot_one/bin'
[9.440s] INFO:colcon.colcon_core.shell:Creating package script '/home/bhavesh/Downloads/ares_bot_ws/install/articubot_one/share/articubot_one/package.ps1'
[9.443s] INFO:colcon.colcon_core.shell:Creating package descriptor '/home/bhavesh/Downloads/ares_bot_ws/install/articubot_one/share/articubot_one/package.dsv'
[9.445s] INFO:colcon.colcon_core.shell:Creating package script '/home/bhavesh/Downloads/ares_bot_ws/install/articubot_one/share/articubot_one/package.sh'
[9.448s] INFO:colcon.colcon_core.shell:Creating package script '/home/bhavesh/Downloads/ares_bot_ws/install/articubot_one/share/articubot_one/package.bash'
[9.450s] INFO:colcon.colcon_core.shell:Creating package script '/home/bhavesh/Downloads/ares_bot_ws/install/articubot_one/share/articubot_one/package.zsh'
[9.453s] Level 1:colcon.colcon_core.environment:create_file_with_runtime_dependencies(/home/bhavesh/Downloads/ares_bot_ws/install/articubot_one/share/colcon-core/packages/articubot_one)
[9.625s] Level 1:colcon.colcon_core.environment:create_environment_scripts_only(articubot_one)
[9.711s] Level 1:colcon.colcon_core.environment:checking '/home/bhavesh/Downloads/ares_bot_ws/install/articubot_one' for CMake module files
[9.713s] Level 1:colcon.colcon_core.environment:checking '/home/bhavesh/Downloads/ares_bot_ws/install/articubot_one' for CMake config files
[9.715s] Level 1:colcon.colcon_core.shell:create_environment_hook('articubot_one', 'cmake_prefix_path')
[9.800s] INFO:colcon.colcon_core.shell:Creating environment hook '/home/bhavesh/Downloads/ares_bot_ws/install/articubot_one/share/articubot_one/hook/cmake_prefix_path.ps1'
[9.802s] INFO:colcon.colcon_core.shell:Creating environment descriptor '/home/bhavesh/Downloads/ares_bot_ws/install/articubot_one/share/articubot_one/hook/cmake_prefix_path.dsv'
[9.803s] INFO:colcon.colcon_core.shell:Creating environment hook '/home/bhavesh/Downloads/ares_bot_ws/install/articubot_one/share/articubot_one/hook/cmake_prefix_path.sh'
[9.805s] Level 1:colcon.colcon_core.environment:checking '/home/bhavesh/Downloads/ares_bot_ws/install/articubot_one/bin'
[9.805s] Level 1:colcon.colcon_core.environment:checking '/home/bhavesh/Downloads/ares_bot_ws/install/articubot_one/lib/pkgconfig/articubot_one.pc'
[9.807s] Level 1:colcon.colcon_core.environment:checking '/home/bhavesh/Downloads/ares_bot_ws/install/articubot_one/lib/python3.10/site-packages'
[9.808s] Level 1:colcon.colcon_core.environment:checking '/home/bhavesh/Downloads/ares_bot_ws/install/articubot_one/bin'
[9.882s] INFO:colcon.colcon_core.shell:Creating package script '/home/bhavesh/Downloads/ares_bot_ws/install/articubot_one/share/articubot_one/package.ps1'
[9.884s] INFO:colcon.colcon_core.shell:Creating package descriptor '/home/bhavesh/Downloads/ares_bot_ws/install/articubot_one/share/articubot_one/package.dsv'
[9.886s] INFO:colcon.colcon_core.shell:Creating package script '/home/bhavesh/Downloads/ares_bot_ws/install/articubot_one/share/articubot_one/package.sh'
[9.888s] INFO:colcon.colcon_core.shell:Creating package script '/home/bhavesh/Downloads/ares_bot_ws/install/articubot_one/share/articubot_one/package.bash'
[9.890s] INFO:colcon.colcon_core.shell:Creating package script '/home/bhavesh/Downloads/ares_bot_ws/install/articubot_one/share/articubot_one/package.zsh'
[9.892s] Level 1:colcon.colcon_core.environment:create_file_with_runtime_dependencies(/home/bhavesh/Downloads/ares_bot_ws/install/articubot_one/share/colcon-core/packages/articubot_one)
[9.892s] DEBUG:colcon.colcon_parallel_executor.executor.parallel:closing loop
[9.894s] DEBUG:colcon.colcon_parallel_executor.executor.parallel:loop closed
[9.894s] DEBUG:colcon.colcon_parallel_executor.executor.parallel:run_until_complete finished with '0'
[9.894s] DEBUG:colcon.colcon_core.event_reactor:joining thread
[9.999s] INFO:colcon.colcon_core.plugin_system:Skipping extension 'colcon_notification.desktop_notification.terminal_notifier': Not used on non-Darwin systems
[9.999s] INFO:colcon.colcon_core.plugin_system:Skipping extension 'colcon_notification.desktop_notification.win32': Not used on non-Windows systems
[10.000s] INFO:colcon.colcon_notification.desktop_notification:Sending desktop notification using 'notify2'
[10.058s] DEBUG:colcon.colcon_core.event_reactor:joined thread
[10.139s] INFO:colcon.colcon_core.shell:Creating prefix script '/home/bhavesh/Downloads/ares_bot_ws/install/local_setup.ps1'
[10.143s] INFO:colcon.colcon_core.shell:Creating prefix util module '/home/bhavesh/Downloads/ares_bot_ws/install/_local_setup_util_ps1.py'
[10.149s] INFO:colcon.colcon_core.shell:Creating prefix chain script '/home/bhavesh/Downloads/ares_bot_ws/install/setup.ps1'
[10.233s] INFO:colcon.colcon_core.shell:Creating prefix script '/home/bhavesh/Downloads/ares_bot_ws/install/local_setup.sh'
[10.235s] INFO:colcon.colcon_core.shell:Creating prefix util module '/home/bhavesh/Downloads/ares_bot_ws/install/_local_setup_util_sh.py'
[10.237s] INFO:colcon.colcon_core.shell:Creating prefix chain script '/home/bhavesh/Downloads/ares_bot_ws/install/setup.sh'
[10.322s] INFO:colcon.colcon_core.shell:Creating prefix script '/home/bhavesh/Downloads/ares_bot_ws/install/local_setup.bash'
[10.324s] INFO:colcon.colcon_core.shell:Creating prefix chain script '/home/bhavesh/Downloads/ares_bot_ws/install/setup.bash'
[10.400s] INFO:colcon.colcon_core.shell:Creating prefix script '/home/bhavesh/Downloads/ares_bot_ws/install/local_setup.zsh'
[10.401s] INFO:colcon.colcon_core.shell:Creating prefix chain script '/home/bhavesh/Downloads/ares_bot_ws/install/setup.zsh'
