[0.261s] Invoking command in '/home/bhavesh/Documents/AutonomousNavigationAndCollisionAvoidanceBot/AIHTsim/build/aiht_bot': CMAKE_PREFIX_PATH=${CMAKE_PREFIX_PATH}:/opt/ros/humble /usr/bin/cmake /home/bhavesh/Documents/AutonomousNavigationAndCollisionAvoidanceBot/AIHTsim/src/AIHT -DAMENT_CMAKE_SYMLINK_INSTALL=1 -DCMAKE_INSTALL_PREFIX=/home/bhavesh/Documents/AutonomousNavigationAndCollisionAvoidanceBot/AIHTsim/install/aiht_bot
[0.557s] -- The C compiler identification is GNU 11.4.0
[0.839s] -- The CXX compiler identification is GNU 11.4.0
[0.875s] -- Detecting C compiler ABI info
[1.155s] -- Detecting C compiler ABI info - done
[1.184s] -- Check for working C compiler: /usr/bin/cc - skipped
[1.186s] -- Detecting C compile features
[1.188s] -- Detecting C compile features - done
[1.201s] -- Detecting CXX compiler ABI info
[1.514s] -- Detecting CXX compiler ABI info - done
[1.549s] -- Check for working CXX compiler: /usr/bin/c++ - skipped
[1.550s] -- Detecting CXX compile features
[1.552s] -- Detecting CXX compile features - done
[1.574s] -- Found ament_cmake: 1.3.6 (/opt/ros/humble/share/ament_cmake/cmake)
[2.264s] -- Found Python3: /usr/bin/python3.10 (found version "3.10.12") found components: Interpreter 
[2.522s] -- Override CMake install command with custom implementation using symlinks instead of copying resources
[2.649s] -- Found ament_lint_auto: 0.12.9 (/opt/ros/humble/share/ament_lint_auto/cmake)
[2.988s] -- Added test 'copyright' to check source files copyright and LICENSE
[3.004s] -- Added test 'flake8' to check Python code syntax and style conventions
[3.007s] -- Added test 'lint_cmake' to check CMake code style
[3.010s] -- Added test 'pep257' to check Python code against some of the docstring style conventions in PEP 257
[3.019s] -- Added test 'xmllint' to check XML markup files
[3.025s] -- Configuring done
[3.037s] -- Generating done
[3.041s] -- Build files have been written to: /home/bhavesh/Documents/AutonomousNavigationAndCollisionAvoidanceBot/AIHTsim/build/aiht_bot
[3.057s] Invoked command in '/home/bhavesh/Documents/AutonomousNavigationAndCollisionAvoidanceBot/AIHTsim/build/aiht_bot' returned '0': CMAKE_PREFIX_PATH=${CMAKE_PREFIX_PATH}:/opt/ros/humble /usr/bin/cmake /home/bhavesh/Documents/AutonomousNavigationAndCollisionAvoidanceBot/AIHTsim/src/AIHT -DAMENT_CMAKE_SYMLINK_INSTALL=1 -DCMAKE_INSTALL_PREFIX=/home/bhavesh/Documents/AutonomousNavigationAndCollisionAvoidanceBot/AIHTsim/install/aiht_bot
[3.064s] Invoking command in '/home/bhavesh/Documents/AutonomousNavigationAndCollisionAvoidanceBot/AIHTsim/build/aiht_bot': CMAKE_PREFIX_PATH=${CMAKE_PREFIX_PATH}:/opt/ros/humble /usr/bin/cmake --build /home/bhavesh/Documents/AutonomousNavigationAndCollisionAvoidanceBot/AIHTsim/build/aiht_bot -- -j8 -l8
[3.218s] Invoked command in '/home/bhavesh/Documents/AutonomousNavigationAndCollisionAvoidanceBot/AIHTsim/build/aiht_bot' returned '0': CMAKE_PREFIX_PATH=${CMAKE_PREFIX_PATH}:/opt/ros/humble /usr/bin/cmake --build /home/bhavesh/Documents/AutonomousNavigationAndCollisionAvoidanceBot/AIHTsim/build/aiht_bot -- -j8 -l8
[3.355s] Invoking command in '/home/bhavesh/Documents/AutonomousNavigationAndCollisionAvoidanceBot/AIHTsim/build/aiht_bot': CMAKE_PREFIX_PATH=${CMAKE_PREFIX_PATH}:/opt/ros/humble /usr/bin/cmake --install /home/bhavesh/Documents/AutonomousNavigationAndCollisionAvoidanceBot/AIHTsim/build/aiht_bot
[3.385s] -- Install configuration: ""
[3.387s] -- Execute custom install script
[3.390s] -- Symlinking: /home/bhavesh/Documents/AutonomousNavigationAndCollisionAvoidanceBot/AIHTsim/install/aiht_bot/share/aiht_bot/config/ball_tracker_params_robot.yaml
[3.429s] -- Symlinking: /home/bhavesh/Documents/AutonomousNavigationAndCollisionAvoidanceBot/AIHTsim/install/aiht_bot/share/aiht_bot/config/ball_tracker_params_sim.yaml
[3.466s] -- Symlinking: /home/bhavesh/Documents/AutonomousNavigationAndCollisionAvoidanceBot/AIHTsim/install/aiht_bot/share/aiht_bot/config/drive_bot.rviz
[3.503s] -- Symlinking: /home/bhavesh/Documents/AutonomousNavigationAndCollisionAvoidanceBot/AIHTsim/install/aiht_bot/share/aiht_bot/config/empty.yaml
[3.540s] -- Symlinking: /home/bhavesh/Documents/AutonomousNavigationAndCollisionAvoidanceBot/AIHTsim/install/aiht_bot/share/aiht_bot/config/gaz_ros2_ctl_use_sim.yaml
[3.577s] -- Symlinking: /home/bhavesh/Documents/AutonomousNavigationAndCollisionAvoidanceBot/AIHTsim/install/aiht_bot/share/aiht_bot/config/gazebo_params.yaml
[3.614s] -- Symlinking: /home/bhavesh/Documents/AutonomousNavigationAndCollisionAvoidanceBot/AIHTsim/install/aiht_bot/share/aiht_bot/config/joystick.yaml
[3.652s] -- Symlinking: /home/bhavesh/Documents/AutonomousNavigationAndCollisionAvoidanceBot/AIHTsim/install/aiht_bot/share/aiht_bot/config/main.rviz
[3.689s] -- Symlinking: /home/bhavesh/Documents/AutonomousNavigationAndCollisionAvoidanceBot/AIHTsim/install/aiht_bot/share/aiht_bot/config/map.rviz
[3.726s] -- Symlinking: /home/bhavesh/Documents/AutonomousNavigationAndCollisionAvoidanceBot/AIHTsim/install/aiht_bot/share/aiht_bot/config/mapper_params_online_async.yaml
[3.763s] -- Symlinking: /home/bhavesh/Documents/AutonomousNavigationAndCollisionAvoidanceBot/AIHTsim/install/aiht_bot/share/aiht_bot/config/my_controllers.yaml
[3.800s] -- Symlinking: /home/bhavesh/Documents/AutonomousNavigationAndCollisionAvoidanceBot/AIHTsim/install/aiht_bot/share/aiht_bot/config/nav2_params.yaml
[3.837s] -- Symlinking: /home/bhavesh/Documents/AutonomousNavigationAndCollisionAvoidanceBot/AIHTsim/install/aiht_bot/share/aiht_bot/config/twist_mux.yaml
[3.875s] -- Symlinking: /home/bhavesh/Documents/AutonomousNavigationAndCollisionAvoidanceBot/AIHTsim/install/aiht_bot/share/aiht_bot/config/view_bot.rviz
[3.915s] -- Symlinking: /home/bhavesh/Documents/AutonomousNavigationAndCollisionAvoidanceBot/AIHTsim/install/aiht_bot/share/aiht_bot/description/gazebo_control.xacro
[3.953s] -- Symlinking: /home/bhavesh/Documents/AutonomousNavigationAndCollisionAvoidanceBot/AIHTsim/install/aiht_bot/share/aiht_bot/description/inertial_macros.xacro
[3.990s] -- Symlinking: /home/bhavesh/Documents/AutonomousNavigationAndCollisionAvoidanceBot/AIHTsim/install/aiht_bot/share/aiht_bot/description/lidar.xacro
[4.026s] -- Symlinking: /home/bhavesh/Documents/AutonomousNavigationAndCollisionAvoidanceBot/AIHTsim/install/aiht_bot/share/aiht_bot/description/robot.urdf.xacro
[4.063s] -- Symlinking: /home/bhavesh/Documents/AutonomousNavigationAndCollisionAvoidanceBot/AIHTsim/install/aiht_bot/share/aiht_bot/description/robot_core.xacro
[4.100s] -- Symlinking: /home/bhavesh/Documents/AutonomousNavigationAndCollisionAvoidanceBot/AIHTsim/install/aiht_bot/share/aiht_bot/description/ros2_control.xacro
[4.138s] -- Symlinking: /home/bhavesh/Documents/AutonomousNavigationAndCollisionAvoidanceBot/AIHTsim/install/aiht_bot/share/aiht_bot/launch/joystick.launch.py
[4.175s] -- Symlinking: /home/bhavesh/Documents/AutonomousNavigationAndCollisionAvoidanceBot/AIHTsim/install/aiht_bot/share/aiht_bot/launch/launch_robot.launch.py
[4.213s] -- Symlinking: /home/bhavesh/Documents/AutonomousNavigationAndCollisionAvoidanceBot/AIHTsim/install/aiht_bot/share/aiht_bot/launch/launch_sim.launch.py
[4.250s] -- Symlinking: /home/bhavesh/Documents/AutonomousNavigationAndCollisionAvoidanceBot/AIHTsim/install/aiht_bot/share/aiht_bot/launch/rplidar.launch.py
[4.288s] -- Symlinking: /home/bhavesh/Documents/AutonomousNavigationAndCollisionAvoidanceBot/AIHTsim/install/aiht_bot/share/aiht_bot/launch/rsp.launch.py
[4.326s] -- Symlinking: /home/bhavesh/Documents/AutonomousNavigationAndCollisionAvoidanceBot/AIHTsim/install/aiht_bot/share/aiht_bot/worlds/empty.world
[4.363s] -- Symlinking: /home/bhavesh/Documents/AutonomousNavigationAndCollisionAvoidanceBot/AIHTsim/install/aiht_bot/share/ament_index/resource_index/package_run_dependencies/aiht_bot
[4.400s] -- Symlinking: /home/bhavesh/Documents/AutonomousNavigationAndCollisionAvoidanceBot/AIHTsim/install/aiht_bot/share/ament_index/resource_index/parent_prefix_path/aiht_bot
[4.438s] -- Symlinking: /home/bhavesh/Documents/AutonomousNavigationAndCollisionAvoidanceBot/AIHTsim/install/aiht_bot/share/aiht_bot/environment/ament_prefix_path.sh
[4.477s] -- Symlinking: /home/bhavesh/Documents/AutonomousNavigationAndCollisionAvoidanceBot/AIHTsim/install/aiht_bot/share/aiht_bot/environment/ament_prefix_path.dsv
[4.515s] -- Symlinking: /home/bhavesh/Documents/AutonomousNavigationAndCollisionAvoidanceBot/AIHTsim/install/aiht_bot/share/aiht_bot/environment/path.sh
[4.553s] -- Symlinking: /home/bhavesh/Documents/AutonomousNavigationAndCollisionAvoidanceBot/AIHTsim/install/aiht_bot/share/aiht_bot/environment/path.dsv
[4.591s] -- Symlinking: /home/bhavesh/Documents/AutonomousNavigationAndCollisionAvoidanceBot/AIHTsim/install/aiht_bot/share/aiht_bot/local_setup.bash
[4.628s] -- Symlinking: /home/bhavesh/Documents/AutonomousNavigationAndCollisionAvoidanceBot/AIHTsim/install/aiht_bot/share/aiht_bot/local_setup.sh
[4.666s] -- Symlinking: /home/bhavesh/Documents/AutonomousNavigationAndCollisionAvoidanceBot/AIHTsim/install/aiht_bot/share/aiht_bot/local_setup.zsh
[4.703s] -- Symlinking: /home/bhavesh/Documents/AutonomousNavigationAndCollisionAvoidanceBot/AIHTsim/install/aiht_bot/share/aiht_bot/local_setup.dsv
[4.740s] -- Symlinking: /home/bhavesh/Documents/AutonomousNavigationAndCollisionAvoidanceBot/AIHTsim/install/aiht_bot/share/aiht_bot/package.dsv
[4.779s] -- Symlinking: /home/bhavesh/Documents/AutonomousNavigationAndCollisionAvoidanceBot/AIHTsim/install/aiht_bot/share/ament_index/resource_index/packages/aiht_bot
[4.817s] -- Symlinking: /home/bhavesh/Documents/AutonomousNavigationAndCollisionAvoidanceBot/AIHTsim/install/aiht_bot/share/aiht_bot/cmake/aiht_botConfig.cmake
[4.854s] -- Symlinking: /home/bhavesh/Documents/AutonomousNavigationAndCollisionAvoidanceBot/AIHTsim/install/aiht_bot/share/aiht_bot/cmake/aiht_botConfig-version.cmake
[4.892s] -- Symlinking: /home/bhavesh/Documents/AutonomousNavigationAndCollisionAvoidanceBot/AIHTsim/install/aiht_bot/share/aiht_bot/package.xml
[4.937s] Invoked command in '/home/bhavesh/Documents/AutonomousNavigationAndCollisionAvoidanceBot/AIHTsim/build/aiht_bot' returned '0': CMAKE_PREFIX_PATH=${CMAKE_PREFIX_PATH}:/opt/ros/humble /usr/bin/cmake --install /home/bhavesh/Documents/AutonomousNavigationAndCollisionAvoidanceBot/AIHTsim/build/aiht_bot
