[1.550s] Invoking command in '/home/bhavesh/Documents/AutonomousNavigationAndCollisionAvoidanceBot/AIHTsim/build/tinyml_model': CMAKE_PREFIX_PATH=/opt/ros/humble /usr/bin/cmake --build /home/bhavesh/Documents/AutonomousNavigationAndCollisionAvoidanceBot/AIHTsim/build/tinyml_model -- -j8 -l8
[1.707s] [35m[1mConsolidate compiler generated dependencies of target rfModel[0m
[1.802s] [ 50%] [32mBuilding CXX object CMakeFiles/rfModel.dir/src/rfModel.cpp.o[0m
[13.140s] [01m[K/home/bhavesh/Documents/AutonomousNavigationAndCollisionAvoidanceBot/AIHTsim/src/tinyml_model/src/rfModel.cpp:[m[K In constructor ‘[01m[KScanSubscriber::ScanSubscriber()[m[K’:
[13.140s] [01m[K/home/bhavesh/Documents/AutonomousNavigationAndCollisionAvoidanceBot/AIHTsim/src/tinyml_model/src/rfModel.cpp:8:44:[m[K [01;31m[Kerror: [m[Kno matching function for call to ‘[01m[Krclcpp::Subscription<sensor_msgs::msg::LaserScan_<std::allocator<void> > >::Subscription()[m[K’
[13.140s]     8 |   ScanSubscriber() : Node("scan_subscriber"[01;31m[K)[m[K {
[13.141s]       |                                            [01;31m[K^[m[K
[13.141s] In file included from [01m[K/opt/ros/humble/include/rclcpp/rclcpp/any_executable.hpp:25[m[K,
[13.142s]                  from [01m[K/opt/ros/humble/include/rclcpp/rclcpp/memory_strategy.hpp:25[m[K,
[13.142s]                  from [01m[K/opt/ros/humble/include/rclcpp/rclcpp/memory_strategies.hpp:18[m[K,
[13.142s]                  from [01m[K/opt/ros/humble/include/rclcpp/rclcpp/executor_options.hpp:20[m[K,
[13.143s]                  from [01m[K/opt/ros/humble/include/rclcpp/rclcpp/executor.hpp:37[m[K,
[13.143s]                  from [01m[K/opt/ros/humble/include/rclcpp/rclcpp/executors/multi_threaded_executor.hpp:25[m[K,
[13.143s]                  from [01m[K/opt/ros/humble/include/rclcpp/rclcpp/executors.hpp:21[m[K,
[13.143s]                  from [01m[K/opt/ros/humble/include/rclcpp/rclcpp/rclcpp.hpp:155[m[K,
[13.144s]                  from [01m[K/home/bhavesh/Documents/AutonomousNavigationAndCollisionAvoidanceBot/AIHTsim/src/tinyml_model/src/rfModel.cpp:1[m[K:
[13.144s] [01m[K/opt/ros/humble/include/rclcpp/rclcpp/subscription.hpp:130:3:[m[K [01;36m[Knote: [m[Kcandidate: ‘[01m[Krclcpp::Subscription<MessageT, AllocatorT, SubscribedT, ROSMessageT, MessageMemoryStrategyT>::Subscription(rclcpp::node_interfaces::NodeBaseInterface*, const rosidl_message_type_support_t&, const string&, const rclcpp::QoS&, rclcpp::AnySubscriptionCallback<CallbackMessageT, AllocatorT>, const rclcpp::SubscriptionOptionsWithAllocator<AllocatorT>&, typename MessageMemoryStrategyT::SharedPtr, rclcpp::Subscription<MessageT, AllocatorT, SubscribedT, ROSMessageT, MessageMemoryStrategyT>::SubscriptionTopicStatisticsSharedPtr) [with MessageT = sensor_msgs::msg::LaserScan_<std::allocator<void> >; AllocatorT = std::allocator<void>; SubscribedT = sensor_msgs::msg::LaserScan_<std::allocator<void> >; ROSMessageT = sensor_msgs::msg::LaserScan_<std::allocator<void> >; MessageMemoryStrategyT = rclcpp::message_memory_strategy::MessageMemoryStrategy<sensor_msgs::msg::LaserScan_<std::allocator<void> >, std::allocator<void> >; rosidl_message_type_support_t = rosidl_message_type_support_t; std::string = std::__cxx11::basic_string<char>; typename MessageMemoryStrategyT::SharedPtr = std::shared_ptr<rclcpp::message_memory_strategy::MessageMemoryStrategy<sensor_msgs::msg::LaserScan_<std::allocator<void> >, std::allocator<void> > >; rclcpp::Subscription<MessageT, AllocatorT, SubscribedT, ROSMessageT, MessageMemoryStrategyT>::SubscriptionTopicStatisticsSharedPtr = std::shared_ptr<rclcpp::topic_statistics::SubscriptionTopicStatistics<sensor_msgs::msg::LaserScan_<std::allocator<void> > > >][m[K’
[13.144s]   130 |   [01;36m[KSubscription[m[K(
[13.144s]       |   [01;36m[K^~~~~~~~~~~~[m[K
[13.145s] [01m[K/opt/ros/humble/include/rclcpp/rclcpp/subscription.hpp:130:3:[m[K [01;36m[Knote: [m[K  candidate expects 8 arguments, 0 provided
[13.153s] [01m[K/home/bhavesh/Documents/AutonomousNavigationAndCollisionAvoidanceBot/AIHTsim/src/tinyml_model/src/rfModel.cpp:8:44:[m[K [01;31m[Kerror: [m[Kno matching function for call to ‘[01m[Krclcpp::Publisher<geometry_msgs::msg::Twist_<std::allocator<void> > >::Publisher()[m[K’
[13.154s]     8 |   ScanSubscriber() : Node("scan_subscriber"[01;31m[K)[m[K {
[13.154s]       |                                            [01;31m[K^[m[K
[13.154s] In file included from [01m[K/opt/ros/humble/include/rclcpp/rclcpp/topic_statistics/subscription_topic_statistics.hpp:31[m[K,
[13.154s]                  from [01m[K/opt/ros/humble/include/rclcpp/rclcpp/subscription.hpp:50[m[K,
[13.155s]                  from [01m[K/opt/ros/humble/include/rclcpp/rclcpp/any_executable.hpp:25[m[K,
[13.155s]                  from [01m[K/opt/ros/humble/include/rclcpp/rclcpp/memory_strategy.hpp:25[m[K,
[13.155s]                  from [01m[K/opt/ros/humble/include/rclcpp/rclcpp/memory_strategies.hpp:18[m[K,
[13.156s]                  from [01m[K/opt/ros/humble/include/rclcpp/rclcpp/executor_options.hpp:20[m[K,
[13.156s]                  from [01m[K/opt/ros/humble/include/rclcpp/rclcpp/executor.hpp:37[m[K,
[13.156s]                  from [01m[K/opt/ros/humble/include/rclcpp/rclcpp/executors/multi_threaded_executor.hpp:25[m[K,
[13.157s]                  from [01m[K/opt/ros/humble/include/rclcpp/rclcpp/executors.hpp:21[m[K,
[13.157s]                  from [01m[K/opt/ros/humble/include/rclcpp/rclcpp/rclcpp.hpp:155[m[K,
[13.158s]                  from [01m[K/home/bhavesh/Documents/AutonomousNavigationAndCollisionAvoidanceBot/AIHTsim/src/tinyml_model/src/rfModel.cpp:1[m[K:
[13.158s] [01m[K/opt/ros/humble/include/rclcpp/rclcpp/publisher.hpp:125:3:[m[K [01;36m[Knote: [m[Kcandidate: ‘[01m[Krclcpp::Publisher<MessageT, AllocatorT>::Publisher(rclcpp::node_interfaces::NodeBaseInterface*, const string&, const rclcpp::QoS&, const rclcpp::PublisherOptionsWithAllocator<AllocatorT>&) [with MessageT = geometry_msgs::msg::Twist_<std::allocator<void> >; AllocatorT = std::allocator<void>; std::string = std::__cxx11::basic_string<char>][m[K’
[13.158s]   125 |   [01;36m[KPublisher[m[K(
[13.159s]       |   [01;36m[K^~~~~~~~~[m[K
[13.159s] [01m[K/opt/ros/humble/include/rclcpp/rclcpp/publisher.hpp:125:3:[m[K [01;36m[Knote: [m[K  candidate expects 4 arguments, 0 provided
[13.159s] [01m[K/opt/ros/humble/include/rclcpp/rclcpp/publisher.hpp:77:7:[m[K [01;36m[Knote: [m[Kcandidate: ‘[01m[Krclcpp::Publisher<geometry_msgs::msg::Twist_<std::allocator<void> > >::Publisher(const rclcpp::Publisher<geometry_msgs::msg::Twist_<std::allocator<void> > >&)[m[K’
[13.160s]    77 | class [01;36m[KPublisher[m[K : public PublisherBase
[13.160s]       |       [01;36m[K^~~~~~~~~[m[K
[13.160s] [01m[K/opt/ros/humble/include/rclcpp/rclcpp/publisher.hpp:77:7:[m[K [01;36m[Knote: [m[K  candidate expects 1 argument, 0 provided
[13.196s] [01m[K/home/bhavesh/Documents/AutonomousNavigationAndCollisionAvoidanceBot/AIHTsim/src/tinyml_model/src/rfModel.cpp:9:157:[m[K [01;31m[Kerror: [m[Kno match for ‘[01m[Koperator=[m[K’ (operand types are ‘[01m[Krclcpp::Subscription<sensor_msgs::msg::LaserScan_<std::allocator<void> > >[m[K’ and ‘[01m[Kstd::shared_ptr<rclcpp::Subscription<sensor_msgs::msg::LaserScan_<std::allocator<void> > > >[m[K’)
[13.197s]     9 | std::bind(&ScanSubscriber::scanCallback, this, std::placeholders::_1)[01;31m[K)[m[K;
[13.197s]       |                                                                      [01;31m[K^[m[K
[13.198s] 
[13.198s] In file included from [01m[K/opt/ros/humble/include/rclcpp/rclcpp/context.hpp:34[m[K,
[13.199s]                  from [01m[K/opt/ros/humble/include/rclcpp/rclcpp/executor.hpp:34[m[K,
[13.199s]                  from [01m[K/opt/ros/humble/include/rclcpp/rclcpp/executors/multi_threaded_executor.hpp:25[m[K,
[13.200s]                  from [01m[K/opt/ros/humble/include/rclcpp/rclcpp/executors.hpp:21[m[K,
[13.200s]                  from [01m[K/opt/ros/humble/include/rclcpp/rclcpp/rclcpp.hpp:155[m[K,
[13.201s]                  from [01m[K/home/bhavesh/Documents/AutonomousNavigationAndCollisionAvoidanceBot/AIHTsim/src/tinyml_model/src/rfModel.cpp:1[m[K:
[13.201s] [01m[K/opt/ros/humble/include/rclcpp/rclcpp/subscription.hpp:421:3:[m[K [01;36m[Knote: [m[Kcandidate: ‘[01m[Krclcpp::Subscription<MessageT, AllocatorT, SubscribedT, ROSMessageT, MessageMemoryStrategyT>& rclcpp::Subscription<MessageT, AllocatorT, SubscribedT, ROSMessageT, MessageMemoryStrategyT>::operator=(const rclcpp::Subscription<MessageT, AllocatorT, SubscribedT, ROSMessageT, MessageMemoryStrategyT>&) [with MessageT = sensor_msgs::msg::LaserScan_<std::allocator<void> >; AllocatorT = std::allocator<void>; SubscribedT = sensor_msgs::msg::LaserScan_<std::allocator<void> >; ROSMessageT = sensor_msgs::msg::LaserScan_<std::allocator<void> >; MessageMemoryStrategyT = rclcpp::message_memory_strategy::MessageMemoryStrategy<sensor_msgs::msg::LaserScan_<std::allocator<void> >, std::allocator<void> >][m[K’ (deleted)
[13.201s]   421 |   [01;36m[KRCLCPP_DISABLE_COPY[m[K(Subscription)
[13.202s]       |   [01;36m[K^~~~~~~~~~~~~~~~~~~[m[K
[13.202s] [01m[K/opt/ros/humble/include/rclcpp/rclcpp/subscription.hpp:421:3:[m[K [01;36m[Knote: [m[K  no known conversion for argument 1 from ‘[01m[Kstd::shared_ptr<rclcpp::Subscription<sensor_msgs::msg::LaserScan_<std::allocator<void> > > >[m[K’ to ‘[01m[Kconst rclcpp::Subscription<sensor_msgs::msg::LaserScan_<std::allocator<void> > >&[m[K’
[13.202s]   421 |   [01;36m[KRCLCPP_DISABLE_COPY[m[K(Subscription)
[13.203s]       |   [01;36m[K^~~~~~~~~~~~~~~~~~~[m[K
[13.212s] [01m[K/home/bhavesh/Documents/AutonomousNavigationAndCollisionAvoidanceBot/AIHTsim/src/tinyml_model/src/rfModel.cpp:10:89:[m[K [01;31m[Kerror: [m[Kno match for ‘[01m[Koperator=[m[K’ (operand types are ‘[01m[Krclcpp::Publisher<geometry_msgs::msg::Twist_<std::allocator<void> > >[m[K’ and ‘[01m[Kstd::shared_ptr<rclcpp::Publisher<geometry_msgs::msg::Twist_<std::allocator<void> > > >[m[K’)
[13.213s]    10 | er_ = this->create_publisher<geometry_msgs::msg::Twist>("cmd_vel", 10[01;31m[K)[m[K;
[13.213s]       |                                                                      [01;31m[K^[m[K
[13.213s] 
[13.213s] In file included from [01m[K/opt/ros/humble/include/rclcpp/rclcpp/topic_statistics/subscription_topic_statistics.hpp:31[m[K,
[13.214s]                  from [01m[K/opt/ros/humble/include/rclcpp/rclcpp/subscription.hpp:50[m[K,
[13.214s]                  from [01m[K/opt/ros/humble/include/rclcpp/rclcpp/any_executable.hpp:25[m[K,
[13.214s]                  from [01m[K/opt/ros/humble/include/rclcpp/rclcpp/memory_strategy.hpp:25[m[K,
[13.215s]                  from [01m[K/opt/ros/humble/include/rclcpp/rclcpp/memory_strategies.hpp:18[m[K,
[13.215s]                  from [01m[K/opt/ros/humble/include/rclcpp/rclcpp/executor_options.hpp:20[m[K,
[13.215s]                  from [01m[K/opt/ros/humble/include/rclcpp/rclcpp/executor.hpp:37[m[K,
[13.216s]                  from [01m[K/opt/ros/humble/include/rclcpp/rclcpp/executors/multi_threaded_executor.hpp:25[m[K,
[13.216s]                  from [01m[K/opt/ros/humble/include/rclcpp/rclcpp/executors.hpp:21[m[K,
[13.216s]                  from [01m[K/opt/ros/humble/include/rclcpp/rclcpp/rclcpp.hpp:155[m[K,
[13.216s]                  from [01m[K/home/bhavesh/Documents/AutonomousNavigationAndCollisionAvoidanceBot/AIHTsim/src/tinyml_model/src/rfModel.cpp:1[m[K:
[13.217s] [01m[K/opt/ros/humble/include/rclcpp/rclcpp/publisher.hpp:77:7:[m[K [01;36m[Knote: [m[Kcandidate: ‘[01m[Krclcpp::Publisher<geometry_msgs::msg::Twist_<std::allocator<void> > >& rclcpp::Publisher<geometry_msgs::msg::Twist_<std::allocator<void> > >::operator=(const rclcpp::Publisher<geometry_msgs::msg::Twist_<std::allocator<void> > >&)[m[K’ (deleted)
[13.217s]    77 | class [01;36m[KPublisher[m[K : public PublisherBase
[13.217s]       |       [01;36m[K^~~~~~~~~[m[K
[13.218s] [01m[K/opt/ros/humble/include/rclcpp/rclcpp/publisher.hpp:77:7:[m[K [01;36m[Knote: [m[K  no known conversion for argument 1 from ‘[01m[Kstd::shared_ptr<rclcpp::Publisher<geometry_msgs::msg::Twist_<std::allocator<void> > > >[m[K’ to ‘[01m[Kconst rclcpp::Publisher<geometry_msgs::msg::Twist_<std::allocator<void> > >&[m[K’
[13.218s] [01m[K/home/bhavesh/Documents/AutonomousNavigationAndCollisionAvoidanceBot/AIHTsim/src/tinyml_model/src/rfModel.cpp:[m[K In member function ‘[01m[Kvoid ScanSubscriber::scanCallback(sensor_msgs::msg::LaserScan)[m[K’:
[13.218s] [01m[K/home/bhavesh/Documents/AutonomousNavigationAndCollisionAvoidanceBot/AIHTsim/src/tinyml_model/src/rfModel.cpp:17:51:[m[K [01;31m[Kerror: [m[Kcannot convert ‘[01m[Kconst _ranges_type[m[K’ {aka ‘[01m[Kconst std::vector<float>[m[K’} to ‘[01m[Kfloat*[m[K’
[13.218s]    17 |     int class_index = classifier.predict([01;31m[Kscan_msg.ranges[m[K);
[13.219s]       |                                          [01;31m[K~~~~~~~~~^~~~~~[m[K
[13.219s]       |                                                   [01;31m[K|[m[K
[13.219s]       |                                                   [01;31m[Kconst _ranges_type {aka const std::vector<float>}[m[K
[13.231s] In file included from [01m[K/home/bhavesh/Documents/AutonomousNavigationAndCollisionAvoidanceBot/AIHTsim/src/tinyml_model/src/rfModel.cpp:4[m[K:
[13.231s] [01m[K/home/bhavesh/Documents/AutonomousNavigationAndCollisionAvoidanceBot/bag_files/model.h:12:40:[m[K [01;36m[Knote: [m[K  initializing argument 1 of ‘[01m[Kint Eloquent::ML::Port::RandomForest::predict(float*)[m[K’
[13.232s]    12 |                     int predict([01;36m[Kfloat *x[m[K) {
[13.232s]       |                                 [01;36m[K~~~~~~~^[m[K
[13.232s] [01m[K/home/bhavesh/Documents/AutonomousNavigationAndCollisionAvoidanceBot/AIHTsim/src/tinyml_model/src/rfModel.cpp:32:23:[m[K [01;31m[Kerror: [m[Kbase operand of ‘[01m[K->[m[K’ has non-pointer type ‘[01m[Krclcpp::Publisher<geometry_msgs::msg::Twist_<std::allocator<void> > >[m[K’
[13.232s]    32 |     command_publisher_[01;31m[K->[m[Kpublish(cmd_vel);
[13.233s]       |                       [01;31m[K^~[m[K
[22.607s] gmake[2]: *** [CMakeFiles/rfModel.dir/build.make:76: CMakeFiles/rfModel.dir/src/rfModel.cpp.o] Error 1
[22.608s] gmake[1]: *** [CMakeFiles/Makefile2:137: CMakeFiles/rfModel.dir/all] Error 2
[22.609s] gmake: *** [Makefile:146: all] Error 2
[22.617s] Invoked command in '/home/bhavesh/Documents/AutonomousNavigationAndCollisionAvoidanceBot/AIHTsim/build/tinyml_model' returned '2': CMAKE_PREFIX_PATH=/opt/ros/humble /usr/bin/cmake --build /home/bhavesh/Documents/AutonomousNavigationAndCollisionAvoidanceBot/AIHTsim/build/tinyml_model -- -j8 -l8
