[1.821s] Invoking command in '/home/bhavesh/Documents/AutonomousNavigationAndCollisionAvoidanceBot/AIHTsim/build/tinyML_model': CMAKE_PREFIX_PATH=/opt/ros/humble /usr/bin/cmake /home/bhavesh/Documents/AutonomousNavigationAndCollisionAvoidanceBot/AIHTsim/src/tinyML_model -DAMENT_CMAKE_SYMLINK_INSTALL=1 -DCMAKE_INSTALL_PREFIX=/home/bhavesh/Documents/AutonomousNavigationAndCollisionAvoidanceBot/AIHTsim/install/tinyML_model
[2.110s] -- The C compiler identification is GNU 11.4.0
[2.406s] -- The CXX compiler identification is GNU 11.4.0
[2.457s] -- Detecting C compiler ABI info
[2.839s] -- Detecting C compiler ABI info - done
[2.914s] -- Check for working C compiler: /usr/bin/cc - skipped
[2.915s] -- Detecting C compile features
[2.916s] -- Detecting C compile features - done
[2.933s] -- Detecting CXX compiler ABI info
[3.308s] -- Detecting CXX compiler ABI info - done
[3.359s] -- Check for working CXX compiler: /usr/bin/c++ - skipped
[3.361s] -- Detecting CXX compile features
[3.364s] -- Detecting CXX compile features - done
[3.394s] -- Found ament_cmake: 1.3.6 (/opt/ros/humble/share/ament_cmake/cmake)
[4.212s] -- Found Python3: /usr/bin/python3.10 (found version "3.10.12") found components: Interpreter 
[4.500s] -- Override CMake install command with custom implementation using symlinks instead of copying resources
[4.649s] -- Found rclcpp: 16.0.7 (/opt/ros/humble/share/rclcpp/cmake)
[5.038s] -- Found rosidl_generator_c: 3.1.5 (/opt/ros/humble/share/rosidl_generator_c/cmake)
[5.080s] -- Found rosidl_adapter: 3.1.5 (/opt/ros/humble/share/rosidl_adapter/cmake)
[5.140s] -- Found rosidl_generator_cpp: 3.1.5 (/opt/ros/humble/share/rosidl_generator_cpp/cmake)
[5.212s] -- Using all available rosidl_typesupport_c: rosidl_typesupport_fastrtps_c;rosidl_typesupport_introspection_c
[5.921s] -- Using all available rosidl_typesupport_cpp: rosidl_typesupport_fastrtps_cpp;rosidl_typesupport_introspection_cpp
[6.570s] -- Found rmw_implementation_cmake: 6.1.1 (/opt/ros/humble/share/rmw_implementation_cmake/cmake)
[6.585s] -- Found rmw_fastrtps_cpp: 6.2.5 (/opt/ros/humble/share/rmw_fastrtps_cpp/cmake)
[7.087s] -- Found OpenSSL: /usr/lib/x86_64-linux-gnu/libcrypto.so (found version "3.0.2")  
[7.226s] -- Found FastRTPS: /opt/ros/humble/include  
[7.466s] -- Using RMW implementation 'rmw_fastrtps_cpp' as default
[7.521s] -- Looking for pthread.h
[7.845s] -- Looking for pthread.h - found
[7.848s] -- Performing Test CMAKE_HAVE_LIBC_PTHREAD
[8.176s] -- Performing Test CMAKE_HAVE_LIBC_PTHREAD - Success
[8.183s] -- Found Threads: TRUE  
[9.079s] -- Found ament_lint_auto: 0.12.9 (/opt/ros/humble/share/ament_lint_auto/cmake)
[9.337s] WARNING: Package name "tinyML_model" does not follow the naming conventions. It should start with a lower case letter and only contain lower case letters, digits, underscores, and dashes.
[9.465s] -- Added test 'cppcheck' to perform static code analysis on C / C++ code
[9.466s] -- Configured cppcheck include dirs: 
[9.467s] -- Configured cppcheck exclude dirs and/or files: 
[9.470s] -- Added test 'lint_cmake' to check CMake code style
[9.476s] -- Added test 'uncrustify' to check C / C++ code style
[9.476s] -- Configured uncrustify additional arguments: 
[9.479s] -- Added test 'xmllint' to check XML markup files
[9.486s] -- Configuring done
[9.501s] [31mCMake Error at CMakeLists.txt:17 (add_executable):
[9.502s]   Cannot find source file:
[9.502s] 
[9.503s]     src/model1.cpp
[9.504s] 
[9.504s]   Tried extensions .c .C .c++ .cc .cpp .cxx .cu .mpp .m .M .mm .ixx .cppm .h
[9.505s]   .hh .h++ .hm .hpp .hxx .in .txx .f .F .for .f77 .f90 .f95 .f03 .hip .ispc
[9.506s] 
[9.506s] [0m
[9.507s] [31mCMake Error at CMakeLists.txt:17 (add_executable):
[9.508s]   No SOURCES given to target: talker
[9.508s] 
[9.509s] [0m
[9.509s] [0mCMake Generate step failed.  Build files cannot be regenerated correctly.[0m
[9.543s] Invoked command in '/home/bhavesh/Documents/AutonomousNavigationAndCollisionAvoidanceBot/AIHTsim/build/tinyML_model' returned '1': CMAKE_PREFIX_PATH=/opt/ros/humble /usr/bin/cmake /home/bhavesh/Documents/AutonomousNavigationAndCollisionAvoidanceBot/AIHTsim/src/tinyML_model -DAMENT_CMAKE_SYMLINK_INSTALL=1 -DCMAKE_INSTALL_PREFIX=/home/bhavesh/Documents/AutonomousNavigationAndCollisionAvoidanceBot/AIHTsim/install/tinyML_model
