[3.977s] Invoking command in '/home/bhavesh/Documents/AutonomousNavigationAndCollisionAvoidanceBot/AIHTsim/build/ml_model': PYTHONPATH=/home/bhavesh/Documents/AutonomousNavigationAndCollisionAvoidanceBot/AIHTsim/build/ml_model/prefix_override:/home/bhavesh/Documents/AutonomousNavigationAndCollisionAvoidanceBot/AIHTsim/install/ml_model/lib/python3.10/site-packages:${PYTHONPATH} /usr/bin/python3 setup.py develop --editable --build-directory /home/bhavesh/Documents/AutonomousNavigationAndCollisionAvoidanceBot/AIHTsim/build/ml_model/build --no-deps install_data
[5.359s] running develop
[5.360s] /usr/lib/python3/dist-packages/setuptools/command/easy_install.py:158: EasyInstallDeprecationWarning: easy_install command is deprecated. Use build and pip and other standards-based tools.
[5.361s]   warnings.warn(
[5.366s] /usr/lib/python3/dist-packages/setuptools/command/install.py:34: SetuptoolsDeprecationWarning: setup.py install is deprecated. Use build and pip and other standards-based tools.
[5.366s]   warnings.warn(
[6.360s] running egg_info
[6.361s] writing ml_model.egg-info/PKG-INFO
[6.362s] writing dependency_links to ml_model.egg-info/dependency_links.txt
[6.363s] writing entry points to ml_model.egg-info/entry_points.txt
[6.364s] writing requirements to ml_model.egg-info/requires.txt
[6.364s] writing top-level names to ml_model.egg-info/top_level.txt
[6.372s] reading manifest file 'ml_model.egg-info/SOURCES.txt'
[6.375s] writing manifest file 'ml_model.egg-info/SOURCES.txt'
[6.381s] running build_ext
[6.381s] Creating /home/bhavesh/Documents/AutonomousNavigationAndCollisionAvoidanceBot/AIHTsim/install/ml_model/lib/python3.10/site-packages/ml-model.egg-link (link to .)
[6.385s] Installing model script to /home/bhavesh/Documents/AutonomousNavigationAndCollisionAvoidanceBot/AIHTsim/install/ml_model/lib/ml_model
[6.386s] 
[6.387s] Installed /home/bhavesh/Documents/AutonomousNavigationAndCollisionAvoidanceBot/AIHTsim/build/ml_model
[6.387s] running install_data
[6.491s] Invoked command in '/home/bhavesh/Documents/AutonomousNavigationAndCollisionAvoidanceBot/AIHTsim/build/ml_model' returned '0': PYTHONPATH=/home/bhavesh/Documents/AutonomousNavigationAndCollisionAvoidanceBot/AIHTsim/build/ml_model/prefix_override:/home/bhavesh/Documents/AutonomousNavigationAndCollisionAvoidanceBot/AIHTsim/install/ml_model/lib/python3.10/site-packages:${PYTHONPATH} /usr/bin/python3 setup.py develop --editable --build-directory /home/bhavesh/Documents/AutonomousNavigationAndCollisionAvoidanceBot/AIHTsim/build/ml_model/build --no-deps install_data
