[3.901s] DEBUG:colcon:Command line arguments: ['/usr/bin/colcon', 'build', '--symlink-install']
[3.902s] DEBUG:colcon:Parsed command line arguments: Namespace(log_base=None, log_level=None, verb_name='build', build_base='build', install_base='install', merge_install=False, symlink_install=True, test_result_base=None, continue_on_error=False, executor='parallel', parallel_workers=8, event_handlers=None, ignore_user_meta=False, metas=['./colcon.meta'], base_paths=['.'], packages_ignore=None, packages_ignore_regex=None, paths=None, packages_up_to=None, packages_up_to_regex=None, packages_above=None, packages_above_and_dependencies=None, packages_above_depth=None, packages_select_by_dep=None, packages_skip_by_dep=None, packages_skip_up_to=None, packages_select_build_failed=False, packages_skip_build_finished=False, packages_select_test_failures=False, packages_skip_test_passed=False, packages_select=None, packages_skip=None, packages_select_regex=None, packages_skip_regex=None, packages_start=None, packages_end=None, allow_overriding=[], cmake_args=None, cmake_target=None, cmake_target_skip_unavailable=False, cmake_clean_cache=False, cmake_clean_first=False, cmake_force_configure=False, ament_cmake_args=None, catkin_cmake_args=None, catkin_skip_building_tests=False, verb_parser=<colcon_defaults.argument_parser.defaults.DefaultArgumentsDecorator object at 0x7fd71f6f9930>, verb_extension=<colcon_core.verb.build.BuildVerb object at 0x7fd71f6fba00>, main=<bound method BuildVerb.main of <colcon_core.verb.build.BuildVerb object at 0x7fd71f6fba00>>)
[4.079s] Level 1:colcon.colcon_core.package_discovery:discover_packages(colcon_meta) check parameters
[4.079s] Level 1:colcon.colcon_core.package_discovery:discover_packages(recursive) check parameters
[4.079s] Level 1:colcon.colcon_core.package_discovery:discover_packages(ignore) check parameters
[4.079s] Level 1:colcon.colcon_core.package_discovery:discover_packages(path) check parameters
[4.079s] Level 1:colcon.colcon_core.package_discovery:discover_packages(colcon_meta) discover
[4.079s] Level 1:colcon.colcon_core.package_discovery:discover_packages(recursive) discover
[4.080s] INFO:colcon.colcon_core.package_discovery:Crawling recursively for packages in '/home/bhavesh/Documents/AIHT'
[4.080s] Level 1:colcon.colcon_core.package_identification:_identify(.) by extensions ['ignore', 'ignore_ament_install']
[4.080s] Level 1:colcon.colcon_core.package_identification:_identify(.) by extension 'ignore'
[4.080s] Level 1:colcon.colcon_core.package_identification:_identify(.) by extension 'ignore_ament_install'
[4.081s] Level 1:colcon.colcon_core.package_identification:_identify(.) by extensions ['colcon_pkg']
[4.081s] Level 1:colcon.colcon_core.package_identification:_identify(.) by extension 'colcon_pkg'
[4.081s] Level 1:colcon.colcon_core.package_identification:_identify(.) by extensions ['colcon_meta']
[4.081s] Level 1:colcon.colcon_core.package_identification:_identify(.) by extension 'colcon_meta'
[4.081s] Level 1:colcon.colcon_core.package_identification:_identify(.) by extensions ['ros']
[4.081s] Level 1:colcon.colcon_core.package_identification:_identify(.) by extension 'ros'
[4.115s] Level 1:colcon.colcon_core.package_identification:_identify(.) by extensions ['cmake', 'python']
[4.115s] Level 1:colcon.colcon_core.package_identification:_identify(.) by extension 'cmake'
[4.115s] Level 1:colcon.colcon_core.package_identification:_identify(.) by extension 'python'
[4.115s] Level 1:colcon.colcon_core.package_identification:_identify(.) by extensions ['python_setup_py']
[4.116s] Level 1:colcon.colcon_core.package_identification:_identify(.) by extension 'python_setup_py'
[4.116s] Level 1:colcon.colcon_core.package_identification:_identify(build) by extensions ['ignore', 'ignore_ament_install']
[4.116s] Level 1:colcon.colcon_core.package_identification:_identify(build) by extension 'ignore'
[4.116s] Level 1:colcon.colcon_core.package_identification:_identify(build) ignored
[4.117s] Level 1:colcon.colcon_core.package_identification:_identify(install) by extensions ['ignore', 'ignore_ament_install']
[4.117s] Level 1:colcon.colcon_core.package_identification:_identify(install) by extension 'ignore'
[4.117s] Level 1:colcon.colcon_core.package_identification:_identify(install) ignored
[4.118s] Level 1:colcon.colcon_core.package_identification:_identify(log) by extensions ['ignore', 'ignore_ament_install']
[4.118s] Level 1:colcon.colcon_core.package_identification:_identify(log) by extension 'ignore'
[4.118s] Level 1:colcon.colcon_core.package_identification:_identify(log) ignored
[4.118s] Level 1:colcon.colcon_core.package_identification:_identify(src) by extensions ['ignore', 'ignore_ament_install']
[4.119s] Level 1:colcon.colcon_core.package_identification:_identify(src) by extension 'ignore'
[4.119s] Level 1:colcon.colcon_core.package_identification:_identify(src) by extension 'ignore_ament_install'
[4.119s] Level 1:colcon.colcon_core.package_identification:_identify(src) by extensions ['colcon_pkg']
[4.119s] Level 1:colcon.colcon_core.package_identification:_identify(src) by extension 'colcon_pkg'
[4.119s] Level 1:colcon.colcon_core.package_identification:_identify(src) by extensions ['colcon_meta']
[4.119s] Level 1:colcon.colcon_core.package_identification:_identify(src) by extension 'colcon_meta'
[4.120s] Level 1:colcon.colcon_core.package_identification:_identify(src) by extensions ['ros']
[4.120s] Level 1:colcon.colcon_core.package_identification:_identify(src) by extension 'ros'
[4.120s] Level 1:colcon.colcon_core.package_identification:_identify(src) by extensions ['cmake', 'python']
[4.120s] Level 1:colcon.colcon_core.package_identification:_identify(src) by extension 'cmake'
[4.120s] Level 1:colcon.colcon_core.package_identification:_identify(src) by extension 'python'
[4.120s] Level 1:colcon.colcon_core.package_identification:_identify(src) by extensions ['python_setup_py']
[4.121s] Level 1:colcon.colcon_core.package_identification:_identify(src) by extension 'python_setup_py'
[4.121s] Level 1:colcon.colcon_core.package_identification:_identify(src/AIHT) by extensions ['ignore', 'ignore_ament_install']
[4.121s] Level 1:colcon.colcon_core.package_identification:_identify(src/AIHT) by extension 'ignore'
[4.121s] Level 1:colcon.colcon_core.package_identification:_identify(src/AIHT) by extension 'ignore_ament_install'
[4.122s] Level 1:colcon.colcon_core.package_identification:_identify(src/AIHT) by extensions ['colcon_pkg']
[4.122s] Level 1:colcon.colcon_core.package_identification:_identify(src/AIHT) by extension 'colcon_pkg'
[4.122s] Level 1:colcon.colcon_core.package_identification:_identify(src/AIHT) by extensions ['colcon_meta']
[4.122s] Level 1:colcon.colcon_core.package_identification:_identify(src/AIHT) by extension 'colcon_meta'
[4.122s] Level 1:colcon.colcon_core.package_identification:_identify(src/AIHT) by extensions ['ros']
[4.122s] Level 1:colcon.colcon_core.package_identification:_identify(src/AIHT) by extension 'ros'
[4.129s] DEBUG:colcon.colcon_core.package_identification:Found ROS schema reference in package manifest in 'src/AIHT'
[4.130s] WARNING:colcon.colcon_core.package_identification:Failed to parse ROS package manifest in 'src/AIHT': Error(s) in package 'src/AIHT/package.xml':
Package 'aiht_bot' must declare at least one maintainer
[4.130s] Level 1:colcon.colcon_core.package_identification:_identify(src/AIHT) by extensions ['cmake', 'python']
[4.130s] Level 1:colcon.colcon_core.package_identification:_identify(src/AIHT) by extension 'cmake'
[4.134s] Level 1:colcon.colcon_core.package_identification:_identify(src/AIHT) by extension 'python'
[4.134s] DEBUG:colcon.colcon_core.package_identification:Package 'src/AIHT' with type 'cmake' and name 'aiht_bot'
[4.134s] Level 1:colcon.colcon_core.package_discovery:discover_packages(recursive) using defaults
[4.135s] Level 1:colcon.colcon_core.package_discovery:discover_packages(ignore) discover
[4.135s] Level 1:colcon.colcon_core.package_discovery:discover_packages(ignore) using defaults
[4.135s] Level 1:colcon.colcon_core.package_discovery:discover_packages(path) discover
[4.135s] Level 1:colcon.colcon_core.package_discovery:discover_packages(path) using defaults
[4.478s] Level 1:colcon.colcon_core.package_discovery:discover_packages(prefix_path) check parameters
[4.478s] Level 1:colcon.colcon_core.package_discovery:discover_packages(prefix_path) discover
[4.586s] DEBUG:colcon.colcon_installed_package_information.package_discovery:Found 2 installed packages in /home/bhavesh/Documents/AIHT/install
[4.658s] DEBUG:colcon.colcon_installed_package_information.package_discovery:Found 391 installed packages in /opt/ros/humble
[4.666s] Level 1:colcon.colcon_core.package_discovery:discover_packages(prefix_path) using defaults
[5.092s] Level 5:colcon.colcon_core.verb:set package 'aiht_bot' build argument 'cmake_args' from command line to 'None'
[5.092s] Level 5:colcon.colcon_core.verb:set package 'aiht_bot' build argument 'cmake_target' from command line to 'None'
[5.093s] Level 5:colcon.colcon_core.verb:set package 'aiht_bot' build argument 'cmake_target_skip_unavailable' from command line to 'False'
[5.093s] Level 5:colcon.colcon_core.verb:set package 'aiht_bot' build argument 'cmake_clean_cache' from command line to 'False'
[5.093s] Level 5:colcon.colcon_core.verb:set package 'aiht_bot' build argument 'cmake_clean_first' from command line to 'False'
[5.093s] Level 5:colcon.colcon_core.verb:set package 'aiht_bot' build argument 'cmake_force_configure' from command line to 'False'
[5.093s] Level 5:colcon.colcon_core.verb:set package 'aiht_bot' build argument 'ament_cmake_args' from command line to 'None'
[5.093s] Level 5:colcon.colcon_core.verb:set package 'aiht_bot' build argument 'catkin_cmake_args' from command line to 'None'
[5.093s] Level 5:colcon.colcon_core.verb:set package 'aiht_bot' build argument 'catkin_skip_building_tests' from command line to 'False'
[5.093s] DEBUG:colcon.colcon_core.verb:Building package 'aiht_bot' with the following arguments: {'ament_cmake_args': None, 'build_base': '/home/bhavesh/Documents/AIHT/build/aiht_bot', 'catkin_cmake_args': None, 'catkin_skip_building_tests': False, 'cmake_args': None, 'cmake_clean_cache': False, 'cmake_clean_first': False, 'cmake_force_configure': False, 'cmake_target': None, 'cmake_target_skip_unavailable': False, 'install_base': '/home/bhavesh/Documents/AIHT/install/aiht_bot', 'merge_install': False, 'path': '/home/bhavesh/Documents/AIHT/src/AIHT', 'symlink_install': True, 'test_result_base': None}
[5.145s] INFO:colcon.colcon_core.executor:Executing jobs using 'parallel' executor
[5.214s] DEBUG:colcon.colcon_parallel_executor.executor.parallel:run_until_complete
[5.215s] INFO:colcon.colcon_cmake.task.cmake.build:Building CMake package in '/home/bhavesh/Documents/AIHT/src/AIHT'
[5.296s] INFO:colcon.colcon_core.plugin_system:Skipping extension 'colcon_core.shell.bat': Not used on non-Windows systems
[5.296s] INFO:colcon.colcon_core.shell:Skip shell extension 'powershell' for command environment: Not usable outside of PowerShell
[5.297s] DEBUG:colcon.colcon_core.shell:Skip shell extension 'dsv' for command environment
[5.520s] DEBUG:colcon.colcon_core.event_handler.log_command:Invoking command in '/home/bhavesh/Documents/AIHT/build/aiht_bot': /usr/bin/cmake /home/bhavesh/Documents/AIHT/src/AIHT -DCMAKE_INSTALL_PREFIX=/home/bhavesh/Documents/AIHT/install/aiht_bot
[6.584s] DEBUG:colcon.colcon_core.event_handler.log_command:Invoked command in '/home/bhavesh/Documents/AIHT/build/aiht_bot' returned '1': /usr/bin/cmake /home/bhavesh/Documents/AIHT/src/AIHT -DCMAKE_INSTALL_PREFIX=/home/bhavesh/Documents/AIHT/install/aiht_bot
[6.595s] DEBUG:colcon.colcon_parallel_executor.executor.parallel:closing loop
[6.596s] DEBUG:colcon.colcon_parallel_executor.executor.parallel:loop closed
[6.596s] DEBUG:colcon.colcon_parallel_executor.executor.parallel:run_until_complete finished with '1'
[6.596s] DEBUG:colcon.colcon_core.event_reactor:joining thread
[6.684s] INFO:colcon.colcon_core.plugin_system:Skipping extension 'colcon_notification.desktop_notification.terminal_notifier': Not used on non-Darwin systems
[6.684s] INFO:colcon.colcon_core.plugin_system:Skipping extension 'colcon_notification.desktop_notification.win32': Not used on non-Windows systems
[6.684s] INFO:colcon.colcon_notification.desktop_notification:Sending desktop notification using 'notify2'
[6.724s] DEBUG:colcon.colcon_core.event_reactor:joined thread
[6.797s] INFO:colcon.colcon_core.shell:Creating prefix script '/home/bhavesh/Documents/AIHT/install/local_setup.ps1'
[6.800s] INFO:colcon.colcon_core.shell:Creating prefix util module '/home/bhavesh/Documents/AIHT/install/_local_setup_util_ps1.py'
[6.805s] INFO:colcon.colcon_core.shell:Creating prefix chain script '/home/bhavesh/Documents/AIHT/install/setup.ps1'
[6.878s] INFO:colcon.colcon_core.shell:Creating prefix script '/home/bhavesh/Documents/AIHT/install/local_setup.sh'
[6.881s] INFO:colcon.colcon_core.shell:Creating prefix util module '/home/bhavesh/Documents/AIHT/install/_local_setup_util_sh.py'
[6.884s] INFO:colcon.colcon_core.shell:Creating prefix chain script '/home/bhavesh/Documents/AIHT/install/setup.sh'
[6.968s] INFO:colcon.colcon_core.shell:Creating prefix script '/home/bhavesh/Documents/AIHT/install/local_setup.bash'
[6.970s] INFO:colcon.colcon_core.shell:Creating prefix chain script '/home/bhavesh/Documents/AIHT/install/setup.bash'
[7.057s] INFO:colcon.colcon_core.shell:Creating prefix script '/home/bhavesh/Documents/AIHT/install/local_setup.zsh'
[7.059s] INFO:colcon.colcon_core.shell:Creating prefix chain script '/home/bhavesh/Documents/AIHT/install/setup.zsh'
