[1.584s] Invoking command in '/home/bhavesh/Documents/AutonomousNavigationAndCollisionAvoidanceBot/AIHTsim/build/tinyml_model': CMAKE_PREFIX_PATH=/opt/ros/humble /usr/bin/cmake --build /home/bhavesh/Documents/AutonomousNavigationAndCollisionAvoidanceBot/AIHTsim/build/tinyml_model -- -j8 -l8
[1.757s] [35m[1mConsolidate compiler generated dependencies of target rfModel[0m
[1.854s] [ 50%] [32mBuilding CXX object CMakeFiles/rfModel.dir/src/rfModel.cpp.o[0m
[13.576s] [01m[K/home/bhavesh/Documents/AutonomousNavigationAndCollisionAvoidanceBot/AIHTsim/src/tinyml_model/src/rfModel.cpp:[m[K In member function ‘[01m[Kvoid ScanSubscriber::scanCallback(sensor_msgs::msg::LaserScan)[m[K’:
[13.576s] [01m[K/home/bhavesh/Documents/AutonomousNavigationAndCollisionAvoidanceBot/AIHTsim/src/tinyml_model/src/rfModel.cpp:17:11:[m[K [01;31m[Kerror: [m[Kexpected identifier before numeric constant
[13.576s]    17 |     float[[01;31m[K360[m[K] ranges = {0};
[13.577s]       |           [01;31m[K^~~[m[K
[13.577s] [01m[K/home/bhavesh/Documents/AutonomousNavigationAndCollisionAvoidanceBot/AIHTsim/src/tinyml_model/src/rfModel.cpp:17:11:[m[K [01;31m[Kerror: [m[Kexpected ‘[01m[K][m[K’ before numeric constant
[13.577s] [01m[K/home/bhavesh/Documents/AutonomousNavigationAndCollisionAvoidanceBot/AIHTsim/src/tinyml_model/src/rfModel.cpp:17:10:[m[K [01;31m[Kerror: [m[Kstructured binding declaration cannot have type ‘[01m[Kfloat[m[K’
[13.578s]    17 |     float[01;31m[K[[m[K360] ranges = {0};
[13.578s]       |          [01;31m[K^[m[K
[13.578s] [01m[K/home/bhavesh/Documents/AutonomousNavigationAndCollisionAvoidanceBot/AIHTsim/src/tinyml_model/src/rfModel.cpp:17:10:[m[K [01;36m[Knote: [m[Ktype must be cv-qualified ‘[01m[Kauto[m[K’ or reference to cv-qualified ‘[01m[Kauto[m[K’
[13.579s] [01m[K/home/bhavesh/Documents/AutonomousNavigationAndCollisionAvoidanceBot/AIHTsim/src/tinyml_model/src/rfModel.cpp:17:10:[m[K [01;31m[Kerror: [m[Kempty structured binding declaration
[13.579s] [01m[K/home/bhavesh/Documents/AutonomousNavigationAndCollisionAvoidanceBot/AIHTsim/src/tinyml_model/src/rfModel.cpp:17:16:[m[K [01;31m[Kerror: [m[Kexpected initializer before ‘[01m[Kranges[m[K’
[13.579s]    17 |     float[360] [01;31m[Kranges[m[K = {0};
[13.580s]       |                [01;31m[K^~~~~~[m[K
[13.596s] [01m[K/home/bhavesh/Documents/AutonomousNavigationAndCollisionAvoidanceBot/AIHTsim/src/tinyml_model/src/rfModel.cpp:19:9:[m[K [01;31m[Kerror: [m[K‘[01m[Kranges[m[K’ was not declared in this scope
[13.597s]    19 |         [01;31m[Kranges[m[K[i] = scan_msg.ranges[i];
[13.597s]       |         [01;31m[K^~~~~~[m[K
[13.616s] [01m[K/home/bhavesh/Documents/AutonomousNavigationAndCollisionAvoidanceBot/AIHTsim/src/tinyml_model/src/rfModel.cpp:21:42:[m[K [01;31m[Kerror: [m[K‘[01m[Kranges[m[K’ was not declared in this scope
[13.617s]    21 |     int class_index = classifier.predict([01;31m[Kranges[m[K);
[13.617s]       |                                          [01;31m[K^~~~~~[m[K
[13.620s] [01m[K/home/bhavesh/Documents/AutonomousNavigationAndCollisionAvoidanceBot/AIHTsim/src/tinyml_model/src/rfModel.cpp:17:10:[m[K [01;35m[Kwarning: [m[Kunused structured binding declaration [[01;35m[K]8;;https://gcc.gnu.org/onlinedocs/gcc/Warning-Options.html#index-Wunused-variable-Wunused-variable]8;;[m[K]
[13.621s]    17 |     float[01;35m[K[[m[K360] ranges = {0};
[13.621s]       |          [01;35m[K^[m[K
[24.294s] gmake[2]: *** [CMakeFiles/rfModel.dir/build.make:76: CMakeFiles/rfModel.dir/src/rfModel.cpp.o] Error 1
[24.295s] gmake[1]: *** [CMakeFiles/Makefile2:137: CMakeFiles/rfModel.dir/all] Error 2
[24.296s] gmake: *** [Makefile:146: all] Error 2
[24.305s] Invoked command in '/home/bhavesh/Documents/AutonomousNavigationAndCollisionAvoidanceBot/AIHTsim/build/tinyml_model' returned '2': CMAKE_PREFIX_PATH=/opt/ros/humble /usr/bin/cmake --build /home/bhavesh/Documents/AutonomousNavigationAndCollisionAvoidanceBot/AIHTsim/build/tinyml_model -- -j8 -l8
