[0.816s] Invoking command in '/home/bhavesh/Documents/AutonomousNavigationAndCollisionAvoidanceBot/AIHTsim/build/aiht_bot': CMAKE_PREFIX_PATH=/opt/ros/humble /usr/bin/cmake --build /home/bhavesh/Documents/AutonomousNavigationAndCollisionAvoidanceBot/AIHTsim/build/aiht_bot -- -j8 -l8
[2.125s] Invoked command in '/home/bhavesh/Documents/AutonomousNavigationAndCollisionAvoidanceBot/AIHTsim/build/aiht_bot' returned '0': CMAKE_PREFIX_PATH=/opt/ros/humble /usr/bin/cmake --build /home/bhavesh/Documents/AutonomousNavigationAndCollisionAvoidanceBot/AIHTsim/build/aiht_bot -- -j8 -l8
[2.247s] Invoking command in '/home/bhavesh/Documents/AutonomousNavigationAndCollisionAvoidanceBot/AIHTsim/build/aiht_bot': CMAKE_PREFIX_PATH=/opt/ros/humble /usr/bin/cmake --install /home/bhavesh/Documents/AutonomousNavigationAndCollisionAvoidanceBot/AIHTsim/build/aiht_bot
[2.276s] -- Install configuration: ""
[2.280s] -- Execute custom install script
[2.284s] -- Up-to-date symlink: /home/bhavesh/Documents/AutonomousNavigationAndCollisionAvoidanceBot/AIHTsim/install/aiht_bot/share/aiht_bot/config/ball_tracker_params_robot.yaml
[2.285s] -- Up-to-date symlink: /home/bhavesh/Documents/AutonomousNavigationAndCollisionAvoidanceBot/AIHTsim/install/aiht_bot/share/aiht_bot/config/ball_tracker_params_sim.yaml
[2.286s] -- Up-to-date symlink: /home/bhavesh/Documents/AutonomousNavigationAndCollisionAvoidanceBot/AIHTsim/install/aiht_bot/share/aiht_bot/config/drive_bot.rviz
[2.287s] -- Up-to-date symlink: /home/bhavesh/Documents/AutonomousNavigationAndCollisionAvoidanceBot/AIHTsim/install/aiht_bot/share/aiht_bot/config/empty.yaml
[2.288s] -- Up-to-date symlink: /home/bhavesh/Documents/AutonomousNavigationAndCollisionAvoidanceBot/AIHTsim/install/aiht_bot/share/aiht_bot/config/gaz_ros2_ctl_use_sim.yaml
[2.289s] -- Up-to-date symlink: /home/bhavesh/Documents/AutonomousNavigationAndCollisionAvoidanceBot/AIHTsim/install/aiht_bot/share/aiht_bot/config/gazebo_params.yaml
[2.289s] -- Up-to-date symlink: /home/bhavesh/Documents/AutonomousNavigationAndCollisionAvoidanceBot/AIHTsim/install/aiht_bot/share/aiht_bot/config/joystick.yaml
[2.290s] -- Up-to-date symlink: /home/bhavesh/Documents/AutonomousNavigationAndCollisionAvoidanceBot/AIHTsim/install/aiht_bot/share/aiht_bot/config/main.rviz
[2.291s] -- Up-to-date symlink: /home/bhavesh/Documents/AutonomousNavigationAndCollisionAvoidanceBot/AIHTsim/install/aiht_bot/share/aiht_bot/config/map.rviz
[2.292s] -- Up-to-date symlink: /home/bhavesh/Documents/AutonomousNavigationAndCollisionAvoidanceBot/AIHTsim/install/aiht_bot/share/aiht_bot/config/mapper_params_online_async.yaml
[2.293s] -- Up-to-date symlink: /home/bhavesh/Documents/AutonomousNavigationAndCollisionAvoidanceBot/AIHTsim/install/aiht_bot/share/aiht_bot/config/my_controllers.yaml
[2.294s] -- Up-to-date symlink: /home/bhavesh/Documents/AutonomousNavigationAndCollisionAvoidanceBot/AIHTsim/install/aiht_bot/share/aiht_bot/config/nav2_params.yaml
[2.295s] -- Up-to-date symlink: /home/bhavesh/Documents/AutonomousNavigationAndCollisionAvoidanceBot/AIHTsim/install/aiht_bot/share/aiht_bot/config/twist_mux.yaml
[2.295s] -- Up-to-date symlink: /home/bhavesh/Documents/AutonomousNavigationAndCollisionAvoidanceBot/AIHTsim/install/aiht_bot/share/aiht_bot/config/view_bot.rviz
[2.298s] -- Up-to-date symlink: /home/bhavesh/Documents/AutonomousNavigationAndCollisionAvoidanceBot/AIHTsim/install/aiht_bot/share/aiht_bot/description/gazebo_control.xacro
[2.299s] -- Up-to-date symlink: /home/bhavesh/Documents/AutonomousNavigationAndCollisionAvoidanceBot/AIHTsim/install/aiht_bot/share/aiht_bot/description/inertial_macros.xacro
[2.303s] -- Up-to-date symlink: /home/bhavesh/Documents/AutonomousNavigationAndCollisionAvoidanceBot/AIHTsim/install/aiht_bot/share/aiht_bot/description/lidar.xacro
[2.303s] -- Up-to-date symlink: /home/bhavesh/Documents/AutonomousNavigationAndCollisionAvoidanceBot/AIHTsim/install/aiht_bot/share/aiht_bot/description/robot.urdf.xacro
[2.304s] -- Up-to-date symlink: /home/bhavesh/Documents/AutonomousNavigationAndCollisionAvoidanceBot/AIHTsim/install/aiht_bot/share/aiht_bot/description/robot_core.xacro
[2.305s] -- Up-to-date symlink: /home/bhavesh/Documents/AutonomousNavigationAndCollisionAvoidanceBot/AIHTsim/install/aiht_bot/share/aiht_bot/description/ros2_control.xacro
[2.306s] -- Up-to-date symlink: /home/bhavesh/Documents/AutonomousNavigationAndCollisionAvoidanceBot/AIHTsim/install/aiht_bot/share/aiht_bot/launch/joystick.launch.py
[2.307s] -- Up-to-date symlink: /home/bhavesh/Documents/AutonomousNavigationAndCollisionAvoidanceBot/AIHTsim/install/aiht_bot/share/aiht_bot/launch/launch_robot.launch.py
[2.307s] -- Up-to-date symlink: /home/bhavesh/Documents/AutonomousNavigationAndCollisionAvoidanceBot/AIHTsim/install/aiht_bot/share/aiht_bot/launch/launch_sim.launch.py
[2.308s] -- Up-to-date symlink: /home/bhavesh/Documents/AutonomousNavigationAndCollisionAvoidanceBot/AIHTsim/install/aiht_bot/share/aiht_bot/launch/rplidar.launch.py
[2.309s] -- Up-to-date symlink: /home/bhavesh/Documents/AutonomousNavigationAndCollisionAvoidanceBot/AIHTsim/install/aiht_bot/share/aiht_bot/launch/rsp.launch.py
[2.310s] -- Up-to-date symlink: /home/bhavesh/Documents/AutonomousNavigationAndCollisionAvoidanceBot/AIHTsim/install/aiht_bot/share/aiht_bot/worlds/empty.world
[2.310s] -- Up-to-date symlink: /home/bhavesh/Documents/AutonomousNavigationAndCollisionAvoidanceBot/AIHTsim/install/aiht_bot/share/ament_index/resource_index/package_run_dependencies/aiht_bot
[2.311s] -- Up-to-date symlink: /home/bhavesh/Documents/AutonomousNavigationAndCollisionAvoidanceBot/AIHTsim/install/aiht_bot/share/ament_index/resource_index/parent_prefix_path/aiht_bot
[2.312s] -- Up-to-date symlink: /home/bhavesh/Documents/AutonomousNavigationAndCollisionAvoidanceBot/AIHTsim/install/aiht_bot/share/aiht_bot/environment/ament_prefix_path.sh
[2.313s] -- Up-to-date symlink: /home/bhavesh/Documents/AutonomousNavigationAndCollisionAvoidanceBot/AIHTsim/install/aiht_bot/share/aiht_bot/environment/ament_prefix_path.dsv
[2.314s] -- Up-to-date symlink: /home/bhavesh/Documents/AutonomousNavigationAndCollisionAvoidanceBot/AIHTsim/install/aiht_bot/share/aiht_bot/environment/path.sh
[2.315s] -- Up-to-date symlink: /home/bhavesh/Documents/AutonomousNavigationAndCollisionAvoidanceBot/AIHTsim/install/aiht_bot/share/aiht_bot/environment/path.dsv
[2.316s] -- Up-to-date symlink: /home/bhavesh/Documents/AutonomousNavigationAndCollisionAvoidanceBot/AIHTsim/install/aiht_bot/share/aiht_bot/local_setup.bash
[2.318s] -- Up-to-date symlink: /home/bhavesh/Documents/AutonomousNavigationAndCollisionAvoidanceBot/AIHTsim/install/aiht_bot/share/aiht_bot/local_setup.sh
[2.319s] -- Up-to-date symlink: /home/bhavesh/Documents/AutonomousNavigationAndCollisionAvoidanceBot/AIHTsim/install/aiht_bot/share/aiht_bot/local_setup.zsh
[2.320s] -- Up-to-date symlink: /home/bhavesh/Documents/AutonomousNavigationAndCollisionAvoidanceBot/AIHTsim/install/aiht_bot/share/aiht_bot/local_setup.dsv
[2.321s] -- Symlinking: /home/bhavesh/Documents/AutonomousNavigationAndCollisionAvoidanceBot/AIHTsim/install/aiht_bot/share/aiht_bot/package.dsv
[2.360s] -- Up-to-date symlink: /home/bhavesh/Documents/AutonomousNavigationAndCollisionAvoidanceBot/AIHTsim/install/aiht_bot/share/ament_index/resource_index/packages/aiht_bot
[2.361s] -- Up-to-date symlink: /home/bhavesh/Documents/AutonomousNavigationAndCollisionAvoidanceBot/AIHTsim/install/aiht_bot/share/aiht_bot/cmake/aiht_botConfig.cmake
[2.362s] -- Up-to-date symlink: /home/bhavesh/Documents/AutonomousNavigationAndCollisionAvoidanceBot/AIHTsim/install/aiht_bot/share/aiht_bot/cmake/aiht_botConfig-version.cmake
[2.363s] -- Up-to-date symlink: /home/bhavesh/Documents/AutonomousNavigationAndCollisionAvoidanceBot/AIHTsim/install/aiht_bot/share/aiht_bot/package.xml
[2.372s] Invoked command in '/home/bhavesh/Documents/AutonomousNavigationAndCollisionAvoidanceBot/AIHTsim/build/aiht_bot' returned '0': CMAKE_PREFIX_PATH=/opt/ros/humble /usr/bin/cmake --install /home/bhavesh/Documents/AutonomousNavigationAndCollisionAvoidanceBot/AIHTsim/build/aiht_bot
