[4.009s] DEBUG:colcon:Command line arguments: ['/usr/bin/colcon', 'build', '--symlink-install']
[4.009s] DEBUG:colcon:Parsed command line arguments: Namespace(log_base=None, log_level=None, verb_name='build', build_base='build', install_base='install', merge_install=False, symlink_install=True, test_result_base=None, continue_on_error=False, executor='parallel', parallel_workers=8, event_handlers=None, ignore_user_meta=False, metas=['./colcon.meta'], base_paths=['.'], packages_ignore=None, packages_ignore_regex=None, paths=None, packages_up_to=None, packages_up_to_regex=None, packages_above=None, packages_above_and_dependencies=None, packages_above_depth=None, packages_select_by_dep=None, packages_skip_by_dep=None, packages_skip_up_to=None, packages_select_build_failed=False, packages_skip_build_finished=False, packages_select_test_failures=False, packages_skip_test_passed=False, packages_select=None, packages_skip=None, packages_select_regex=None, packages_skip_regex=None, packages_start=None, packages_end=None, allow_overriding=[], cmake_args=None, cmake_target=None, cmake_target_skip_unavailable=False, cmake_clean_cache=False, cmake_clean_first=False, cmake_force_configure=False, ament_cmake_args=None, catkin_cmake_args=None, catkin_skip_building_tests=False, verb_parser=<colcon_defaults.argument_parser.defaults.DefaultArgumentsDecorator object at 0x7efea97d14e0>, verb_extension=<colcon_core.verb.build.BuildVerb object at 0x7efea97d2b90>, main=<bound method BuildVerb.main of <colcon_core.verb.build.BuildVerb object at 0x7efea97d2b90>>)
[4.211s] Level 1:colcon.colcon_core.package_discovery:discover_packages(colcon_meta) check parameters
[4.212s] Level 1:colcon.colcon_core.package_discovery:discover_packages(recursive) check parameters
[4.212s] Level 1:colcon.colcon_core.package_discovery:discover_packages(ignore) check parameters
[4.212s] Level 1:colcon.colcon_core.package_discovery:discover_packages(path) check parameters
[4.212s] Level 1:colcon.colcon_core.package_discovery:discover_packages(colcon_meta) discover
[4.212s] Level 1:colcon.colcon_core.package_discovery:discover_packages(recursive) discover
[4.212s] INFO:colcon.colcon_core.package_discovery:Crawling recursively for packages in '/home/bhavesh/Documents/AutonomousNavigationAndCollisionAvoidanceBot/AIHTsim'
[4.213s] Level 1:colcon.colcon_core.package_identification:_identify(.) by extensions ['ignore', 'ignore_ament_install']
[4.213s] Level 1:colcon.colcon_core.package_identification:_identify(.) by extension 'ignore'
[4.213s] Level 1:colcon.colcon_core.package_identification:_identify(.) by extension 'ignore_ament_install'
[4.213s] Level 1:colcon.colcon_core.package_identification:_identify(.) by extensions ['colcon_pkg']
[4.214s] Level 1:colcon.colcon_core.package_identification:_identify(.) by extension 'colcon_pkg'
[4.214s] Level 1:colcon.colcon_core.package_identification:_identify(.) by extensions ['colcon_meta']
[4.214s] Level 1:colcon.colcon_core.package_identification:_identify(.) by extension 'colcon_meta'
[4.214s] Level 1:colcon.colcon_core.package_identification:_identify(.) by extensions ['ros']
[4.214s] Level 1:colcon.colcon_core.package_identification:_identify(.) by extension 'ros'
[4.254s] Level 1:colcon.colcon_core.package_identification:_identify(.) by extensions ['cmake', 'python']
[4.254s] Level 1:colcon.colcon_core.package_identification:_identify(.) by extension 'cmake'
[4.255s] Level 1:colcon.colcon_core.package_identification:_identify(.) by extension 'python'
[4.255s] Level 1:colcon.colcon_core.package_identification:_identify(.) by extensions ['python_setup_py']
[4.255s] Level 1:colcon.colcon_core.package_identification:_identify(.) by extension 'python_setup_py'
[4.255s] Level 1:colcon.colcon_core.package_identification:_identify(build) by extensions ['ignore', 'ignore_ament_install']
[4.256s] Level 1:colcon.colcon_core.package_identification:_identify(build) by extension 'ignore'
[4.256s] Level 1:colcon.colcon_core.package_identification:_identify(build) ignored
[4.256s] Level 1:colcon.colcon_core.package_identification:_identify(install) by extensions ['ignore', 'ignore_ament_install']
[4.256s] Level 1:colcon.colcon_core.package_identification:_identify(install) by extension 'ignore'
[4.257s] Level 1:colcon.colcon_core.package_identification:_identify(install) ignored
[4.257s] Level 1:colcon.colcon_core.package_identification:_identify(log) by extensions ['ignore', 'ignore_ament_install']
[4.257s] Level 1:colcon.colcon_core.package_identification:_identify(log) by extension 'ignore'
[4.257s] Level 1:colcon.colcon_core.package_identification:_identify(log) ignored
[4.258s] Level 1:colcon.colcon_core.package_identification:_identify(src) by extensions ['ignore', 'ignore_ament_install']
[4.258s] Level 1:colcon.colcon_core.package_identification:_identify(src) by extension 'ignore'
[4.258s] Level 1:colcon.colcon_core.package_identification:_identify(src) by extension 'ignore_ament_install'
[4.258s] Level 1:colcon.colcon_core.package_identification:_identify(src) by extensions ['colcon_pkg']
[4.259s] Level 1:colcon.colcon_core.package_identification:_identify(src) by extension 'colcon_pkg'
[4.259s] Level 1:colcon.colcon_core.package_identification:_identify(src) by extensions ['colcon_meta']
[4.259s] Level 1:colcon.colcon_core.package_identification:_identify(src) by extension 'colcon_meta'
[4.259s] Level 1:colcon.colcon_core.package_identification:_identify(src) by extensions ['ros']
[4.259s] Level 1:colcon.colcon_core.package_identification:_identify(src) by extension 'ros'
[4.259s] Level 1:colcon.colcon_core.package_identification:_identify(src) by extensions ['cmake', 'python']
[4.260s] Level 1:colcon.colcon_core.package_identification:_identify(src) by extension 'cmake'
[4.260s] Level 1:colcon.colcon_core.package_identification:_identify(src) by extension 'python'
[4.260s] Level 1:colcon.colcon_core.package_identification:_identify(src) by extensions ['python_setup_py']
[4.260s] Level 1:colcon.colcon_core.package_identification:_identify(src) by extension 'python_setup_py'
[4.260s] Level 1:colcon.colcon_core.package_identification:_identify(src/AIHT) by extensions ['ignore', 'ignore_ament_install']
[4.261s] Level 1:colcon.colcon_core.package_identification:_identify(src/AIHT) by extension 'ignore'
[4.261s] Level 1:colcon.colcon_core.package_identification:_identify(src/AIHT) by extension 'ignore_ament_install'
[4.261s] Level 1:colcon.colcon_core.package_identification:_identify(src/AIHT) by extensions ['colcon_pkg']
[4.261s] Level 1:colcon.colcon_core.package_identification:_identify(src/AIHT) by extension 'colcon_pkg'
[4.261s] Level 1:colcon.colcon_core.package_identification:_identify(src/AIHT) by extensions ['colcon_meta']
[4.262s] Level 1:colcon.colcon_core.package_identification:_identify(src/AIHT) by extension 'colcon_meta'
[4.262s] Level 1:colcon.colcon_core.package_identification:_identify(src/AIHT) by extensions ['ros']
[4.262s] Level 1:colcon.colcon_core.package_identification:_identify(src/AIHT) by extension 'ros'
[4.270s] DEBUG:colcon.colcon_core.package_identification:Package 'src/AIHT' with type 'ros.ament_cmake' and name 'aiht_bot'
[4.270s] Level 1:colcon.colcon_core.package_identification:_identify(src/ml_model) by extensions ['ignore', 'ignore_ament_install']
[4.270s] Level 1:colcon.colcon_core.package_identification:_identify(src/ml_model) by extension 'ignore'
[4.271s] Level 1:colcon.colcon_core.package_identification:_identify(src/ml_model) by extension 'ignore_ament_install'
[4.271s] Level 1:colcon.colcon_core.package_identification:_identify(src/ml_model) by extensions ['colcon_pkg']
[4.271s] Level 1:colcon.colcon_core.package_identification:_identify(src/ml_model) by extension 'colcon_pkg'
[4.271s] Level 1:colcon.colcon_core.package_identification:_identify(src/ml_model) by extensions ['colcon_meta']
[4.271s] Level 1:colcon.colcon_core.package_identification:_identify(src/ml_model) by extension 'colcon_meta'
[4.271s] Level 1:colcon.colcon_core.package_identification:_identify(src/ml_model) by extensions ['ros']
[4.271s] Level 1:colcon.colcon_core.package_identification:_identify(src/ml_model) by extension 'ros'
[4.273s] DEBUG:colcon.colcon_core.package_identification:Package 'src/ml_model' with type 'ros.ament_python' and name 'ml_model'
[4.273s] Level 1:colcon.colcon_core.package_identification:_identify(src/tinyml_model) by extensions ['ignore', 'ignore_ament_install']
[4.274s] Level 1:colcon.colcon_core.package_identification:_identify(src/tinyml_model) by extension 'ignore'
[4.274s] Level 1:colcon.colcon_core.package_identification:_identify(src/tinyml_model) by extension 'ignore_ament_install'
[4.274s] Level 1:colcon.colcon_core.package_identification:_identify(src/tinyml_model) by extensions ['colcon_pkg']
[4.274s] Level 1:colcon.colcon_core.package_identification:_identify(src/tinyml_model) by extension 'colcon_pkg'
[4.274s] Level 1:colcon.colcon_core.package_identification:_identify(src/tinyml_model) by extensions ['colcon_meta']
[4.274s] Level 1:colcon.colcon_core.package_identification:_identify(src/tinyml_model) by extension 'colcon_meta'
[4.275s] Level 1:colcon.colcon_core.package_identification:_identify(src/tinyml_model) by extensions ['ros']
[4.275s] Level 1:colcon.colcon_core.package_identification:_identify(src/tinyml_model) by extension 'ros'
[4.277s] DEBUG:colcon.colcon_core.package_identification:Package 'src/tinyml_model' with type 'ros.ament_cmake' and name 'tinyml_model'
[4.277s] Level 1:colcon.colcon_core.package_discovery:discover_packages(recursive) using defaults
[4.277s] Level 1:colcon.colcon_core.package_discovery:discover_packages(ignore) discover
[4.277s] Level 1:colcon.colcon_core.package_discovery:discover_packages(ignore) using defaults
[4.278s] Level 1:colcon.colcon_core.package_discovery:discover_packages(path) discover
[4.278s] Level 1:colcon.colcon_core.package_discovery:discover_packages(path) using defaults
[4.746s] Level 1:colcon.colcon_core.package_discovery:discover_packages(prefix_path) check parameters
[4.746s] Level 1:colcon.colcon_core.package_discovery:discover_packages(prefix_path) discover
[4.935s] DEBUG:colcon.colcon_installed_package_information.package_discovery:Found 391 installed packages in /opt/ros/humble
[4.968s] Level 1:colcon.colcon_core.package_discovery:discover_packages(prefix_path) using defaults
[5.411s] Level 5:colcon.colcon_core.verb:set package 'aiht_bot' build argument 'cmake_args' from command line to 'None'
[5.411s] Level 5:colcon.colcon_core.verb:set package 'aiht_bot' build argument 'cmake_target' from command line to 'None'
[5.411s] Level 5:colcon.colcon_core.verb:set package 'aiht_bot' build argument 'cmake_target_skip_unavailable' from command line to 'False'
[5.411s] Level 5:colcon.colcon_core.verb:set package 'aiht_bot' build argument 'cmake_clean_cache' from command line to 'False'
[5.411s] Level 5:colcon.colcon_core.verb:set package 'aiht_bot' build argument 'cmake_clean_first' from command line to 'False'
[5.412s] Level 5:colcon.colcon_core.verb:set package 'aiht_bot' build argument 'cmake_force_configure' from command line to 'False'
[5.412s] Level 5:colcon.colcon_core.verb:set package 'aiht_bot' build argument 'ament_cmake_args' from command line to 'None'
[5.412s] Level 5:colcon.colcon_core.verb:set package 'aiht_bot' build argument 'catkin_cmake_args' from command line to 'None'
[5.412s] Level 5:colcon.colcon_core.verb:set package 'aiht_bot' build argument 'catkin_skip_building_tests' from command line to 'False'
[5.412s] DEBUG:colcon.colcon_core.verb:Building package 'aiht_bot' with the following arguments: {'ament_cmake_args': None, 'build_base': '/home/bhavesh/Documents/AutonomousNavigationAndCollisionAvoidanceBot/AIHTsim/build/aiht_bot', 'catkin_cmake_args': None, 'catkin_skip_building_tests': False, 'cmake_args': None, 'cmake_clean_cache': False, 'cmake_clean_first': False, 'cmake_force_configure': False, 'cmake_target': None, 'cmake_target_skip_unavailable': False, 'install_base': '/home/bhavesh/Documents/AutonomousNavigationAndCollisionAvoidanceBot/AIHTsim/install/aiht_bot', 'merge_install': False, 'path': '/home/bhavesh/Documents/AutonomousNavigationAndCollisionAvoidanceBot/AIHTsim/src/AIHT', 'symlink_install': True, 'test_result_base': None}
[5.484s] Level 5:colcon.colcon_core.verb:set package 'ml_model' build argument 'cmake_args' from command line to 'None'
[5.484s] Level 5:colcon.colcon_core.verb:set package 'ml_model' build argument 'cmake_target' from command line to 'None'
[5.484s] Level 5:colcon.colcon_core.verb:set package 'ml_model' build argument 'cmake_target_skip_unavailable' from command line to 'False'
[5.484s] Level 5:colcon.colcon_core.verb:set package 'ml_model' build argument 'cmake_clean_cache' from command line to 'False'
[5.484s] Level 5:colcon.colcon_core.verb:set package 'ml_model' build argument 'cmake_clean_first' from command line to 'False'
[5.485s] Level 5:colcon.colcon_core.verb:set package 'ml_model' build argument 'cmake_force_configure' from command line to 'False'
[5.485s] Level 5:colcon.colcon_core.verb:set package 'ml_model' build argument 'ament_cmake_args' from command line to 'None'
[5.485s] Level 5:colcon.colcon_core.verb:set package 'ml_model' build argument 'catkin_cmake_args' from command line to 'None'
[5.485s] Level 5:colcon.colcon_core.verb:set package 'ml_model' build argument 'catkin_skip_building_tests' from command line to 'False'
[5.485s] DEBUG:colcon.colcon_core.verb:Building package 'ml_model' with the following arguments: {'ament_cmake_args': None, 'build_base': '/home/bhavesh/Documents/AutonomousNavigationAndCollisionAvoidanceBot/AIHTsim/build/ml_model', 'catkin_cmake_args': None, 'catkin_skip_building_tests': False, 'cmake_args': None, 'cmake_clean_cache': False, 'cmake_clean_first': False, 'cmake_force_configure': False, 'cmake_target': None, 'cmake_target_skip_unavailable': False, 'install_base': '/home/bhavesh/Documents/AutonomousNavigationAndCollisionAvoidanceBot/AIHTsim/install/ml_model', 'merge_install': False, 'path': '/home/bhavesh/Documents/AutonomousNavigationAndCollisionAvoidanceBot/AIHTsim/src/ml_model', 'symlink_install': True, 'test_result_base': None}
[5.557s] Level 5:colcon.colcon_core.verb:set package 'tinyml_model' build argument 'cmake_args' from command line to 'None'
[5.558s] Level 5:colcon.colcon_core.verb:set package 'tinyml_model' build argument 'cmake_target' from command line to 'None'
[5.558s] Level 5:colcon.colcon_core.verb:set package 'tinyml_model' build argument 'cmake_target_skip_unavailable' from command line to 'False'
[5.558s] Level 5:colcon.colcon_core.verb:set package 'tinyml_model' build argument 'cmake_clean_cache' from command line to 'False'
[5.558s] Level 5:colcon.colcon_core.verb:set package 'tinyml_model' build argument 'cmake_clean_first' from command line to 'False'
[5.558s] Level 5:colcon.colcon_core.verb:set package 'tinyml_model' build argument 'cmake_force_configure' from command line to 'False'
[5.559s] Level 5:colcon.colcon_core.verb:set package 'tinyml_model' build argument 'ament_cmake_args' from command line to 'None'
[5.559s] Level 5:colcon.colcon_core.verb:set package 'tinyml_model' build argument 'catkin_cmake_args' from command line to 'None'
[5.559s] Level 5:colcon.colcon_core.verb:set package 'tinyml_model' build argument 'catkin_skip_building_tests' from command line to 'False'
[5.559s] DEBUG:colcon.colcon_core.verb:Building package 'tinyml_model' with the following arguments: {'ament_cmake_args': None, 'build_base': '/home/bhavesh/Documents/AutonomousNavigationAndCollisionAvoidanceBot/AIHTsim/build/tinyml_model', 'catkin_cmake_args': None, 'catkin_skip_building_tests': False, 'cmake_args': None, 'cmake_clean_cache': False, 'cmake_clean_first': False, 'cmake_force_configure': False, 'cmake_target': None, 'cmake_target_skip_unavailable': False, 'install_base': '/home/bhavesh/Documents/AutonomousNavigationAndCollisionAvoidanceBot/AIHTsim/install/tinyml_model', 'merge_install': False, 'path': '/home/bhavesh/Documents/AutonomousNavigationAndCollisionAvoidanceBot/AIHTsim/src/tinyml_model', 'symlink_install': True, 'test_result_base': None}
[5.631s] INFO:colcon.colcon_core.executor:Executing jobs using 'parallel' executor
[5.707s] DEBUG:colcon.colcon_parallel_executor.executor.parallel:run_until_complete
[5.707s] INFO:colcon.colcon_ros.task.ament_cmake.build:Building ROS package in '/home/bhavesh/Documents/AutonomousNavigationAndCollisionAvoidanceBot/AIHTsim/src/AIHT' with build type 'ament_cmake'
[5.708s] INFO:colcon.colcon_cmake.task.cmake.build:Building CMake package in '/home/bhavesh/Documents/AutonomousNavigationAndCollisionAvoidanceBot/AIHTsim/src/AIHT'
[5.796s] INFO:colcon.colcon_core.plugin_system:Skipping extension 'colcon_core.shell.bat': Not used on non-Windows systems
[5.796s] INFO:colcon.colcon_core.shell:Skip shell extension 'powershell' for command environment: Not usable outside of PowerShell
[5.796s] DEBUG:colcon.colcon_core.shell:Skip shell extension 'dsv' for command environment
[5.982s] INFO:colcon.colcon_ros.task.ament_python.build:Building ROS package in '/home/bhavesh/Documents/AutonomousNavigationAndCollisionAvoidanceBot/AIHTsim/src/ml_model' with build type 'ament_python'
[5.983s] Level 1:colcon.colcon_core.shell:create_environment_hook('ml_model', 'ament_prefix_path')
[6.073s] INFO:colcon.colcon_core.shell:Creating environment hook '/home/bhavesh/Documents/AutonomousNavigationAndCollisionAvoidanceBot/AIHTsim/install/ml_model/share/ml_model/hook/ament_prefix_path.ps1'
[6.076s] INFO:colcon.colcon_core.shell:Creating environment descriptor '/home/bhavesh/Documents/AutonomousNavigationAndCollisionAvoidanceBot/AIHTsim/install/ml_model/share/ml_model/hook/ament_prefix_path.dsv'
[6.077s] INFO:colcon.colcon_core.shell:Creating environment hook '/home/bhavesh/Documents/AutonomousNavigationAndCollisionAvoidanceBot/AIHTsim/install/ml_model/share/ml_model/hook/ament_prefix_path.sh'
[6.155s] INFO:colcon.colcon_core.shell:Skip shell extension 'powershell' for command environment: Not usable outside of PowerShell
[6.156s] DEBUG:colcon.colcon_core.shell:Skip shell extension 'dsv' for command environment
[6.320s] INFO:colcon.colcon_ros.task.ament_cmake.build:Building ROS package in '/home/bhavesh/Documents/AutonomousNavigationAndCollisionAvoidanceBot/AIHTsim/src/tinyml_model' with build type 'ament_cmake'
[6.321s] INFO:colcon.colcon_cmake.task.cmake.build:Building CMake package in '/home/bhavesh/Documents/AutonomousNavigationAndCollisionAvoidanceBot/AIHTsim/src/tinyml_model'
[6.400s] INFO:colcon.colcon_core.shell:Skip shell extension 'powershell' for command environment: Not usable outside of PowerShell
[6.401s] DEBUG:colcon.colcon_core.shell:Skip shell extension 'dsv' for command environment
[6.572s] DEBUG:colcon.colcon_core.event_handler.log_command:Invoking command in '/home/bhavesh/Documents/AutonomousNavigationAndCollisionAvoidanceBot/AIHTsim/build/aiht_bot': CMAKE_PREFIX_PATH=/opt/ros/humble /usr/bin/cmake --build /home/bhavesh/Documents/AutonomousNavigationAndCollisionAvoidanceBot/AIHTsim/build/aiht_bot -- -j8 -l8
[7.655s] INFO:colcon.colcon_core.task.python.build:Building Python package in '/home/bhavesh/Documents/AutonomousNavigationAndCollisionAvoidanceBot/AIHTsim/src/ml_model'
[7.729s] INFO:colcon.colcon_core.shell:Skip shell extension 'powershell' for command environment: Not usable outside of PowerShell
[7.730s] DEBUG:colcon.colcon_core.shell:Skip shell extension 'dsv' for command environment
[7.908s] DEBUG:colcon.colcon_core.event_handler.log_command:Invoking command in '/home/bhavesh/Documents/AutonomousNavigationAndCollisionAvoidanceBot/AIHTsim/build/tinyml_model': CMAKE_PREFIX_PATH=/opt/ros/humble /usr/bin/cmake --build /home/bhavesh/Documents/AutonomousNavigationAndCollisionAvoidanceBot/AIHTsim/build/tinyml_model -- -j8 -l8
[7.911s] DEBUG:colcon.colcon_core.event_handler.log_command:Invoked command in '/home/bhavesh/Documents/AutonomousNavigationAndCollisionAvoidanceBot/AIHTsim/build/aiht_bot' returned '0': CMAKE_PREFIX_PATH=/opt/ros/humble /usr/bin/cmake --build /home/bhavesh/Documents/AutonomousNavigationAndCollisionAvoidanceBot/AIHTsim/build/aiht_bot -- -j8 -l8
[8.029s] DEBUG:colcon.colcon_core.event_handler.log_command:Invoking command in '/home/bhavesh/Documents/AutonomousNavigationAndCollisionAvoidanceBot/AIHTsim/build/aiht_bot': CMAKE_PREFIX_PATH=/opt/ros/humble /usr/bin/cmake --install /home/bhavesh/Documents/AutonomousNavigationAndCollisionAvoidanceBot/AIHTsim/build/aiht_bot
[8.149s] Level 1:colcon.colcon_core.environment:create_environment_scripts_only(aiht_bot)
[8.152s] DEBUG:colcon.colcon_core.event_handler.log_command:Invoked command in '/home/bhavesh/Documents/AutonomousNavigationAndCollisionAvoidanceBot/AIHTsim/build/aiht_bot' returned '0': CMAKE_PREFIX_PATH=/opt/ros/humble /usr/bin/cmake --install /home/bhavesh/Documents/AutonomousNavigationAndCollisionAvoidanceBot/AIHTsim/build/aiht_bot
[8.305s] Level 1:colcon.colcon_core.environment:checking '/home/bhavesh/Documents/AutonomousNavigationAndCollisionAvoidanceBot/AIHTsim/install/aiht_bot' for CMake module files
[8.309s] Level 1:colcon.colcon_core.environment:checking '/home/bhavesh/Documents/AutonomousNavigationAndCollisionAvoidanceBot/AIHTsim/install/aiht_bot' for CMake config files
[8.311s] Level 1:colcon.colcon_core.shell:create_environment_hook('aiht_bot', 'cmake_prefix_path')
[8.461s] INFO:colcon.colcon_core.shell:Creating environment hook '/home/bhavesh/Documents/AutonomousNavigationAndCollisionAvoidanceBot/AIHTsim/install/aiht_bot/share/aiht_bot/hook/cmake_prefix_path.ps1'
[8.463s] INFO:colcon.colcon_core.shell:Creating environment descriptor '/home/bhavesh/Documents/AutonomousNavigationAndCollisionAvoidanceBot/AIHTsim/install/aiht_bot/share/aiht_bot/hook/cmake_prefix_path.dsv'
[8.465s] INFO:colcon.colcon_core.shell:Creating environment hook '/home/bhavesh/Documents/AutonomousNavigationAndCollisionAvoidanceBot/AIHTsim/install/aiht_bot/share/aiht_bot/hook/cmake_prefix_path.sh'
[8.469s] Level 1:colcon.colcon_core.environment:checking '/home/bhavesh/Documents/AutonomousNavigationAndCollisionAvoidanceBot/AIHTsim/install/aiht_bot/bin'
[8.470s] Level 1:colcon.colcon_core.environment:checking '/home/bhavesh/Documents/AutonomousNavigationAndCollisionAvoidanceBot/AIHTsim/install/aiht_bot/lib/pkgconfig/aiht_bot.pc'
[8.471s] Level 1:colcon.colcon_core.environment:checking '/home/bhavesh/Documents/AutonomousNavigationAndCollisionAvoidanceBot/AIHTsim/install/aiht_bot/lib/python3.10/site-packages'
[8.473s] Level 1:colcon.colcon_core.environment:checking '/home/bhavesh/Documents/AutonomousNavigationAndCollisionAvoidanceBot/AIHTsim/install/aiht_bot/bin'
[8.617s] INFO:colcon.colcon_core.shell:Creating package script '/home/bhavesh/Documents/AutonomousNavigationAndCollisionAvoidanceBot/AIHTsim/install/aiht_bot/share/aiht_bot/package.ps1'
[8.622s] INFO:colcon.colcon_core.shell:Creating package descriptor '/home/bhavesh/Documents/AutonomousNavigationAndCollisionAvoidanceBot/AIHTsim/install/aiht_bot/share/aiht_bot/package.dsv'
[8.626s] INFO:colcon.colcon_core.shell:Creating package script '/home/bhavesh/Documents/AutonomousNavigationAndCollisionAvoidanceBot/AIHTsim/install/aiht_bot/share/aiht_bot/package.sh'
[8.630s] INFO:colcon.colcon_core.shell:Creating package script '/home/bhavesh/Documents/AutonomousNavigationAndCollisionAvoidanceBot/AIHTsim/install/aiht_bot/share/aiht_bot/package.bash'
[8.635s] INFO:colcon.colcon_core.shell:Creating package script '/home/bhavesh/Documents/AutonomousNavigationAndCollisionAvoidanceBot/AIHTsim/install/aiht_bot/share/aiht_bot/package.zsh'
[8.640s] Level 1:colcon.colcon_core.environment:create_file_with_runtime_dependencies(/home/bhavesh/Documents/AutonomousNavigationAndCollisionAvoidanceBot/AIHTsim/install/aiht_bot/share/colcon-core/packages/aiht_bot)
[8.829s] Level 1:colcon.colcon_core.environment:create_environment_scripts_only(aiht_bot)
[8.918s] Level 1:colcon.colcon_core.environment:checking '/home/bhavesh/Documents/AutonomousNavigationAndCollisionAvoidanceBot/AIHTsim/install/aiht_bot' for CMake module files
[8.920s] Level 1:colcon.colcon_core.environment:checking '/home/bhavesh/Documents/AutonomousNavigationAndCollisionAvoidanceBot/AIHTsim/install/aiht_bot' for CMake config files
[8.921s] Level 1:colcon.colcon_core.shell:create_environment_hook('aiht_bot', 'cmake_prefix_path')
[9.011s] INFO:colcon.colcon_core.shell:Creating environment hook '/home/bhavesh/Documents/AutonomousNavigationAndCollisionAvoidanceBot/AIHTsim/install/aiht_bot/share/aiht_bot/hook/cmake_prefix_path.ps1'
[9.012s] INFO:colcon.colcon_core.shell:Creating environment descriptor '/home/bhavesh/Documents/AutonomousNavigationAndCollisionAvoidanceBot/AIHTsim/install/aiht_bot/share/aiht_bot/hook/cmake_prefix_path.dsv'
[9.014s] INFO:colcon.colcon_core.shell:Creating environment hook '/home/bhavesh/Documents/AutonomousNavigationAndCollisionAvoidanceBot/AIHTsim/install/aiht_bot/share/aiht_bot/hook/cmake_prefix_path.sh'
[9.016s] Level 1:colcon.colcon_core.environment:checking '/home/bhavesh/Documents/AutonomousNavigationAndCollisionAvoidanceBot/AIHTsim/install/aiht_bot/bin'
[9.016s] Level 1:colcon.colcon_core.environment:checking '/home/bhavesh/Documents/AutonomousNavigationAndCollisionAvoidanceBot/AIHTsim/install/aiht_bot/lib/pkgconfig/aiht_bot.pc'
[9.018s] Level 1:colcon.colcon_core.environment:checking '/home/bhavesh/Documents/AutonomousNavigationAndCollisionAvoidanceBot/AIHTsim/install/aiht_bot/lib/python3.10/site-packages'
[9.019s] Level 1:colcon.colcon_core.environment:checking '/home/bhavesh/Documents/AutonomousNavigationAndCollisionAvoidanceBot/AIHTsim/install/aiht_bot/bin'
[9.108s] INFO:colcon.colcon_core.shell:Creating package script '/home/bhavesh/Documents/AutonomousNavigationAndCollisionAvoidanceBot/AIHTsim/install/aiht_bot/share/aiht_bot/package.ps1'
[9.110s] INFO:colcon.colcon_core.shell:Creating package descriptor '/home/bhavesh/Documents/AutonomousNavigationAndCollisionAvoidanceBot/AIHTsim/install/aiht_bot/share/aiht_bot/package.dsv'
[9.112s] INFO:colcon.colcon_core.shell:Creating package script '/home/bhavesh/Documents/AutonomousNavigationAndCollisionAvoidanceBot/AIHTsim/install/aiht_bot/share/aiht_bot/package.sh'
[9.115s] INFO:colcon.colcon_core.shell:Creating package script '/home/bhavesh/Documents/AutonomousNavigationAndCollisionAvoidanceBot/AIHTsim/install/aiht_bot/share/aiht_bot/package.bash'
[9.117s] INFO:colcon.colcon_core.shell:Creating package script '/home/bhavesh/Documents/AutonomousNavigationAndCollisionAvoidanceBot/AIHTsim/install/aiht_bot/share/aiht_bot/package.zsh'
[9.119s] Level 1:colcon.colcon_core.environment:create_file_with_runtime_dependencies(/home/bhavesh/Documents/AutonomousNavigationAndCollisionAvoidanceBot/AIHTsim/install/aiht_bot/share/colcon-core/packages/aiht_bot)
[9.732s] DEBUG:colcon.colcon_core.event_handler.log_command:Invoking command in '/home/bhavesh/Documents/AutonomousNavigationAndCollisionAvoidanceBot/AIHTsim/build/ml_model': PYTHONPATH=/home/bhavesh/Documents/AutonomousNavigationAndCollisionAvoidanceBot/AIHTsim/build/ml_model/prefix_override:/home/bhavesh/Documents/AutonomousNavigationAndCollisionAvoidanceBot/AIHTsim/install/ml_model/lib/python3.10/site-packages:${PYTHONPATH} /usr/bin/python3 setup.py develop --editable --build-directory /home/bhavesh/Documents/AutonomousNavigationAndCollisionAvoidanceBot/AIHTsim/build/ml_model/build --no-deps install_data
[12.102s] Level 1:colcon.colcon_core.shell:create_environment_hook('ml_model', 'pythonpath_develop')
[12.104s] DEBUG:colcon.colcon_core.event_handler.log_command:Invoked command in '/home/bhavesh/Documents/AutonomousNavigationAndCollisionAvoidanceBot/AIHTsim/build/ml_model' returned '0': PYTHONPATH=/home/bhavesh/Documents/AutonomousNavigationAndCollisionAvoidanceBot/AIHTsim/build/ml_model/prefix_override:/home/bhavesh/Documents/AutonomousNavigationAndCollisionAvoidanceBot/AIHTsim/install/ml_model/lib/python3.10/site-packages:${PYTHONPATH} /usr/bin/python3 setup.py develop --editable --build-directory /home/bhavesh/Documents/AutonomousNavigationAndCollisionAvoidanceBot/AIHTsim/build/ml_model/build --no-deps install_data
[12.191s] INFO:colcon.colcon_core.shell:Creating environment hook '/home/bhavesh/Documents/AutonomousNavigationAndCollisionAvoidanceBot/AIHTsim/build/ml_model/share/ml_model/hook/pythonpath_develop.ps1'
[12.193s] INFO:colcon.colcon_core.shell:Creating environment descriptor '/home/bhavesh/Documents/AutonomousNavigationAndCollisionAvoidanceBot/AIHTsim/build/ml_model/share/ml_model/hook/pythonpath_develop.dsv'
[12.194s] INFO:colcon.colcon_core.shell:Creating environment hook '/home/bhavesh/Documents/AutonomousNavigationAndCollisionAvoidanceBot/AIHTsim/build/ml_model/share/ml_model/hook/pythonpath_develop.sh'
[12.281s] Level 1:colcon.colcon_core.environment:checking '/home/bhavesh/Documents/AutonomousNavigationAndCollisionAvoidanceBot/AIHTsim/install/ml_model' for CMake module files
[12.283s] Level 1:colcon.colcon_core.environment:checking '/home/bhavesh/Documents/AutonomousNavigationAndCollisionAvoidanceBot/AIHTsim/install/ml_model' for CMake config files
[12.285s] Level 1:colcon.colcon_core.environment:checking '/home/bhavesh/Documents/AutonomousNavigationAndCollisionAvoidanceBot/AIHTsim/install/ml_model/lib'
[12.286s] Level 1:colcon.colcon_core.environment:checking '/home/bhavesh/Documents/AutonomousNavigationAndCollisionAvoidanceBot/AIHTsim/install/ml_model/bin'
[12.286s] Level 1:colcon.colcon_core.environment:checking '/home/bhavesh/Documents/AutonomousNavigationAndCollisionAvoidanceBot/AIHTsim/install/ml_model/lib/pkgconfig/ml_model.pc'
[12.287s] Level 1:colcon.colcon_core.environment:checking '/home/bhavesh/Documents/AutonomousNavigationAndCollisionAvoidanceBot/AIHTsim/install/ml_model/lib/python3.10/site-packages'
[12.287s] Level 1:colcon.colcon_core.shell:create_environment_hook('ml_model', 'pythonpath')
[12.373s] INFO:colcon.colcon_core.shell:Creating environment hook '/home/bhavesh/Documents/AutonomousNavigationAndCollisionAvoidanceBot/AIHTsim/install/ml_model/share/ml_model/hook/pythonpath.ps1'
[12.375s] INFO:colcon.colcon_core.shell:Creating environment descriptor '/home/bhavesh/Documents/AutonomousNavigationAndCollisionAvoidanceBot/AIHTsim/install/ml_model/share/ml_model/hook/pythonpath.dsv'
[12.376s] INFO:colcon.colcon_core.shell:Creating environment hook '/home/bhavesh/Documents/AutonomousNavigationAndCollisionAvoidanceBot/AIHTsim/install/ml_model/share/ml_model/hook/pythonpath.sh'
[12.378s] Level 1:colcon.colcon_core.environment:checking '/home/bhavesh/Documents/AutonomousNavigationAndCollisionAvoidanceBot/AIHTsim/install/ml_model/bin'
[12.379s] Level 1:colcon.colcon_core.environment:create_environment_scripts_only(ml_model)
[12.466s] INFO:colcon.colcon_core.shell:Creating package script '/home/bhavesh/Documents/AutonomousNavigationAndCollisionAvoidanceBot/AIHTsim/install/ml_model/share/ml_model/package.ps1'
[12.468s] INFO:colcon.colcon_core.shell:Creating package descriptor '/home/bhavesh/Documents/AutonomousNavigationAndCollisionAvoidanceBot/AIHTsim/install/ml_model/share/ml_model/package.dsv'
[12.470s] INFO:colcon.colcon_core.shell:Creating package script '/home/bhavesh/Documents/AutonomousNavigationAndCollisionAvoidanceBot/AIHTsim/install/ml_model/share/ml_model/package.sh'
[12.472s] INFO:colcon.colcon_core.shell:Creating package script '/home/bhavesh/Documents/AutonomousNavigationAndCollisionAvoidanceBot/AIHTsim/install/ml_model/share/ml_model/package.bash'
[12.473s] INFO:colcon.colcon_core.shell:Creating package script '/home/bhavesh/Documents/AutonomousNavigationAndCollisionAvoidanceBot/AIHTsim/install/ml_model/share/ml_model/package.zsh'
[12.475s] Level 1:colcon.colcon_core.environment:create_file_with_runtime_dependencies(/home/bhavesh/Documents/AutonomousNavigationAndCollisionAvoidanceBot/AIHTsim/install/ml_model/share/colcon-core/packages/ml_model)
[30.628s] DEBUG:colcon.colcon_core.event_handler.log_command:Invoked command in '/home/bhavesh/Documents/AutonomousNavigationAndCollisionAvoidanceBot/AIHTsim/build/tinyml_model' returned '2': CMAKE_PREFIX_PATH=/opt/ros/humble /usr/bin/cmake --build /home/bhavesh/Documents/AutonomousNavigationAndCollisionAvoidanceBot/AIHTsim/build/tinyml_model -- -j8 -l8
[30.828s] Level 1:colcon.colcon_core.environment:create_environment_scripts_only(tinyml_model)
[30.921s] Level 1:colcon.colcon_core.environment:checking '/home/bhavesh/Documents/AutonomousNavigationAndCollisionAvoidanceBot/AIHTsim/install/tinyml_model' for CMake module files
[30.922s] Level 1:colcon.colcon_core.environment:checking '/home/bhavesh/Documents/AutonomousNavigationAndCollisionAvoidanceBot/AIHTsim/install/tinyml_model' for CMake config files
[30.924s] Level 1:colcon.colcon_core.environment:checking '/home/bhavesh/Documents/AutonomousNavigationAndCollisionAvoidanceBot/AIHTsim/install/tinyml_model/bin'
[30.924s] Level 1:colcon.colcon_core.environment:checking '/home/bhavesh/Documents/AutonomousNavigationAndCollisionAvoidanceBot/AIHTsim/install/tinyml_model/lib/pkgconfig/tinyml_model.pc'
[30.925s] Level 1:colcon.colcon_core.environment:checking '/home/bhavesh/Documents/AutonomousNavigationAndCollisionAvoidanceBot/AIHTsim/install/tinyml_model/lib/python3.10/site-packages'
[30.926s] Level 1:colcon.colcon_core.environment:checking '/home/bhavesh/Documents/AutonomousNavigationAndCollisionAvoidanceBot/AIHTsim/install/tinyml_model/bin'
[31.018s] INFO:colcon.colcon_core.shell:Creating package script '/home/bhavesh/Documents/AutonomousNavigationAndCollisionAvoidanceBot/AIHTsim/install/tinyml_model/share/tinyml_model/package.ps1'
[31.021s] INFO:colcon.colcon_core.shell:Creating package descriptor '/home/bhavesh/Documents/AutonomousNavigationAndCollisionAvoidanceBot/AIHTsim/install/tinyml_model/share/tinyml_model/package.dsv'
[31.022s] INFO:colcon.colcon_core.shell:Creating package script '/home/bhavesh/Documents/AutonomousNavigationAndCollisionAvoidanceBot/AIHTsim/install/tinyml_model/share/tinyml_model/package.sh'
[31.024s] INFO:colcon.colcon_core.shell:Creating package script '/home/bhavesh/Documents/AutonomousNavigationAndCollisionAvoidanceBot/AIHTsim/install/tinyml_model/share/tinyml_model/package.bash'
[31.026s] INFO:colcon.colcon_core.shell:Creating package script '/home/bhavesh/Documents/AutonomousNavigationAndCollisionAvoidanceBot/AIHTsim/install/tinyml_model/share/tinyml_model/package.zsh'
[31.027s] Level 1:colcon.colcon_core.environment:create_file_with_runtime_dependencies(/home/bhavesh/Documents/AutonomousNavigationAndCollisionAvoidanceBot/AIHTsim/install/tinyml_model/share/colcon-core/packages/tinyml_model)
[31.039s] DEBUG:colcon.colcon_parallel_executor.executor.parallel:closing loop
[31.039s] DEBUG:colcon.colcon_parallel_executor.executor.parallel:loop closed
[31.039s] DEBUG:colcon.colcon_parallel_executor.executor.parallel:run_until_complete finished with '2'
[31.039s] DEBUG:colcon.colcon_core.event_reactor:joining thread
[31.157s] INFO:colcon.colcon_core.plugin_system:Skipping extension 'colcon_notification.desktop_notification.terminal_notifier': Not used on non-Darwin systems
[31.158s] INFO:colcon.colcon_core.plugin_system:Skipping extension 'colcon_notification.desktop_notification.win32': Not used on non-Windows systems
[31.158s] INFO:colcon.colcon_notification.desktop_notification:Sending desktop notification using 'notify2'
[31.205s] DEBUG:colcon.colcon_core.event_reactor:joined thread
[31.297s] INFO:colcon.colcon_core.shell:Creating prefix script '/home/bhavesh/Documents/AutonomousNavigationAndCollisionAvoidanceBot/AIHTsim/install/local_setup.ps1'
[31.301s] INFO:colcon.colcon_core.shell:Creating prefix util module '/home/bhavesh/Documents/AutonomousNavigationAndCollisionAvoidanceBot/AIHTsim/install/_local_setup_util_ps1.py'
[31.306s] INFO:colcon.colcon_core.shell:Creating prefix chain script '/home/bhavesh/Documents/AutonomousNavigationAndCollisionAvoidanceBot/AIHTsim/install/setup.ps1'
[31.400s] INFO:colcon.colcon_core.shell:Creating prefix script '/home/bhavesh/Documents/AutonomousNavigationAndCollisionAvoidanceBot/AIHTsim/install/local_setup.sh'
[31.402s] INFO:colcon.colcon_core.shell:Creating prefix util module '/home/bhavesh/Documents/AutonomousNavigationAndCollisionAvoidanceBot/AIHTsim/install/_local_setup_util_sh.py'
[31.404s] INFO:colcon.colcon_core.shell:Creating prefix chain script '/home/bhavesh/Documents/AutonomousNavigationAndCollisionAvoidanceBot/AIHTsim/install/setup.sh'
[31.498s] INFO:colcon.colcon_core.shell:Creating prefix script '/home/bhavesh/Documents/AutonomousNavigationAndCollisionAvoidanceBot/AIHTsim/install/local_setup.bash'
[31.500s] INFO:colcon.colcon_core.shell:Creating prefix chain script '/home/bhavesh/Documents/AutonomousNavigationAndCollisionAvoidanceBot/AIHTsim/install/setup.bash'
[31.593s] INFO:colcon.colcon_core.shell:Creating prefix script '/home/bhavesh/Documents/AutonomousNavigationAndCollisionAvoidanceBot/AIHTsim/install/local_setup.zsh'
[31.596s] INFO:colcon.colcon_core.shell:Creating prefix chain script '/home/bhavesh/Documents/AutonomousNavigationAndCollisionAvoidanceBot/AIHTsim/install/setup.zsh'
