[3.948s] DEBUG:colcon:Command line arguments: ['/usr/bin/colcon', 'build', '--symlink-install']
[3.949s] DEBUG:colcon:Parsed command line arguments: Namespace(log_base=None, log_level=None, verb_name='build', build_base='build', install_base='install', merge_install=False, symlink_install=True, test_result_base=None, continue_on_error=False, executor='parallel', parallel_workers=8, event_handlers=None, ignore_user_meta=False, metas=['./colcon.meta'], base_paths=['.'], packages_ignore=None, packages_ignore_regex=None, paths=None, packages_up_to=None, packages_up_to_regex=None, packages_above=None, packages_above_and_dependencies=None, packages_above_depth=None, packages_select_by_dep=None, packages_skip_by_dep=None, packages_skip_up_to=None, packages_select_build_failed=False, packages_skip_build_finished=False, packages_select_test_failures=False, packages_skip_test_passed=False, packages_select=None, packages_skip=None, packages_select_regex=None, packages_skip_regex=None, packages_start=None, packages_end=None, allow_overriding=[], cmake_args=None, cmake_target=None, cmake_target_skip_unavailable=False, cmake_clean_cache=False, cmake_clean_first=False, cmake_force_configure=False, ament_cmake_args=None, catkin_cmake_args=None, catkin_skip_building_tests=False, verb_parser=<colcon_defaults.argument_parser.defaults.DefaultArgumentsDecorator object at 0x7ff113aa9ff0>, verb_extension=<colcon_core.verb.build.BuildVerb object at 0x7ff113a79900>, main=<bound method BuildVerb.main of <colcon_core.verb.build.BuildVerb object at 0x7ff113a79900>>)
[4.134s] Level 1:colcon.colcon_core.package_discovery:discover_packages(colcon_meta) check parameters
[4.134s] Level 1:colcon.colcon_core.package_discovery:discover_packages(recursive) check parameters
[4.134s] Level 1:colcon.colcon_core.package_discovery:discover_packages(ignore) check parameters
[4.134s] Level 1:colcon.colcon_core.package_discovery:discover_packages(path) check parameters
[4.134s] Level 1:colcon.colcon_core.package_discovery:discover_packages(colcon_meta) discover
[4.134s] Level 1:colcon.colcon_core.package_discovery:discover_packages(recursive) discover
[4.134s] INFO:colcon.colcon_core.package_discovery:Crawling recursively for packages in '/home/bhavesh/Documents/AutonomousNavigationAndCollisionAvoidanceBot/AIHTsim'
[4.135s] Level 1:colcon.colcon_core.package_identification:_identify(.) by extensions ['ignore', 'ignore_ament_install']
[4.135s] Level 1:colcon.colcon_core.package_identification:_identify(.) by extension 'ignore'
[4.135s] Level 1:colcon.colcon_core.package_identification:_identify(.) by extension 'ignore_ament_install'
[4.135s] Level 1:colcon.colcon_core.package_identification:_identify(.) by extensions ['colcon_pkg']
[4.135s] Level 1:colcon.colcon_core.package_identification:_identify(.) by extension 'colcon_pkg'
[4.136s] Level 1:colcon.colcon_core.package_identification:_identify(.) by extensions ['colcon_meta']
[4.136s] Level 1:colcon.colcon_core.package_identification:_identify(.) by extension 'colcon_meta'
[4.136s] Level 1:colcon.colcon_core.package_identification:_identify(.) by extensions ['ros']
[4.136s] Level 1:colcon.colcon_core.package_identification:_identify(.) by extension 'ros'
[4.168s] Level 1:colcon.colcon_core.package_identification:_identify(.) by extensions ['cmake', 'python']
[4.168s] Level 1:colcon.colcon_core.package_identification:_identify(.) by extension 'cmake'
[4.168s] Level 1:colcon.colcon_core.package_identification:_identify(.) by extension 'python'
[4.168s] Level 1:colcon.colcon_core.package_identification:_identify(.) by extensions ['python_setup_py']
[4.168s] Level 1:colcon.colcon_core.package_identification:_identify(.) by extension 'python_setup_py'
[4.169s] Level 1:colcon.colcon_core.package_identification:_identify(build) by extensions ['ignore', 'ignore_ament_install']
[4.169s] Level 1:colcon.colcon_core.package_identification:_identify(build) by extension 'ignore'
[4.169s] Level 1:colcon.colcon_core.package_identification:_identify(build) ignored
[4.170s] Level 1:colcon.colcon_core.package_identification:_identify(install) by extensions ['ignore', 'ignore_ament_install']
[4.170s] Level 1:colcon.colcon_core.package_identification:_identify(install) by extension 'ignore'
[4.170s] Level 1:colcon.colcon_core.package_identification:_identify(install) ignored
[4.170s] Level 1:colcon.colcon_core.package_identification:_identify(log) by extensions ['ignore', 'ignore_ament_install']
[4.171s] Level 1:colcon.colcon_core.package_identification:_identify(log) by extension 'ignore'
[4.171s] Level 1:colcon.colcon_core.package_identification:_identify(log) ignored
[4.171s] Level 1:colcon.colcon_core.package_identification:_identify(src) by extensions ['ignore', 'ignore_ament_install']
[4.171s] Level 1:colcon.colcon_core.package_identification:_identify(src) by extension 'ignore'
[4.171s] Level 1:colcon.colcon_core.package_identification:_identify(src) by extension 'ignore_ament_install'
[4.172s] Level 1:colcon.colcon_core.package_identification:_identify(src) by extensions ['colcon_pkg']
[4.172s] Level 1:colcon.colcon_core.package_identification:_identify(src) by extension 'colcon_pkg'
[4.172s] Level 1:colcon.colcon_core.package_identification:_identify(src) by extensions ['colcon_meta']
[4.172s] Level 1:colcon.colcon_core.package_identification:_identify(src) by extension 'colcon_meta'
[4.172s] Level 1:colcon.colcon_core.package_identification:_identify(src) by extensions ['ros']
[4.172s] Level 1:colcon.colcon_core.package_identification:_identify(src) by extension 'ros'
[4.172s] Level 1:colcon.colcon_core.package_identification:_identify(src) by extensions ['cmake', 'python']
[4.173s] Level 1:colcon.colcon_core.package_identification:_identify(src) by extension 'cmake'
[4.173s] Level 1:colcon.colcon_core.package_identification:_identify(src) by extension 'python'
[4.173s] Level 1:colcon.colcon_core.package_identification:_identify(src) by extensions ['python_setup_py']
[4.173s] Level 1:colcon.colcon_core.package_identification:_identify(src) by extension 'python_setup_py'
[4.173s] Level 1:colcon.colcon_core.package_identification:_identify(src/AIHT) by extensions ['ignore', 'ignore_ament_install']
[4.174s] Level 1:colcon.colcon_core.package_identification:_identify(src/AIHT) by extension 'ignore'
[4.174s] Level 1:colcon.colcon_core.package_identification:_identify(src/AIHT) by extension 'ignore_ament_install'
[4.174s] Level 1:colcon.colcon_core.package_identification:_identify(src/AIHT) by extensions ['colcon_pkg']
[4.174s] Level 1:colcon.colcon_core.package_identification:_identify(src/AIHT) by extension 'colcon_pkg'
[4.174s] Level 1:colcon.colcon_core.package_identification:_identify(src/AIHT) by extensions ['colcon_meta']
[4.174s] Level 1:colcon.colcon_core.package_identification:_identify(src/AIHT) by extension 'colcon_meta'
[4.174s] Level 1:colcon.colcon_core.package_identification:_identify(src/AIHT) by extensions ['ros']
[4.175s] Level 1:colcon.colcon_core.package_identification:_identify(src/AIHT) by extension 'ros'
[4.181s] DEBUG:colcon.colcon_core.package_identification:Package 'src/AIHT' with type 'ros.ament_cmake' and name 'aiht_bot'
[4.182s] Level 1:colcon.colcon_core.package_identification:_identify(src/ml_model) by extensions ['ignore', 'ignore_ament_install']
[4.182s] Level 1:colcon.colcon_core.package_identification:_identify(src/ml_model) by extension 'ignore'
[4.182s] Level 1:colcon.colcon_core.package_identification:_identify(src/ml_model) by extension 'ignore_ament_install'
[4.182s] Level 1:colcon.colcon_core.package_identification:_identify(src/ml_model) by extensions ['colcon_pkg']
[4.182s] Level 1:colcon.colcon_core.package_identification:_identify(src/ml_model) by extension 'colcon_pkg'
[4.183s] Level 1:colcon.colcon_core.package_identification:_identify(src/ml_model) by extensions ['colcon_meta']
[4.183s] Level 1:colcon.colcon_core.package_identification:_identify(src/ml_model) by extension 'colcon_meta'
[4.183s] Level 1:colcon.colcon_core.package_identification:_identify(src/ml_model) by extensions ['ros']
[4.183s] Level 1:colcon.colcon_core.package_identification:_identify(src/ml_model) by extension 'ros'
[4.184s] DEBUG:colcon.colcon_core.package_identification:Package 'src/ml_model' with type 'ros.ament_python' and name 'ml_model'
[4.184s] Level 1:colcon.colcon_core.package_discovery:discover_packages(recursive) using defaults
[4.185s] Level 1:colcon.colcon_core.package_discovery:discover_packages(ignore) discover
[4.185s] Level 1:colcon.colcon_core.package_discovery:discover_packages(ignore) using defaults
[4.185s] Level 1:colcon.colcon_core.package_discovery:discover_packages(path) discover
[4.185s] Level 1:colcon.colcon_core.package_discovery:discover_packages(path) using defaults
[4.505s] Level 1:colcon.colcon_core.package_discovery:discover_packages(prefix_path) check parameters
[4.505s] Level 1:colcon.colcon_core.package_discovery:discover_packages(prefix_path) discover
[4.657s] DEBUG:colcon.colcon_installed_package_information.package_discovery:Found 391 installed packages in /opt/ros/humble
[4.689s] Level 1:colcon.colcon_core.package_discovery:discover_packages(prefix_path) using defaults
[5.116s] Level 5:colcon.colcon_core.verb:set package 'aiht_bot' build argument 'cmake_args' from command line to 'None'
[5.116s] Level 5:colcon.colcon_core.verb:set package 'aiht_bot' build argument 'cmake_target' from command line to 'None'
[5.116s] Level 5:colcon.colcon_core.verb:set package 'aiht_bot' build argument 'cmake_target_skip_unavailable' from command line to 'False'
[5.116s] Level 5:colcon.colcon_core.verb:set package 'aiht_bot' build argument 'cmake_clean_cache' from command line to 'False'
[5.116s] Level 5:colcon.colcon_core.verb:set package 'aiht_bot' build argument 'cmake_clean_first' from command line to 'False'
[5.116s] Level 5:colcon.colcon_core.verb:set package 'aiht_bot' build argument 'cmake_force_configure' from command line to 'False'
[5.116s] Level 5:colcon.colcon_core.verb:set package 'aiht_bot' build argument 'ament_cmake_args' from command line to 'None'
[5.116s] Level 5:colcon.colcon_core.verb:set package 'aiht_bot' build argument 'catkin_cmake_args' from command line to 'None'
[5.117s] Level 5:colcon.colcon_core.verb:set package 'aiht_bot' build argument 'catkin_skip_building_tests' from command line to 'False'
[5.117s] DEBUG:colcon.colcon_core.verb:Building package 'aiht_bot' with the following arguments: {'ament_cmake_args': None, 'build_base': '/home/bhavesh/Documents/AutonomousNavigationAndCollisionAvoidanceBot/AIHTsim/build/aiht_bot', 'catkin_cmake_args': None, 'catkin_skip_building_tests': False, 'cmake_args': None, 'cmake_clean_cache': False, 'cmake_clean_first': False, 'cmake_force_configure': False, 'cmake_target': None, 'cmake_target_skip_unavailable': False, 'install_base': '/home/bhavesh/Documents/AutonomousNavigationAndCollisionAvoidanceBot/AIHTsim/install/aiht_bot', 'merge_install': False, 'path': '/home/bhavesh/Documents/AutonomousNavigationAndCollisionAvoidanceBot/AIHTsim/src/AIHT', 'symlink_install': True, 'test_result_base': None}
[5.170s] Level 5:colcon.colcon_core.verb:set package 'ml_model' build argument 'cmake_args' from command line to 'None'
[5.171s] Level 5:colcon.colcon_core.verb:set package 'ml_model' build argument 'cmake_target' from command line to 'None'
[5.171s] Level 5:colcon.colcon_core.verb:set package 'ml_model' build argument 'cmake_target_skip_unavailable' from command line to 'False'
[5.171s] Level 5:colcon.colcon_core.verb:set package 'ml_model' build argument 'cmake_clean_cache' from command line to 'False'
[5.171s] Level 5:colcon.colcon_core.verb:set package 'ml_model' build argument 'cmake_clean_first' from command line to 'False'
[5.171s] Level 5:colcon.colcon_core.verb:set package 'ml_model' build argument 'cmake_force_configure' from command line to 'False'
[5.171s] Level 5:colcon.colcon_core.verb:set package 'ml_model' build argument 'ament_cmake_args' from command line to 'None'
[5.171s] Level 5:colcon.colcon_core.verb:set package 'ml_model' build argument 'catkin_cmake_args' from command line to 'None'
[5.171s] Level 5:colcon.colcon_core.verb:set package 'ml_model' build argument 'catkin_skip_building_tests' from command line to 'False'
[5.171s] DEBUG:colcon.colcon_core.verb:Building package 'ml_model' with the following arguments: {'ament_cmake_args': None, 'build_base': '/home/bhavesh/Documents/AutonomousNavigationAndCollisionAvoidanceBot/AIHTsim/build/ml_model', 'catkin_cmake_args': None, 'catkin_skip_building_tests': False, 'cmake_args': None, 'cmake_clean_cache': False, 'cmake_clean_first': False, 'cmake_force_configure': False, 'cmake_target': None, 'cmake_target_skip_unavailable': False, 'install_base': '/home/bhavesh/Documents/AutonomousNavigationAndCollisionAvoidanceBot/AIHTsim/install/ml_model', 'merge_install': False, 'path': '/home/bhavesh/Documents/AutonomousNavigationAndCollisionAvoidanceBot/AIHTsim/src/ml_model', 'symlink_install': True, 'test_result_base': None}
[5.227s] INFO:colcon.colcon_core.executor:Executing jobs using 'parallel' executor
[5.291s] DEBUG:colcon.colcon_parallel_executor.executor.parallel:run_until_complete
[5.291s] INFO:colcon.colcon_ros.task.ament_cmake.build:Building ROS package in '/home/bhavesh/Documents/AutonomousNavigationAndCollisionAvoidanceBot/AIHTsim/src/AIHT' with build type 'ament_cmake'
[5.292s] INFO:colcon.colcon_cmake.task.cmake.build:Building CMake package in '/home/bhavesh/Documents/AutonomousNavigationAndCollisionAvoidanceBot/AIHTsim/src/AIHT'
[5.365s] INFO:colcon.colcon_core.plugin_system:Skipping extension 'colcon_core.shell.bat': Not used on non-Windows systems
[5.366s] INFO:colcon.colcon_core.shell:Skip shell extension 'powershell' for command environment: Not usable outside of PowerShell
[5.366s] DEBUG:colcon.colcon_core.shell:Skip shell extension 'dsv' for command environment
[5.496s] INFO:colcon.colcon_ros.task.ament_python.build:Building ROS package in '/home/bhavesh/Documents/AutonomousNavigationAndCollisionAvoidanceBot/AIHTsim/src/ml_model' with build type 'ament_python'
[5.497s] Level 1:colcon.colcon_core.shell:create_environment_hook('ml_model', 'ament_prefix_path')
[5.565s] INFO:colcon.colcon_core.shell:Creating environment hook '/home/bhavesh/Documents/AutonomousNavigationAndCollisionAvoidanceBot/AIHTsim/install/ml_model/share/ml_model/hook/ament_prefix_path.ps1'
[5.569s] INFO:colcon.colcon_core.shell:Creating environment descriptor '/home/bhavesh/Documents/AutonomousNavigationAndCollisionAvoidanceBot/AIHTsim/install/ml_model/share/ml_model/hook/ament_prefix_path.dsv'
[5.571s] INFO:colcon.colcon_core.shell:Creating environment hook '/home/bhavesh/Documents/AutonomousNavigationAndCollisionAvoidanceBot/AIHTsim/install/ml_model/share/ml_model/hook/ament_prefix_path.sh'
[5.654s] INFO:colcon.colcon_core.shell:Skip shell extension 'powershell' for command environment: Not usable outside of PowerShell
[5.655s] DEBUG:colcon.colcon_core.shell:Skip shell extension 'dsv' for command environment
[5.876s] DEBUG:colcon.colcon_core.event_handler.log_command:Invoking command in '/home/bhavesh/Documents/AutonomousNavigationAndCollisionAvoidanceBot/AIHTsim/build/aiht_bot': CMAKE_PREFIX_PATH=/opt/ros/humble /usr/bin/cmake --build /home/bhavesh/Documents/AutonomousNavigationAndCollisionAvoidanceBot/AIHTsim/build/aiht_bot -- -j8 -l8
[7.036s] DEBUG:colcon.colcon_parallel_executor.executor.parallel:closing loop
[7.036s] DEBUG:colcon.colcon_parallel_executor.executor.parallel:loop closed
[7.037s] DEBUG:colcon.colcon_parallel_executor.executor.parallel:run_until_complete finished with 'Command '['/usr/bin/python3', '-c', 'import sys;from contextlib import suppress;exec("with suppress(ImportError):    from setuptools.extern.packaging.specifiers    import SpecifierSet");exec("with suppress(ImportError):    from packaging.specifiers import SpecifierSet");from distutils.core import run_setup;dist = run_setup(    \'setup.py\', script_args=(\'--dry-run\',), stop_after=\'config\');skip_keys = (\'cmdclass\', \'distclass\', \'ext_modules\', \'metadata\');data = {    key: value for key, value in dist.__dict__.items()     if (        not key.startswith(\'_\') and         not callable(value) and         key not in skip_keys and         key not in dist.display_option_names    )};data[\'metadata\'] = {    k: v for k, v in dist.metadata.__dict__.items()     if k not in (\'license_files\', \'provides_extras\')};sys.stdout.buffer.write(repr(data).encode(\'utf-8\'))']' returned non-zero exit status 1.'
[7.037s] DEBUG:colcon.colcon_core.event_reactor:joining thread
[7.146s] INFO:colcon.colcon_core.plugin_system:Skipping extension 'colcon_notification.desktop_notification.terminal_notifier': Not used on non-Darwin systems
[7.146s] INFO:colcon.colcon_core.plugin_system:Skipping extension 'colcon_notification.desktop_notification.win32': Not used on non-Windows systems
[7.146s] INFO:colcon.colcon_notification.desktop_notification:Sending desktop notification using 'notify2'
[7.200s] DEBUG:colcon.colcon_core.event_reactor:joined thread
[7.283s] INFO:colcon.colcon_core.shell:Creating prefix script '/home/bhavesh/Documents/AutonomousNavigationAndCollisionAvoidanceBot/AIHTsim/install/local_setup.ps1'
[7.288s] INFO:colcon.colcon_core.shell:Creating prefix util module '/home/bhavesh/Documents/AutonomousNavigationAndCollisionAvoidanceBot/AIHTsim/install/_local_setup_util_ps1.py'
[7.293s] INFO:colcon.colcon_core.shell:Creating prefix chain script '/home/bhavesh/Documents/AutonomousNavigationAndCollisionAvoidanceBot/AIHTsim/install/setup.ps1'
[7.375s] INFO:colcon.colcon_core.shell:Creating prefix script '/home/bhavesh/Documents/AutonomousNavigationAndCollisionAvoidanceBot/AIHTsim/install/local_setup.sh'
[7.377s] INFO:colcon.colcon_core.shell:Creating prefix util module '/home/bhavesh/Documents/AutonomousNavigationAndCollisionAvoidanceBot/AIHTsim/install/_local_setup_util_sh.py'
[7.379s] INFO:colcon.colcon_core.shell:Creating prefix chain script '/home/bhavesh/Documents/AutonomousNavigationAndCollisionAvoidanceBot/AIHTsim/install/setup.sh'
[7.456s] INFO:colcon.colcon_core.shell:Creating prefix script '/home/bhavesh/Documents/AutonomousNavigationAndCollisionAvoidanceBot/AIHTsim/install/local_setup.bash'
[7.459s] INFO:colcon.colcon_core.shell:Creating prefix chain script '/home/bhavesh/Documents/AutonomousNavigationAndCollisionAvoidanceBot/AIHTsim/install/setup.bash'
[7.531s] INFO:colcon.colcon_core.shell:Creating prefix script '/home/bhavesh/Documents/AutonomousNavigationAndCollisionAvoidanceBot/AIHTsim/install/local_setup.zsh'
[7.533s] INFO:colcon.colcon_core.shell:Creating prefix chain script '/home/bhavesh/Documents/AutonomousNavigationAndCollisionAvoidanceBot/AIHTsim/install/setup.zsh'
