[3.743s] DEBUG:colcon:Command line arguments: ['/usr/bin/colcon', 'build', '--symlink-install']
[3.743s] DEBUG:colcon:Parsed command line arguments: Namespace(log_base=None, log_level=None, verb_name='build', build_base='build', install_base='install', merge_install=False, symlink_install=True, test_result_base=None, continue_on_error=False, executor='parallel', parallel_workers=8, event_handlers=None, ignore_user_meta=False, metas=['./colcon.meta'], base_paths=['.'], packages_ignore=None, packages_ignore_regex=None, paths=None, packages_up_to=None, packages_up_to_regex=None, packages_above=None, packages_above_and_dependencies=None, packages_above_depth=None, packages_select_by_dep=None, packages_skip_by_dep=None, packages_skip_up_to=None, packages_select_build_failed=False, packages_skip_build_finished=False, packages_select_test_failures=False, packages_skip_test_passed=False, packages_select=None, packages_skip=None, packages_select_regex=None, packages_skip_regex=None, packages_start=None, packages_end=None, allow_overriding=[], cmake_args=None, cmake_target=None, cmake_target_skip_unavailable=False, cmake_clean_cache=False, cmake_clean_first=False, cmake_force_configure=False, ament_cmake_args=None, catkin_cmake_args=None, catkin_skip_building_tests=False, verb_parser=<colcon_defaults.argument_parser.defaults.DefaultArgumentsDecorator object at 0x7f6c1078e6e0>, verb_extension=<colcon_core.verb.build.BuildVerb object at 0x7f6c1078f0d0>, main=<bound method BuildVerb.main of <colcon_core.verb.build.BuildVerb object at 0x7f6c1078f0d0>>)
[3.930s] Level 1:colcon.colcon_core.package_discovery:discover_packages(colcon_meta) check parameters
[3.930s] Level 1:colcon.colcon_core.package_discovery:discover_packages(recursive) check parameters
[3.931s] Level 1:colcon.colcon_core.package_discovery:discover_packages(ignore) check parameters
[3.931s] Level 1:colcon.colcon_core.package_discovery:discover_packages(path) check parameters
[3.931s] Level 1:colcon.colcon_core.package_discovery:discover_packages(colcon_meta) discover
[3.931s] Level 1:colcon.colcon_core.package_discovery:discover_packages(recursive) discover
[3.931s] INFO:colcon.colcon_core.package_discovery:Crawling recursively for packages in '/home/bhavesh/Documents/AIHT'
[3.931s] Level 1:colcon.colcon_core.package_identification:_identify(.) by extensions ['ignore', 'ignore_ament_install']
[3.932s] Level 1:colcon.colcon_core.package_identification:_identify(.) by extension 'ignore'
[3.932s] Level 1:colcon.colcon_core.package_identification:_identify(.) by extension 'ignore_ament_install'
[3.932s] Level 1:colcon.colcon_core.package_identification:_identify(.) by extensions ['colcon_pkg']
[3.932s] Level 1:colcon.colcon_core.package_identification:_identify(.) by extension 'colcon_pkg'
[3.932s] Level 1:colcon.colcon_core.package_identification:_identify(.) by extensions ['colcon_meta']
[3.932s] Level 1:colcon.colcon_core.package_identification:_identify(.) by extension 'colcon_meta'
[3.933s] Level 1:colcon.colcon_core.package_identification:_identify(.) by extensions ['ros']
[3.933s] Level 1:colcon.colcon_core.package_identification:_identify(.) by extension 'ros'
[3.968s] Level 1:colcon.colcon_core.package_identification:_identify(.) by extensions ['cmake', 'python']
[3.968s] Level 1:colcon.colcon_core.package_identification:_identify(.) by extension 'cmake'
[3.968s] Level 1:colcon.colcon_core.package_identification:_identify(.) by extension 'python'
[3.969s] Level 1:colcon.colcon_core.package_identification:_identify(.) by extensions ['python_setup_py']
[3.969s] Level 1:colcon.colcon_core.package_identification:_identify(.) by extension 'python_setup_py'
[3.969s] Level 1:colcon.colcon_core.package_identification:_identify(build) by extensions ['ignore', 'ignore_ament_install']
[3.970s] Level 1:colcon.colcon_core.package_identification:_identify(build) by extension 'ignore'
[3.970s] Level 1:colcon.colcon_core.package_identification:_identify(build) ignored
[3.970s] Level 1:colcon.colcon_core.package_identification:_identify(install) by extensions ['ignore', 'ignore_ament_install']
[3.971s] Level 1:colcon.colcon_core.package_identification:_identify(install) by extension 'ignore'
[3.971s] Level 1:colcon.colcon_core.package_identification:_identify(install) ignored
[3.971s] Level 1:colcon.colcon_core.package_identification:_identify(log) by extensions ['ignore', 'ignore_ament_install']
[3.972s] Level 1:colcon.colcon_core.package_identification:_identify(log) by extension 'ignore'
[3.972s] Level 1:colcon.colcon_core.package_identification:_identify(log) ignored
[3.972s] Level 1:colcon.colcon_core.package_identification:_identify(src) by extensions ['ignore', 'ignore_ament_install']
[3.972s] Level 1:colcon.colcon_core.package_identification:_identify(src) by extension 'ignore'
[3.973s] Level 1:colcon.colcon_core.package_identification:_identify(src) by extension 'ignore_ament_install'
[3.973s] Level 1:colcon.colcon_core.package_identification:_identify(src) by extensions ['colcon_pkg']
[3.973s] Level 1:colcon.colcon_core.package_identification:_identify(src) by extension 'colcon_pkg'
[3.973s] Level 1:colcon.colcon_core.package_identification:_identify(src) by extensions ['colcon_meta']
[3.973s] Level 1:colcon.colcon_core.package_identification:_identify(src) by extension 'colcon_meta'
[3.973s] Level 1:colcon.colcon_core.package_identification:_identify(src) by extensions ['ros']
[3.974s] Level 1:colcon.colcon_core.package_identification:_identify(src) by extension 'ros'
[3.974s] Level 1:colcon.colcon_core.package_identification:_identify(src) by extensions ['cmake', 'python']
[3.974s] Level 1:colcon.colcon_core.package_identification:_identify(src) by extension 'cmake'
[3.974s] Level 1:colcon.colcon_core.package_identification:_identify(src) by extension 'python'
[3.974s] Level 1:colcon.colcon_core.package_identification:_identify(src) by extensions ['python_setup_py']
[3.975s] Level 1:colcon.colcon_core.package_identification:_identify(src) by extension 'python_setup_py'
[3.975s] Level 1:colcon.colcon_core.package_identification:_identify(src/AIHT) by extensions ['ignore', 'ignore_ament_install']
[3.975s] Level 1:colcon.colcon_core.package_identification:_identify(src/AIHT) by extension 'ignore'
[3.975s] Level 1:colcon.colcon_core.package_identification:_identify(src/AIHT) by extension 'ignore_ament_install'
[3.976s] Level 1:colcon.colcon_core.package_identification:_identify(src/AIHT) by extensions ['colcon_pkg']
[3.976s] Level 1:colcon.colcon_core.package_identification:_identify(src/AIHT) by extension 'colcon_pkg'
[3.976s] Level 1:colcon.colcon_core.package_identification:_identify(src/AIHT) by extensions ['colcon_meta']
[3.976s] Level 1:colcon.colcon_core.package_identification:_identify(src/AIHT) by extension 'colcon_meta'
[3.976s] Level 1:colcon.colcon_core.package_identification:_identify(src/AIHT) by extensions ['ros']
[3.976s] Level 1:colcon.colcon_core.package_identification:_identify(src/AIHT) by extension 'ros'
[3.984s] DEBUG:colcon.colcon_core.package_identification:Package 'src/AIHT' with type 'ros.ament_cmake' and name 'articubot_one'
[3.984s] Level 1:colcon.colcon_core.package_discovery:discover_packages(recursive) using defaults
[3.985s] Level 1:colcon.colcon_core.package_discovery:discover_packages(ignore) discover
[3.985s] Level 1:colcon.colcon_core.package_discovery:discover_packages(ignore) using defaults
[3.985s] Level 1:colcon.colcon_core.package_discovery:discover_packages(path) discover
[3.985s] Level 1:colcon.colcon_core.package_discovery:discover_packages(path) using defaults
[4.292s] Level 1:colcon.colcon_core.package_discovery:discover_packages(prefix_path) check parameters
[4.292s] Level 1:colcon.colcon_core.package_discovery:discover_packages(prefix_path) discover
[4.446s] DEBUG:colcon.colcon_installed_package_information.package_discovery:Found 391 installed packages in /opt/ros/humble
[4.457s] Level 1:colcon.colcon_core.package_discovery:discover_packages(prefix_path) using defaults
[4.881s] Level 5:colcon.colcon_core.verb:set package 'articubot_one' build argument 'cmake_args' from command line to 'None'
[4.881s] Level 5:colcon.colcon_core.verb:set package 'articubot_one' build argument 'cmake_target' from command line to 'None'
[4.881s] Level 5:colcon.colcon_core.verb:set package 'articubot_one' build argument 'cmake_target_skip_unavailable' from command line to 'False'
[4.881s] Level 5:colcon.colcon_core.verb:set package 'articubot_one' build argument 'cmake_clean_cache' from command line to 'False'
[4.881s] Level 5:colcon.colcon_core.verb:set package 'articubot_one' build argument 'cmake_clean_first' from command line to 'False'
[4.881s] Level 5:colcon.colcon_core.verb:set package 'articubot_one' build argument 'cmake_force_configure' from command line to 'False'
[4.881s] Level 5:colcon.colcon_core.verb:set package 'articubot_one' build argument 'ament_cmake_args' from command line to 'None'
[4.882s] Level 5:colcon.colcon_core.verb:set package 'articubot_one' build argument 'catkin_cmake_args' from command line to 'None'
[4.882s] Level 5:colcon.colcon_core.verb:set package 'articubot_one' build argument 'catkin_skip_building_tests' from command line to 'False'
[4.882s] DEBUG:colcon.colcon_core.verb:Building package 'articubot_one' with the following arguments: {'ament_cmake_args': None, 'build_base': '/home/bhavesh/Documents/AIHT/build/articubot_one', 'catkin_cmake_args': None, 'catkin_skip_building_tests': False, 'cmake_args': None, 'cmake_clean_cache': False, 'cmake_clean_first': False, 'cmake_force_configure': False, 'cmake_target': None, 'cmake_target_skip_unavailable': False, 'install_base': '/home/bhavesh/Documents/AIHT/install/articubot_one', 'merge_install': False, 'path': '/home/bhavesh/Documents/AIHT/src/AIHT', 'symlink_install': True, 'test_result_base': None}
[4.929s] INFO:colcon.colcon_core.executor:Executing jobs using 'parallel' executor
[4.976s] DEBUG:colcon.colcon_parallel_executor.executor.parallel:run_until_complete
[4.977s] INFO:colcon.colcon_ros.task.ament_cmake.build:Building ROS package in '/home/bhavesh/Documents/AIHT/src/AIHT' with build type 'ament_cmake'
[4.977s] INFO:colcon.colcon_cmake.task.cmake.build:Building CMake package in '/home/bhavesh/Documents/AIHT/src/AIHT'
[5.038s] INFO:colcon.colcon_core.plugin_system:Skipping extension 'colcon_core.shell.bat': Not used on non-Windows systems
[5.038s] INFO:colcon.colcon_core.shell:Skip shell extension 'powershell' for command environment: Not usable outside of PowerShell
[5.038s] DEBUG:colcon.colcon_core.shell:Skip shell extension 'dsv' for command environment
[5.168s] DEBUG:colcon.colcon_core.event_handler.log_command:Invoking command in '/home/bhavesh/Documents/AIHT/build/articubot_one': CMAKE_PREFIX_PATH=/opt/ros/humble /usr/bin/cmake /home/bhavesh/Documents/AIHT/src/AIHT -DAMENT_CMAKE_SYMLINK_INSTALL=1 -DCMAKE_INSTALL_PREFIX=/home/bhavesh/Documents/AIHT/install/articubot_one
[5.198s] DEBUG:colcon.colcon_core.event_handler.log_command:Invoked command in '/home/bhavesh/Documents/AIHT/build/articubot_one' returned '1': CMAKE_PREFIX_PATH=/opt/ros/humble /usr/bin/cmake /home/bhavesh/Documents/AIHT/src/AIHT -DAMENT_CMAKE_SYMLINK_INSTALL=1 -DCMAKE_INSTALL_PREFIX=/home/bhavesh/Documents/AIHT/install/articubot_one
[5.237s] Level 1:colcon.colcon_core.environment:create_environment_scripts_only(articubot_one)
[5.306s] Level 1:colcon.colcon_core.environment:checking '/home/bhavesh/Documents/AIHT/install/articubot_one' for CMake module files
[5.308s] Level 1:colcon.colcon_core.environment:checking '/home/bhavesh/Documents/AIHT/install/articubot_one' for CMake config files
[5.308s] Level 1:colcon.colcon_core.shell:create_environment_hook('articubot_one', 'cmake_prefix_path')
[5.365s] INFO:colcon.colcon_core.shell:Creating environment hook '/home/bhavesh/Documents/AIHT/install/articubot_one/share/articubot_one/hook/cmake_prefix_path.ps1'
[5.366s] INFO:colcon.colcon_core.shell:Creating environment descriptor '/home/bhavesh/Documents/AIHT/install/articubot_one/share/articubot_one/hook/cmake_prefix_path.dsv'
[5.367s] INFO:colcon.colcon_core.shell:Creating environment hook '/home/bhavesh/Documents/AIHT/install/articubot_one/share/articubot_one/hook/cmake_prefix_path.sh'
[5.370s] Level 1:colcon.colcon_core.environment:checking '/home/bhavesh/Documents/AIHT/install/articubot_one/bin'
[5.370s] Level 1:colcon.colcon_core.environment:checking '/home/bhavesh/Documents/AIHT/install/articubot_one/lib/pkgconfig/articubot_one.pc'
[5.371s] Level 1:colcon.colcon_core.environment:checking '/home/bhavesh/Documents/AIHT/install/articubot_one/lib/python3.10/site-packages'
[5.371s] Level 1:colcon.colcon_core.environment:checking '/home/bhavesh/Documents/AIHT/install/articubot_one/bin'
[5.433s] INFO:colcon.colcon_core.shell:Creating package script '/home/bhavesh/Documents/AIHT/install/articubot_one/share/articubot_one/package.ps1'
[5.436s] INFO:colcon.colcon_core.shell:Creating package descriptor '/home/bhavesh/Documents/AIHT/install/articubot_one/share/articubot_one/package.dsv'
[5.438s] INFO:colcon.colcon_core.shell:Creating package script '/home/bhavesh/Documents/AIHT/install/articubot_one/share/articubot_one/package.sh'
[5.440s] INFO:colcon.colcon_core.shell:Creating package script '/home/bhavesh/Documents/AIHT/install/articubot_one/share/articubot_one/package.bash'
[5.443s] INFO:colcon.colcon_core.shell:Creating package script '/home/bhavesh/Documents/AIHT/install/articubot_one/share/articubot_one/package.zsh'
[5.445s] Level 1:colcon.colcon_core.environment:create_file_with_runtime_dependencies(/home/bhavesh/Documents/AIHT/install/articubot_one/share/colcon-core/packages/articubot_one)
[5.456s] DEBUG:colcon.colcon_parallel_executor.executor.parallel:closing loop
[5.456s] DEBUG:colcon.colcon_parallel_executor.executor.parallel:loop closed
[5.456s] DEBUG:colcon.colcon_parallel_executor.executor.parallel:run_until_complete finished with '1'
[5.456s] DEBUG:colcon.colcon_core.event_reactor:joining thread
[5.549s] INFO:colcon.colcon_core.plugin_system:Skipping extension 'colcon_notification.desktop_notification.terminal_notifier': Not used on non-Darwin systems
[5.550s] INFO:colcon.colcon_core.plugin_system:Skipping extension 'colcon_notification.desktop_notification.win32': Not used on non-Windows systems
[5.550s] INFO:colcon.colcon_notification.desktop_notification:Sending desktop notification using 'notify2'
[5.596s] DEBUG:colcon.colcon_core.event_reactor:joined thread
[5.671s] INFO:colcon.colcon_core.shell:Creating prefix script '/home/bhavesh/Documents/AIHT/install/local_setup.ps1'
[5.674s] INFO:colcon.colcon_core.shell:Creating prefix util module '/home/bhavesh/Documents/AIHT/install/_local_setup_util_ps1.py'
[5.679s] INFO:colcon.colcon_core.shell:Creating prefix chain script '/home/bhavesh/Documents/AIHT/install/setup.ps1'
[5.747s] INFO:colcon.colcon_core.shell:Creating prefix script '/home/bhavesh/Documents/AIHT/install/local_setup.sh'
[5.749s] INFO:colcon.colcon_core.shell:Creating prefix util module '/home/bhavesh/Documents/AIHT/install/_local_setup_util_sh.py'
[5.750s] INFO:colcon.colcon_core.shell:Creating prefix chain script '/home/bhavesh/Documents/AIHT/install/setup.sh'
[5.818s] INFO:colcon.colcon_core.shell:Creating prefix script '/home/bhavesh/Documents/AIHT/install/local_setup.bash'
[5.822s] INFO:colcon.colcon_core.shell:Creating prefix chain script '/home/bhavesh/Documents/AIHT/install/setup.bash'
[5.889s] INFO:colcon.colcon_core.shell:Creating prefix script '/home/bhavesh/Documents/AIHT/install/local_setup.zsh'
[5.892s] INFO:colcon.colcon_core.shell:Creating prefix chain script '/home/bhavesh/Documents/AIHT/install/setup.zsh'
