[0.228s] Invoking command in '/home/bhavesh/Downloads/ares_bot_ws/build/articubot_one': CMAKE_PREFIX_PATH=/opt/ros/humble /usr/bin/cmake /home/bhavesh/Downloads/ares_bot_ws/src/articubot_one -DCMAKE_INSTALL_PREFIX=/home/bhavesh/Downloads/ares_bot_ws/install/articubot_one
[0.489s] -- The C compiler identification is GNU 11.4.0
[0.727s] -- The CXX compiler identification is GNU 11.4.0
[0.756s] -- Detecting C compiler ABI info
[1.016s] -- Detecting C compiler ABI info - done
[1.047s] -- Check for working C compiler: /usr/bin/cc - skipped
[1.048s] -- Detecting C compile features
[1.050s] -- Detecting C compile features - done
[1.063s] -- Detecting CXX compiler ABI info
[1.370s] -- Detecting CXX compiler ABI info - done
[1.401s] -- Check for working CXX compiler: /usr/bin/c++ - skipped
[1.402s] -- Detecting CXX compile features
[1.404s] -- Detecting CXX compile features - done
[1.416s] -- Found ament_cmake: 1.3.6 (/opt/ros/humble/share/ament_cmake/cmake)
[2.067s] -- Found Python3: /usr/bin/python3.10 (found version "3.10.12") found components: Interpreter 
[2.408s] -- Found ament_lint_auto: 0.12.9 (/opt/ros/humble/share/ament_lint_auto/cmake)
[2.711s] -- Added test 'copyright' to check source files copyright and LICENSE
[2.728s] -- Added test 'flake8' to check Python code syntax and style conventions
[2.732s] -- Added test 'lint_cmake' to check CMake code style
[2.734s] -- Added test 'pep257' to check Python code against some of the docstring style conventions in PEP 257
[2.744s] -- Added test 'xmllint' to check XML markup files
[2.748s] -- Configuring done
[2.760s] -- Generating done
[2.763s] -- Build files have been written to: /home/bhavesh/Downloads/ares_bot_ws/build/articubot_one
[2.778s] Invoked command in '/home/bhavesh/Downloads/ares_bot_ws/build/articubot_one' returned '0': CMAKE_PREFIX_PATH=/opt/ros/humble /usr/bin/cmake /home/bhavesh/Downloads/ares_bot_ws/src/articubot_one -DCMAKE_INSTALL_PREFIX=/home/bhavesh/Downloads/ares_bot_ws/install/articubot_one
[2.785s] Invoking command in '/home/bhavesh/Downloads/ares_bot_ws/build/articubot_one': CMAKE_PREFIX_PATH=/opt/ros/humble /usr/bin/cmake --build /home/bhavesh/Downloads/ares_bot_ws/build/articubot_one -- -j8 -l8
[2.932s] Invoked command in '/home/bhavesh/Downloads/ares_bot_ws/build/articubot_one' returned '0': CMAKE_PREFIX_PATH=/opt/ros/humble /usr/bin/cmake --build /home/bhavesh/Downloads/ares_bot_ws/build/articubot_one -- -j8 -l8
[3.065s] Invoking command in '/home/bhavesh/Downloads/ares_bot_ws/build/articubot_one': CMAKE_PREFIX_PATH=/opt/ros/humble /usr/bin/cmake --install /home/bhavesh/Downloads/ares_bot_ws/build/articubot_one
[3.096s] -- Install configuration: ""
[3.097s] -- Installing: /home/bhavesh/Downloads/ares_bot_ws/install/articubot_one/share/articubot_one/config
[3.097s] -- Installing: /home/bhavesh/Downloads/ares_bot_ws/install/articubot_one/share/articubot_one/config/gaz_ros2_ctl_use_sim.yaml
[3.098s] -- Installing: /home/bhavesh/Downloads/ares_bot_ws/install/articubot_one/share/articubot_one/config/nav2_params.yaml
[3.098s] -- Installing: /home/bhavesh/Downloads/ares_bot_ws/install/articubot_one/share/articubot_one/config/map.rviz
[3.099s] -- Installing: /home/bhavesh/Downloads/ares_bot_ws/install/articubot_one/share/articubot_one/config/ball_tracker_params_robot.yaml
[3.099s] -- Installing: /home/bhavesh/Downloads/ares_bot_ws/install/articubot_one/share/articubot_one/config/view_bot.rviz
[3.100s] -- Installing: /home/bhavesh/Downloads/ares_bot_ws/install/articubot_one/share/articubot_one/config/ball_tracker_params_sim.yaml
[3.100s] -- Installing: /home/bhavesh/Downloads/ares_bot_ws/install/articubot_one/share/articubot_one/config/empty.yaml
[3.101s] -- Installing: /home/bhavesh/Downloads/ares_bot_ws/install/articubot_one/share/articubot_one/config/main.rviz
[3.101s] -- Installing: /home/bhavesh/Downloads/ares_bot_ws/install/articubot_one/share/articubot_one/config/joystick.yaml
[3.102s] -- Installing: /home/bhavesh/Downloads/ares_bot_ws/install/articubot_one/share/articubot_one/config/mapper_params_online_async.yaml
[3.102s] -- Installing: /home/bhavesh/Downloads/ares_bot_ws/install/articubot_one/share/articubot_one/config/my_controllers.yaml
[3.103s] -- Installing: /home/bhavesh/Downloads/ares_bot_ws/install/articubot_one/share/articubot_one/config/gazebo_params.yaml
[3.103s] -- Installing: /home/bhavesh/Downloads/ares_bot_ws/install/articubot_one/share/articubot_one/config/twist_mux.yaml
[3.104s] -- Installing: /home/bhavesh/Downloads/ares_bot_ws/install/articubot_one/share/articubot_one/config/drive_bot.rviz
[3.104s] -- Installing: /home/bhavesh/Downloads/ares_bot_ws/install/articubot_one/share/articubot_one/description
[3.104s] -- Installing: /home/bhavesh/Downloads/ares_bot_ws/install/articubot_one/share/articubot_one/description/inertial_macros.xacro
[3.105s] -- Installing: /home/bhavesh/Downloads/ares_bot_ws/install/articubot_one/share/articubot_one/description/lidar.xacro
[3.106s] -- Installing: /home/bhavesh/Downloads/ares_bot_ws/install/articubot_one/share/articubot_one/description/gazebo_control.xacro
[3.106s] -- Installing: /home/bhavesh/Downloads/ares_bot_ws/install/articubot_one/share/articubot_one/description/ros2_control.xacro
[3.106s] -- Installing: /home/bhavesh/Downloads/ares_bot_ws/install/articubot_one/share/articubot_one/description/robot_core.xacro
[3.107s] -- Installing: /home/bhavesh/Downloads/ares_bot_ws/install/articubot_one/share/articubot_one/description/camera.xacro
[3.107s] -- Installing: /home/bhavesh/Downloads/ares_bot_ws/install/articubot_one/share/articubot_one/description/depth_camera.xacro
[3.108s] -- Installing: /home/bhavesh/Downloads/ares_bot_ws/install/articubot_one/share/articubot_one/description/robot.urdf.xacro
[3.109s] -- Installing: /home/bhavesh/Downloads/ares_bot_ws/install/articubot_one/share/articubot_one/description/face.xacro
[3.109s] -- Installing: /home/bhavesh/Downloads/ares_bot_ws/install/articubot_one/share/articubot_one/launch
[3.110s] -- Installing: /home/bhavesh/Downloads/ares_bot_ws/install/articubot_one/share/articubot_one/launch/joystick.launch.py
[3.111s] -- Installing: /home/bhavesh/Downloads/ares_bot_ws/install/articubot_one/share/articubot_one/launch/online_async_launch.py
[3.112s] -- Installing: /home/bhavesh/Downloads/ares_bot_ws/install/articubot_one/share/articubot_one/launch/launch_sim.launch.py
[3.113s] -- Installing: /home/bhavesh/Downloads/ares_bot_ws/install/articubot_one/share/articubot_one/launch/localization_launch.py
[3.114s] -- Installing: /home/bhavesh/Downloads/ares_bot_ws/install/articubot_one/share/articubot_one/launch/rplidar.launch.py
[3.115s] -- Installing: /home/bhavesh/Downloads/ares_bot_ws/install/articubot_one/share/articubot_one/launch/rsp.launch.py
[3.115s] -- Installing: /home/bhavesh/Downloads/ares_bot_ws/install/articubot_one/share/articubot_one/launch/ball_tracker.launch.py
[3.116s] -- Installing: /home/bhavesh/Downloads/ares_bot_ws/install/articubot_one/share/articubot_one/launch/camera.launch.py
[3.116s] -- Installing: /home/bhavesh/Downloads/ares_bot_ws/install/articubot_one/share/articubot_one/launch/navigation_launch.py
[3.116s] -- Installing: /home/bhavesh/Downloads/ares_bot_ws/install/articubot_one/share/articubot_one/launch/launch_robot.launch.py
[3.117s] -- Installing: /home/bhavesh/Downloads/ares_bot_ws/install/articubot_one/share/articubot_one/worlds
[3.117s] -- Installing: /home/bhavesh/Downloads/ares_bot_ws/install/articubot_one/share/articubot_one/worlds/obstacles.world
[3.117s] -- Installing: /home/bhavesh/Downloads/ares_bot_ws/install/articubot_one/share/articubot_one/worlds/empty.world
[3.118s] -- Installing: /home/bhavesh/Downloads/ares_bot_ws/install/articubot_one/share/ament_index/resource_index/package_run_dependencies/articubot_one
[3.118s] -- Installing: /home/bhavesh/Downloads/ares_bot_ws/install/articubot_one/share/ament_index/resource_index/parent_prefix_path/articubot_one
[3.118s] -- Installing: /home/bhavesh/Downloads/ares_bot_ws/install/articubot_one/share/articubot_one/environment/ament_prefix_path.sh
[3.119s] -- Installing: /home/bhavesh/Downloads/ares_bot_ws/install/articubot_one/share/articubot_one/environment/ament_prefix_path.dsv
[3.119s] -- Installing: /home/bhavesh/Downloads/ares_bot_ws/install/articubot_one/share/articubot_one/environment/path.sh
[3.120s] -- Installing: /home/bhavesh/Downloads/ares_bot_ws/install/articubot_one/share/articubot_one/environment/path.dsv
[3.121s] -- Installing: /home/bhavesh/Downloads/ares_bot_ws/install/articubot_one/share/articubot_one/local_setup.bash
[3.122s] -- Installing: /home/bhavesh/Downloads/ares_bot_ws/install/articubot_one/share/articubot_one/local_setup.sh
[3.122s] -- Installing: /home/bhavesh/Downloads/ares_bot_ws/install/articubot_one/share/articubot_one/local_setup.zsh
[3.123s] -- Installing: /home/bhavesh/Downloads/ares_bot_ws/install/articubot_one/share/articubot_one/local_setup.dsv
[3.123s] -- Installing: /home/bhavesh/Downloads/ares_bot_ws/install/articubot_one/share/articubot_one/package.dsv
[3.124s] -- Installing: /home/bhavesh/Downloads/ares_bot_ws/install/articubot_one/share/ament_index/resource_index/packages/articubot_one
[3.125s] -- Installing: /home/bhavesh/Downloads/ares_bot_ws/install/articubot_one/share/articubot_one/cmake/articubot_oneConfig.cmake
[3.125s] -- Installing: /home/bhavesh/Downloads/ares_bot_ws/install/articubot_one/share/articubot_one/cmake/articubot_oneConfig-version.cmake
[3.126s] -- Installing: /home/bhavesh/Downloads/ares_bot_ws/install/articubot_one/share/articubot_one/package.xml
[3.133s] Invoked command in '/home/bhavesh/Downloads/ares_bot_ws/build/articubot_one' returned '0': CMAKE_PREFIX_PATH=/opt/ros/humble /usr/bin/cmake --install /home/bhavesh/Downloads/ares_bot_ws/build/articubot_one
