[3.664s] Invoking command in '/home/bhavesh/Documents/AutonomousNavigationAndCollisionAvoidanceBot/AIHTsim/build/ml_model': PYTHONPATH=/home/bhavesh/Documents/AutonomousNavigationAndCollisionAvoidanceBot/AIHTsim/build/ml_model/prefix_override:/home/bhavesh/Documents/AutonomousNavigationAndCollisionAvoidanceBot/AIHTsim/install/ml_model/lib/python3.10/site-packages:${PYTHONPATH} /usr/bin/python3 setup.py develop --editable --build-directory /home/bhavesh/Documents/AutonomousNavigationAndCollisionAvoidanceBot/AIHTsim/build/ml_model/build --no-deps install_data
[5.038s] running develop
[5.040s] /usr/lib/python3/dist-packages/setuptools/command/easy_install.py:158: EasyInstallDeprecationWarning: easy_install command is deprecated. Use build and pip and other standards-based tools.
[5.041s]   warnings.warn(
[5.048s] /usr/lib/python3/dist-packages/setuptools/command/install.py:34: SetuptoolsDeprecationWarning: setup.py install is deprecated. Use build and pip and other standards-based tools.
[5.049s]   warnings.warn(
[6.073s] running egg_info
[6.073s] creating ml_model.egg-info
[6.074s] writing ml_model.egg-info/PKG-INFO
[6.077s] writing dependency_links to ml_model.egg-info/dependency_links.txt
[6.078s] writing entry points to ml_model.egg-info/entry_points.txt
[6.079s] writing requirements to ml_model.egg-info/requires.txt
[6.079s] writing top-level names to ml_model.egg-info/top_level.txt
[6.080s] writing manifest file 'ml_model.egg-info/SOURCES.txt'
[6.087s] reading manifest file 'ml_model.egg-info/SOURCES.txt'
[6.090s] writing manifest file 'ml_model.egg-info/SOURCES.txt'
[6.097s] running build_ext
[6.098s] Creating /home/bhavesh/Documents/AutonomousNavigationAndCollisionAvoidanceBot/AIHTsim/install/ml_model/lib/python3.10/site-packages/ml-model.egg-link (link to .)
[6.103s] Installing model1 script to /home/bhavesh/Documents/AutonomousNavigationAndCollisionAvoidanceBot/AIHTsim/install/ml_model/lib/ml_model
[6.105s] 
[6.105s] Installed /home/bhavesh/Documents/AutonomousNavigationAndCollisionAvoidanceBot/AIHTsim/build/ml_model
[6.106s] running install_data
[6.107s] creating /home/bhavesh/Documents/AutonomousNavigationAndCollisionAvoidanceBot/AIHTsim/install/ml_model/share/ament_index
[6.108s] creating /home/bhavesh/Documents/AutonomousNavigationAndCollisionAvoidanceBot/AIHTsim/install/ml_model/share/ament_index/resource_index
[6.109s] creating /home/bhavesh/Documents/AutonomousNavigationAndCollisionAvoidanceBot/AIHTsim/install/ml_model/share/ament_index/resource_index/packages
[6.109s] copying resource/ml_model -> /home/bhavesh/Documents/AutonomousNavigationAndCollisionAvoidanceBot/AIHTsim/install/ml_model/share/ament_index/resource_index/packages
[6.110s] copying package.xml -> /home/bhavesh/Documents/AutonomousNavigationAndCollisionAvoidanceBot/AIHTsim/install/ml_model/share/ml_model
[6.229s] Invoked command in '/home/bhavesh/Documents/AutonomousNavigationAndCollisionAvoidanceBot/AIHTsim/build/ml_model' returned '0': PYTHONPATH=/home/bhavesh/Documents/AutonomousNavigationAndCollisionAvoidanceBot/AIHTsim/build/ml_model/prefix_override:/home/bhavesh/Documents/AutonomousNavigationAndCollisionAvoidanceBot/AIHTsim/install/ml_model/lib/python3.10/site-packages:${PYTHONPATH} /usr/bin/python3 setup.py develop --editable --build-directory /home/bhavesh/Documents/AutonomousNavigationAndCollisionAvoidanceBot/AIHTsim/build/ml_model/build --no-deps install_data
