[5.241s] DEBUG:colcon:Command line arguments: ['/usr/bin/colcon', 'build', '--symlink-install']
[5.241s] DEBUG:colcon:Parsed command line arguments: Namespace(log_base=None, log_level=None, verb_name='build', build_base='build', install_base='install', merge_install=False, symlink_install=True, test_result_base=None, continue_on_error=False, executor='parallel', parallel_workers=8, event_handlers=None, ignore_user_meta=False, metas=['./colcon.meta'], base_paths=['.'], packages_ignore=None, packages_ignore_regex=None, paths=None, packages_up_to=None, packages_up_to_regex=None, packages_above=None, packages_above_and_dependencies=None, packages_above_depth=None, packages_select_by_dep=None, packages_skip_by_dep=None, packages_skip_up_to=None, packages_select_build_failed=False, packages_skip_build_finished=False, packages_select_test_failures=False, packages_skip_test_passed=False, packages_select=None, packages_skip=None, packages_select_regex=None, packages_skip_regex=None, packages_start=None, packages_end=None, allow_overriding=[], cmake_args=None, cmake_target=None, cmake_target_skip_unavailable=False, cmake_clean_cache=False, cmake_clean_first=False, cmake_force_configure=False, ament_cmake_args=None, catkin_cmake_args=None, catkin_skip_building_tests=False, verb_parser=<colcon_defaults.argument_parser.defaults.DefaultArgumentsDecorator object at 0x7ff6079866b0>, verb_extension=<colcon_core.verb.build.BuildVerb object at 0x7ff607987370>, main=<bound method BuildVerb.main of <colcon_core.verb.build.BuildVerb object at 0x7ff607987370>>)
[5.523s] Level 1:colcon.colcon_core.package_discovery:discover_packages(colcon_meta) check parameters
[5.523s] Level 1:colcon.colcon_core.package_discovery:discover_packages(recursive) check parameters
[5.524s] Level 1:colcon.colcon_core.package_discovery:discover_packages(ignore) check parameters
[5.524s] Level 1:colcon.colcon_core.package_discovery:discover_packages(path) check parameters
[5.524s] Level 1:colcon.colcon_core.package_discovery:discover_packages(colcon_meta) discover
[5.524s] Level 1:colcon.colcon_core.package_discovery:discover_packages(recursive) discover
[5.524s] INFO:colcon.colcon_core.package_discovery:Crawling recursively for packages in '/home/bhavesh/Documents/AutonomousNavigationAndCollisionAvoidanceBot/AIHTsim'
[5.525s] Level 1:colcon.colcon_core.package_identification:_identify(.) by extensions ['ignore', 'ignore_ament_install']
[5.525s] Level 1:colcon.colcon_core.package_identification:_identify(.) by extension 'ignore'
[5.525s] Level 1:colcon.colcon_core.package_identification:_identify(.) by extension 'ignore_ament_install'
[5.526s] Level 1:colcon.colcon_core.package_identification:_identify(.) by extensions ['colcon_pkg']
[5.526s] Level 1:colcon.colcon_core.package_identification:_identify(.) by extension 'colcon_pkg'
[5.526s] Level 1:colcon.colcon_core.package_identification:_identify(.) by extensions ['colcon_meta']
[5.526s] Level 1:colcon.colcon_core.package_identification:_identify(.) by extension 'colcon_meta'
[5.526s] Level 1:colcon.colcon_core.package_identification:_identify(.) by extensions ['ros']
[5.526s] Level 1:colcon.colcon_core.package_identification:_identify(.) by extension 'ros'
[5.582s] Level 1:colcon.colcon_core.package_identification:_identify(.) by extensions ['cmake', 'python']
[5.582s] Level 1:colcon.colcon_core.package_identification:_identify(.) by extension 'cmake'
[5.582s] Level 1:colcon.colcon_core.package_identification:_identify(.) by extension 'python'
[5.583s] Level 1:colcon.colcon_core.package_identification:_identify(.) by extensions ['python_setup_py']
[5.583s] Level 1:colcon.colcon_core.package_identification:_identify(.) by extension 'python_setup_py'
[5.584s] Level 1:colcon.colcon_core.package_identification:_identify(build) by extensions ['ignore', 'ignore_ament_install']
[5.585s] Level 1:colcon.colcon_core.package_identification:_identify(build) by extension 'ignore'
[5.585s] Level 1:colcon.colcon_core.package_identification:_identify(build) ignored
[5.586s] Level 1:colcon.colcon_core.package_identification:_identify(install) by extensions ['ignore', 'ignore_ament_install']
[5.586s] Level 1:colcon.colcon_core.package_identification:_identify(install) by extension 'ignore'
[5.587s] Level 1:colcon.colcon_core.package_identification:_identify(install) ignored
[5.587s] Level 1:colcon.colcon_core.package_identification:_identify(log) by extensions ['ignore', 'ignore_ament_install']
[5.588s] Level 1:colcon.colcon_core.package_identification:_identify(log) by extension 'ignore'
[5.588s] Level 1:colcon.colcon_core.package_identification:_identify(log) ignored
[5.589s] Level 1:colcon.colcon_core.package_identification:_identify(src) by extensions ['ignore', 'ignore_ament_install']
[5.590s] Level 1:colcon.colcon_core.package_identification:_identify(src) by extension 'ignore'
[5.590s] Level 1:colcon.colcon_core.package_identification:_identify(src) by extension 'ignore_ament_install'
[5.590s] Level 1:colcon.colcon_core.package_identification:_identify(src) by extensions ['colcon_pkg']
[5.590s] Level 1:colcon.colcon_core.package_identification:_identify(src) by extension 'colcon_pkg'
[5.591s] Level 1:colcon.colcon_core.package_identification:_identify(src) by extensions ['colcon_meta']
[5.591s] Level 1:colcon.colcon_core.package_identification:_identify(src) by extension 'colcon_meta'
[5.591s] Level 1:colcon.colcon_core.package_identification:_identify(src) by extensions ['ros']
[5.591s] Level 1:colcon.colcon_core.package_identification:_identify(src) by extension 'ros'
[5.591s] Level 1:colcon.colcon_core.package_identification:_identify(src) by extensions ['cmake', 'python']
[5.592s] Level 1:colcon.colcon_core.package_identification:_identify(src) by extension 'cmake'
[5.592s] Level 1:colcon.colcon_core.package_identification:_identify(src) by extension 'python'
[5.592s] Level 1:colcon.colcon_core.package_identification:_identify(src) by extensions ['python_setup_py']
[5.592s] Level 1:colcon.colcon_core.package_identification:_identify(src) by extension 'python_setup_py'
[5.593s] Level 1:colcon.colcon_core.package_identification:_identify(src/AIHT) by extensions ['ignore', 'ignore_ament_install']
[5.593s] Level 1:colcon.colcon_core.package_identification:_identify(src/AIHT) by extension 'ignore'
[5.593s] Level 1:colcon.colcon_core.package_identification:_identify(src/AIHT) by extension 'ignore_ament_install'
[5.594s] Level 1:colcon.colcon_core.package_identification:_identify(src/AIHT) by extensions ['colcon_pkg']
[5.594s] Level 1:colcon.colcon_core.package_identification:_identify(src/AIHT) by extension 'colcon_pkg'
[5.594s] Level 1:colcon.colcon_core.package_identification:_identify(src/AIHT) by extensions ['colcon_meta']
[5.594s] Level 1:colcon.colcon_core.package_identification:_identify(src/AIHT) by extension 'colcon_meta'
[5.594s] Level 1:colcon.colcon_core.package_identification:_identify(src/AIHT) by extensions ['ros']
[5.594s] Level 1:colcon.colcon_core.package_identification:_identify(src/AIHT) by extension 'ros'
[5.608s] DEBUG:colcon.colcon_core.package_identification:Package 'src/AIHT' with type 'ros.ament_cmake' and name 'aiht_bot'
[5.609s] Level 1:colcon.colcon_core.package_identification:_identify(src/ml_model) by extensions ['ignore', 'ignore_ament_install']
[5.609s] Level 1:colcon.colcon_core.package_identification:_identify(src/ml_model) by extension 'ignore'
[5.609s] Level 1:colcon.colcon_core.package_identification:_identify(src/ml_model) by extension 'ignore_ament_install'
[5.610s] Level 1:colcon.colcon_core.package_identification:_identify(src/ml_model) by extensions ['colcon_pkg']
[5.610s] Level 1:colcon.colcon_core.package_identification:_identify(src/ml_model) by extension 'colcon_pkg'
[5.610s] Level 1:colcon.colcon_core.package_identification:_identify(src/ml_model) by extensions ['colcon_meta']
[5.610s] Level 1:colcon.colcon_core.package_identification:_identify(src/ml_model) by extension 'colcon_meta'
[5.610s] Level 1:colcon.colcon_core.package_identification:_identify(src/ml_model) by extensions ['ros']
[5.611s] Level 1:colcon.colcon_core.package_identification:_identify(src/ml_model) by extension 'ros'
[5.612s] DEBUG:colcon.colcon_core.package_identification:Package 'src/ml_model' with type 'ros.ament_python' and name 'ml_model'
[5.613s] Level 1:colcon.colcon_core.package_identification:_identify(src/tinyml_model) by extensions ['ignore', 'ignore_ament_install']
[5.613s] Level 1:colcon.colcon_core.package_identification:_identify(src/tinyml_model) by extension 'ignore'
[5.614s] Level 1:colcon.colcon_core.package_identification:_identify(src/tinyml_model) by extension 'ignore_ament_install'
[5.614s] Level 1:colcon.colcon_core.package_identification:_identify(src/tinyml_model) by extensions ['colcon_pkg']
[5.614s] Level 1:colcon.colcon_core.package_identification:_identify(src/tinyml_model) by extension 'colcon_pkg'
[5.614s] Level 1:colcon.colcon_core.package_identification:_identify(src/tinyml_model) by extensions ['colcon_meta']
[5.614s] Level 1:colcon.colcon_core.package_identification:_identify(src/tinyml_model) by extension 'colcon_meta'
[5.615s] Level 1:colcon.colcon_core.package_identification:_identify(src/tinyml_model) by extensions ['ros']
[5.615s] Level 1:colcon.colcon_core.package_identification:_identify(src/tinyml_model) by extension 'ros'
[5.619s] DEBUG:colcon.colcon_core.package_identification:Package 'src/tinyml_model' with type 'ros.ament_cmake' and name 'tinyml_model'
[5.620s] Level 1:colcon.colcon_core.package_discovery:discover_packages(recursive) using defaults
[5.620s] Level 1:colcon.colcon_core.package_discovery:discover_packages(ignore) discover
[5.620s] Level 1:colcon.colcon_core.package_discovery:discover_packages(ignore) using defaults
[5.620s] Level 1:colcon.colcon_core.package_discovery:discover_packages(path) discover
[5.621s] Level 1:colcon.colcon_core.package_discovery:discover_packages(path) using defaults
[6.247s] Level 1:colcon.colcon_core.package_discovery:discover_packages(prefix_path) check parameters
[6.247s] Level 1:colcon.colcon_core.package_discovery:discover_packages(prefix_path) discover
[6.486s] DEBUG:colcon.colcon_installed_package_information.package_discovery:Found 391 installed packages in /opt/ros/humble
[6.530s] Level 1:colcon.colcon_core.package_discovery:discover_packages(prefix_path) using defaults
[7.109s] Level 5:colcon.colcon_core.verb:set package 'aiht_bot' build argument 'cmake_args' from command line to 'None'
[7.110s] Level 5:colcon.colcon_core.verb:set package 'aiht_bot' build argument 'cmake_target' from command line to 'None'
[7.110s] Level 5:colcon.colcon_core.verb:set package 'aiht_bot' build argument 'cmake_target_skip_unavailable' from command line to 'False'
[7.110s] Level 5:colcon.colcon_core.verb:set package 'aiht_bot' build argument 'cmake_clean_cache' from command line to 'False'
[7.111s] Level 5:colcon.colcon_core.verb:set package 'aiht_bot' build argument 'cmake_clean_first' from command line to 'False'
[7.111s] Level 5:colcon.colcon_core.verb:set package 'aiht_bot' build argument 'cmake_force_configure' from command line to 'False'
[7.111s] Level 5:colcon.colcon_core.verb:set package 'aiht_bot' build argument 'ament_cmake_args' from command line to 'None'
[7.111s] Level 5:colcon.colcon_core.verb:set package 'aiht_bot' build argument 'catkin_cmake_args' from command line to 'None'
[7.111s] Level 5:colcon.colcon_core.verb:set package 'aiht_bot' build argument 'catkin_skip_building_tests' from command line to 'False'
[7.112s] DEBUG:colcon.colcon_core.verb:Building package 'aiht_bot' with the following arguments: {'ament_cmake_args': None, 'build_base': '/home/bhavesh/Documents/AutonomousNavigationAndCollisionAvoidanceBot/AIHTsim/build/aiht_bot', 'catkin_cmake_args': None, 'catkin_skip_building_tests': False, 'cmake_args': None, 'cmake_clean_cache': False, 'cmake_clean_first': False, 'cmake_force_configure': False, 'cmake_target': None, 'cmake_target_skip_unavailable': False, 'install_base': '/home/bhavesh/Documents/AutonomousNavigationAndCollisionAvoidanceBot/AIHTsim/install/aiht_bot', 'merge_install': False, 'path': '/home/bhavesh/Documents/AutonomousNavigationAndCollisionAvoidanceBot/AIHTsim/src/AIHT', 'symlink_install': True, 'test_result_base': None}
[7.201s] Level 5:colcon.colcon_core.verb:set package 'ml_model' build argument 'cmake_args' from command line to 'None'
[7.201s] Level 5:colcon.colcon_core.verb:set package 'ml_model' build argument 'cmake_target' from command line to 'None'
[7.201s] Level 5:colcon.colcon_core.verb:set package 'ml_model' build argument 'cmake_target_skip_unavailable' from command line to 'False'
[7.201s] Level 5:colcon.colcon_core.verb:set package 'ml_model' build argument 'cmake_clean_cache' from command line to 'False'
[7.201s] Level 5:colcon.colcon_core.verb:set package 'ml_model' build argument 'cmake_clean_first' from command line to 'False'
[7.201s] Level 5:colcon.colcon_core.verb:set package 'ml_model' build argument 'cmake_force_configure' from command line to 'False'
[7.202s] Level 5:colcon.colcon_core.verb:set package 'ml_model' build argument 'ament_cmake_args' from command line to 'None'
[7.202s] Level 5:colcon.colcon_core.verb:set package 'ml_model' build argument 'catkin_cmake_args' from command line to 'None'
[7.202s] Level 5:colcon.colcon_core.verb:set package 'ml_model' build argument 'catkin_skip_building_tests' from command line to 'False'
[7.202s] DEBUG:colcon.colcon_core.verb:Building package 'ml_model' with the following arguments: {'ament_cmake_args': None, 'build_base': '/home/bhavesh/Documents/AutonomousNavigationAndCollisionAvoidanceBot/AIHTsim/build/ml_model', 'catkin_cmake_args': None, 'catkin_skip_building_tests': False, 'cmake_args': None, 'cmake_clean_cache': False, 'cmake_clean_first': False, 'cmake_force_configure': False, 'cmake_target': None, 'cmake_target_skip_unavailable': False, 'install_base': '/home/bhavesh/Documents/AutonomousNavigationAndCollisionAvoidanceBot/AIHTsim/install/ml_model', 'merge_install': False, 'path': '/home/bhavesh/Documents/AutonomousNavigationAndCollisionAvoidanceBot/AIHTsim/src/ml_model', 'symlink_install': True, 'test_result_base': None}
[7.294s] Level 5:colcon.colcon_core.verb:set package 'tinyml_model' build argument 'cmake_args' from command line to 'None'
[7.294s] Level 5:colcon.colcon_core.verb:set package 'tinyml_model' build argument 'cmake_target' from command line to 'None'
[7.294s] Level 5:colcon.colcon_core.verb:set package 'tinyml_model' build argument 'cmake_target_skip_unavailable' from command line to 'False'
[7.294s] Level 5:colcon.colcon_core.verb:set package 'tinyml_model' build argument 'cmake_clean_cache' from command line to 'False'
[7.294s] Level 5:colcon.colcon_core.verb:set package 'tinyml_model' build argument 'cmake_clean_first' from command line to 'False'
[7.294s] Level 5:colcon.colcon_core.verb:set package 'tinyml_model' build argument 'cmake_force_configure' from command line to 'False'
[7.295s] Level 5:colcon.colcon_core.verb:set package 'tinyml_model' build argument 'ament_cmake_args' from command line to 'None'
[7.295s] Level 5:colcon.colcon_core.verb:set package 'tinyml_model' build argument 'catkin_cmake_args' from command line to 'None'
[7.295s] Level 5:colcon.colcon_core.verb:set package 'tinyml_model' build argument 'catkin_skip_building_tests' from command line to 'False'
[7.295s] DEBUG:colcon.colcon_core.verb:Building package 'tinyml_model' with the following arguments: {'ament_cmake_args': None, 'build_base': '/home/bhavesh/Documents/AutonomousNavigationAndCollisionAvoidanceBot/AIHTsim/build/tinyml_model', 'catkin_cmake_args': None, 'catkin_skip_building_tests': False, 'cmake_args': None, 'cmake_clean_cache': False, 'cmake_clean_first': False, 'cmake_force_configure': False, 'cmake_target': None, 'cmake_target_skip_unavailable': False, 'install_base': '/home/bhavesh/Documents/AutonomousNavigationAndCollisionAvoidanceBot/AIHTsim/install/tinyml_model', 'merge_install': False, 'path': '/home/bhavesh/Documents/AutonomousNavigationAndCollisionAvoidanceBot/AIHTsim/src/tinyml_model', 'symlink_install': True, 'test_result_base': None}
[7.388s] INFO:colcon.colcon_core.executor:Executing jobs using 'parallel' executor
[7.483s] DEBUG:colcon.colcon_parallel_executor.executor.parallel:run_until_complete
[7.484s] INFO:colcon.colcon_ros.task.ament_cmake.build:Building ROS package in '/home/bhavesh/Documents/AutonomousNavigationAndCollisionAvoidanceBot/AIHTsim/src/AIHT' with build type 'ament_cmake'
[7.484s] INFO:colcon.colcon_cmake.task.cmake.build:Building CMake package in '/home/bhavesh/Documents/AutonomousNavigationAndCollisionAvoidanceBot/AIHTsim/src/AIHT'
[7.589s] INFO:colcon.colcon_core.plugin_system:Skipping extension 'colcon_core.shell.bat': Not used on non-Windows systems
[7.590s] INFO:colcon.colcon_core.shell:Skip shell extension 'powershell' for command environment: Not usable outside of PowerShell
[7.590s] DEBUG:colcon.colcon_core.shell:Skip shell extension 'dsv' for command environment
[7.818s] INFO:colcon.colcon_ros.task.ament_python.build:Building ROS package in '/home/bhavesh/Documents/AutonomousNavigationAndCollisionAvoidanceBot/AIHTsim/src/ml_model' with build type 'ament_python'
[7.818s] Level 1:colcon.colcon_core.shell:create_environment_hook('ml_model', 'ament_prefix_path')
[7.930s] INFO:colcon.colcon_core.shell:Creating environment hook '/home/bhavesh/Documents/AutonomousNavigationAndCollisionAvoidanceBot/AIHTsim/install/ml_model/share/ml_model/hook/ament_prefix_path.ps1'
[7.932s] INFO:colcon.colcon_core.shell:Creating environment descriptor '/home/bhavesh/Documents/AutonomousNavigationAndCollisionAvoidanceBot/AIHTsim/install/ml_model/share/ml_model/hook/ament_prefix_path.dsv'
[7.934s] INFO:colcon.colcon_core.shell:Creating environment hook '/home/bhavesh/Documents/AutonomousNavigationAndCollisionAvoidanceBot/AIHTsim/install/ml_model/share/ml_model/hook/ament_prefix_path.sh'
[8.026s] INFO:colcon.colcon_core.shell:Skip shell extension 'powershell' for command environment: Not usable outside of PowerShell
[8.026s] DEBUG:colcon.colcon_core.shell:Skip shell extension 'dsv' for command environment
[8.228s] INFO:colcon.colcon_ros.task.ament_cmake.build:Building ROS package in '/home/bhavesh/Documents/AutonomousNavigationAndCollisionAvoidanceBot/AIHTsim/src/tinyml_model' with build type 'ament_cmake'
[8.228s] INFO:colcon.colcon_cmake.task.cmake.build:Building CMake package in '/home/bhavesh/Documents/AutonomousNavigationAndCollisionAvoidanceBot/AIHTsim/src/tinyml_model'
[8.321s] INFO:colcon.colcon_core.shell:Skip shell extension 'powershell' for command environment: Not usable outside of PowerShell
[8.321s] DEBUG:colcon.colcon_core.shell:Skip shell extension 'dsv' for command environment
[8.565s] DEBUG:colcon.colcon_core.event_handler.log_command:Invoking command in '/home/bhavesh/Documents/AutonomousNavigationAndCollisionAvoidanceBot/AIHTsim/build/aiht_bot': CMAKE_PREFIX_PATH=/opt/ros/humble /usr/bin/cmake --build /home/bhavesh/Documents/AutonomousNavigationAndCollisionAvoidanceBot/AIHTsim/build/aiht_bot -- -j8 -l8
[9.909s] INFO:colcon.colcon_core.task.python.build:Building Python package in '/home/bhavesh/Documents/AutonomousNavigationAndCollisionAvoidanceBot/AIHTsim/src/ml_model'
[10.004s] INFO:colcon.colcon_core.shell:Skip shell extension 'powershell' for command environment: Not usable outside of PowerShell
[10.004s] DEBUG:colcon.colcon_core.shell:Skip shell extension 'dsv' for command environment
[10.230s] DEBUG:colcon.colcon_core.event_handler.log_command:Invoking command in '/home/bhavesh/Documents/AutonomousNavigationAndCollisionAvoidanceBot/AIHTsim/build/tinyml_model': CMAKE_PREFIX_PATH=/opt/ros/humble /usr/bin/cmake --build /home/bhavesh/Documents/AutonomousNavigationAndCollisionAvoidanceBot/AIHTsim/build/tinyml_model -- -j8 -l8
[10.232s] DEBUG:colcon.colcon_core.event_handler.log_command:Invoked command in '/home/bhavesh/Documents/AutonomousNavigationAndCollisionAvoidanceBot/AIHTsim/build/aiht_bot' returned '0': CMAKE_PREFIX_PATH=/opt/ros/humble /usr/bin/cmake --build /home/bhavesh/Documents/AutonomousNavigationAndCollisionAvoidanceBot/AIHTsim/build/aiht_bot -- -j8 -l8
[10.373s] DEBUG:colcon.colcon_core.event_handler.log_command:Invoking command in '/home/bhavesh/Documents/AutonomousNavigationAndCollisionAvoidanceBot/AIHTsim/build/aiht_bot': CMAKE_PREFIX_PATH=/opt/ros/humble /usr/bin/cmake --install /home/bhavesh/Documents/AutonomousNavigationAndCollisionAvoidanceBot/AIHTsim/build/aiht_bot
[10.538s] Level 1:colcon.colcon_core.environment:create_environment_scripts_only(aiht_bot)
[10.548s] DEBUG:colcon.colcon_core.event_handler.log_command:Invoked command in '/home/bhavesh/Documents/AutonomousNavigationAndCollisionAvoidanceBot/AIHTsim/build/aiht_bot' returned '0': CMAKE_PREFIX_PATH=/opt/ros/humble /usr/bin/cmake --install /home/bhavesh/Documents/AutonomousNavigationAndCollisionAvoidanceBot/AIHTsim/build/aiht_bot
[10.703s] Level 1:colcon.colcon_core.environment:checking '/home/bhavesh/Documents/AutonomousNavigationAndCollisionAvoidanceBot/AIHTsim/install/aiht_bot' for CMake module files
[10.707s] Level 1:colcon.colcon_core.environment:checking '/home/bhavesh/Documents/AutonomousNavigationAndCollisionAvoidanceBot/AIHTsim/install/aiht_bot' for CMake config files
[10.709s] Level 1:colcon.colcon_core.shell:create_environment_hook('aiht_bot', 'cmake_prefix_path')
[10.857s] INFO:colcon.colcon_core.shell:Creating environment hook '/home/bhavesh/Documents/AutonomousNavigationAndCollisionAvoidanceBot/AIHTsim/install/aiht_bot/share/aiht_bot/hook/cmake_prefix_path.ps1'
[10.859s] INFO:colcon.colcon_core.shell:Creating environment descriptor '/home/bhavesh/Documents/AutonomousNavigationAndCollisionAvoidanceBot/AIHTsim/install/aiht_bot/share/aiht_bot/hook/cmake_prefix_path.dsv'
[10.861s] INFO:colcon.colcon_core.shell:Creating environment hook '/home/bhavesh/Documents/AutonomousNavigationAndCollisionAvoidanceBot/AIHTsim/install/aiht_bot/share/aiht_bot/hook/cmake_prefix_path.sh'
[10.865s] Level 1:colcon.colcon_core.environment:checking '/home/bhavesh/Documents/AutonomousNavigationAndCollisionAvoidanceBot/AIHTsim/install/aiht_bot/bin'
[10.866s] Level 1:colcon.colcon_core.environment:checking '/home/bhavesh/Documents/AutonomousNavigationAndCollisionAvoidanceBot/AIHTsim/install/aiht_bot/lib/pkgconfig/aiht_bot.pc'
[10.867s] Level 1:colcon.colcon_core.environment:checking '/home/bhavesh/Documents/AutonomousNavigationAndCollisionAvoidanceBot/AIHTsim/install/aiht_bot/lib/python3.10/site-packages'
[10.869s] Level 1:colcon.colcon_core.environment:checking '/home/bhavesh/Documents/AutonomousNavigationAndCollisionAvoidanceBot/AIHTsim/install/aiht_bot/bin'
[11.027s] INFO:colcon.colcon_core.shell:Creating package script '/home/bhavesh/Documents/AutonomousNavigationAndCollisionAvoidanceBot/AIHTsim/install/aiht_bot/share/aiht_bot/package.ps1'
[11.034s] INFO:colcon.colcon_core.shell:Creating package descriptor '/home/bhavesh/Documents/AutonomousNavigationAndCollisionAvoidanceBot/AIHTsim/install/aiht_bot/share/aiht_bot/package.dsv'
[11.038s] INFO:colcon.colcon_core.shell:Creating package script '/home/bhavesh/Documents/AutonomousNavigationAndCollisionAvoidanceBot/AIHTsim/install/aiht_bot/share/aiht_bot/package.sh'
[11.045s] INFO:colcon.colcon_core.shell:Creating package script '/home/bhavesh/Documents/AutonomousNavigationAndCollisionAvoidanceBot/AIHTsim/install/aiht_bot/share/aiht_bot/package.bash'
[11.051s] INFO:colcon.colcon_core.shell:Creating package script '/home/bhavesh/Documents/AutonomousNavigationAndCollisionAvoidanceBot/AIHTsim/install/aiht_bot/share/aiht_bot/package.zsh'
[11.056s] Level 1:colcon.colcon_core.environment:create_file_with_runtime_dependencies(/home/bhavesh/Documents/AutonomousNavigationAndCollisionAvoidanceBot/AIHTsim/install/aiht_bot/share/colcon-core/packages/aiht_bot)
[11.314s] Level 1:colcon.colcon_core.environment:create_environment_scripts_only(aiht_bot)
[11.423s] Level 1:colcon.colcon_core.environment:checking '/home/bhavesh/Documents/AutonomousNavigationAndCollisionAvoidanceBot/AIHTsim/install/aiht_bot' for CMake module files
[11.425s] Level 1:colcon.colcon_core.environment:checking '/home/bhavesh/Documents/AutonomousNavigationAndCollisionAvoidanceBot/AIHTsim/install/aiht_bot' for CMake config files
[11.427s] Level 1:colcon.colcon_core.shell:create_environment_hook('aiht_bot', 'cmake_prefix_path')
[11.540s] INFO:colcon.colcon_core.shell:Creating environment hook '/home/bhavesh/Documents/AutonomousNavigationAndCollisionAvoidanceBot/AIHTsim/install/aiht_bot/share/aiht_bot/hook/cmake_prefix_path.ps1'
[11.544s] INFO:colcon.colcon_core.shell:Creating environment descriptor '/home/bhavesh/Documents/AutonomousNavigationAndCollisionAvoidanceBot/AIHTsim/install/aiht_bot/share/aiht_bot/hook/cmake_prefix_path.dsv'
[11.545s] INFO:colcon.colcon_core.shell:Creating environment hook '/home/bhavesh/Documents/AutonomousNavigationAndCollisionAvoidanceBot/AIHTsim/install/aiht_bot/share/aiht_bot/hook/cmake_prefix_path.sh'
[11.548s] Level 1:colcon.colcon_core.environment:checking '/home/bhavesh/Documents/AutonomousNavigationAndCollisionAvoidanceBot/AIHTsim/install/aiht_bot/bin'
[11.549s] Level 1:colcon.colcon_core.environment:checking '/home/bhavesh/Documents/AutonomousNavigationAndCollisionAvoidanceBot/AIHTsim/install/aiht_bot/lib/pkgconfig/aiht_bot.pc'
[11.550s] Level 1:colcon.colcon_core.environment:checking '/home/bhavesh/Documents/AutonomousNavigationAndCollisionAvoidanceBot/AIHTsim/install/aiht_bot/lib/python3.10/site-packages'
[11.551s] Level 1:colcon.colcon_core.environment:checking '/home/bhavesh/Documents/AutonomousNavigationAndCollisionAvoidanceBot/AIHTsim/install/aiht_bot/bin'
[11.679s] INFO:colcon.colcon_core.shell:Creating package script '/home/bhavesh/Documents/AutonomousNavigationAndCollisionAvoidanceBot/AIHTsim/install/aiht_bot/share/aiht_bot/package.ps1'
[11.681s] INFO:colcon.colcon_core.shell:Creating package descriptor '/home/bhavesh/Documents/AutonomousNavigationAndCollisionAvoidanceBot/AIHTsim/install/aiht_bot/share/aiht_bot/package.dsv'
[11.683s] INFO:colcon.colcon_core.shell:Creating package script '/home/bhavesh/Documents/AutonomousNavigationAndCollisionAvoidanceBot/AIHTsim/install/aiht_bot/share/aiht_bot/package.sh'
[11.686s] INFO:colcon.colcon_core.shell:Creating package script '/home/bhavesh/Documents/AutonomousNavigationAndCollisionAvoidanceBot/AIHTsim/install/aiht_bot/share/aiht_bot/package.bash'
[11.690s] INFO:colcon.colcon_core.shell:Creating package script '/home/bhavesh/Documents/AutonomousNavigationAndCollisionAvoidanceBot/AIHTsim/install/aiht_bot/share/aiht_bot/package.zsh'
[11.693s] Level 1:colcon.colcon_core.environment:create_file_with_runtime_dependencies(/home/bhavesh/Documents/AutonomousNavigationAndCollisionAvoidanceBot/AIHTsim/install/aiht_bot/share/colcon-core/packages/aiht_bot)
[12.322s] DEBUG:colcon.colcon_core.event_handler.log_command:Invoking command in '/home/bhavesh/Documents/AutonomousNavigationAndCollisionAvoidanceBot/AIHTsim/build/ml_model': PYTHONPATH=/home/bhavesh/Documents/AutonomousNavigationAndCollisionAvoidanceBot/AIHTsim/build/ml_model/prefix_override:/home/bhavesh/Documents/AutonomousNavigationAndCollisionAvoidanceBot/AIHTsim/install/ml_model/lib/python3.10/site-packages:${PYTHONPATH} /usr/bin/python3 setup.py develop --editable --build-directory /home/bhavesh/Documents/AutonomousNavigationAndCollisionAvoidanceBot/AIHTsim/build/ml_model/build --no-deps install_data
[14.792s] Level 1:colcon.colcon_core.shell:create_environment_hook('ml_model', 'pythonpath_develop')
[14.795s] DEBUG:colcon.colcon_core.event_handler.log_command:Invoked command in '/home/bhavesh/Documents/AutonomousNavigationAndCollisionAvoidanceBot/AIHTsim/build/ml_model' returned '0': PYTHONPATH=/home/bhavesh/Documents/AutonomousNavigationAndCollisionAvoidanceBot/AIHTsim/build/ml_model/prefix_override:/home/bhavesh/Documents/AutonomousNavigationAndCollisionAvoidanceBot/AIHTsim/install/ml_model/lib/python3.10/site-packages:${PYTHONPATH} /usr/bin/python3 setup.py develop --editable --build-directory /home/bhavesh/Documents/AutonomousNavigationAndCollisionAvoidanceBot/AIHTsim/build/ml_model/build --no-deps install_data
[14.895s] INFO:colcon.colcon_core.shell:Creating environment hook '/home/bhavesh/Documents/AutonomousNavigationAndCollisionAvoidanceBot/AIHTsim/build/ml_model/share/ml_model/hook/pythonpath_develop.ps1'
[14.896s] INFO:colcon.colcon_core.shell:Creating environment descriptor '/home/bhavesh/Documents/AutonomousNavigationAndCollisionAvoidanceBot/AIHTsim/build/ml_model/share/ml_model/hook/pythonpath_develop.dsv'
[14.898s] INFO:colcon.colcon_core.shell:Creating environment hook '/home/bhavesh/Documents/AutonomousNavigationAndCollisionAvoidanceBot/AIHTsim/build/ml_model/share/ml_model/hook/pythonpath_develop.sh'
[15.005s] Level 1:colcon.colcon_core.environment:checking '/home/bhavesh/Documents/AutonomousNavigationAndCollisionAvoidanceBot/AIHTsim/install/ml_model' for CMake module files
[15.006s] Level 1:colcon.colcon_core.environment:checking '/home/bhavesh/Documents/AutonomousNavigationAndCollisionAvoidanceBot/AIHTsim/install/ml_model' for CMake config files
[15.008s] Level 1:colcon.colcon_core.environment:checking '/home/bhavesh/Documents/AutonomousNavigationAndCollisionAvoidanceBot/AIHTsim/install/ml_model/lib'
[15.009s] Level 1:colcon.colcon_core.environment:checking '/home/bhavesh/Documents/AutonomousNavigationAndCollisionAvoidanceBot/AIHTsim/install/ml_model/bin'
[15.009s] Level 1:colcon.colcon_core.environment:checking '/home/bhavesh/Documents/AutonomousNavigationAndCollisionAvoidanceBot/AIHTsim/install/ml_model/lib/pkgconfig/ml_model.pc'
[15.010s] Level 1:colcon.colcon_core.environment:checking '/home/bhavesh/Documents/AutonomousNavigationAndCollisionAvoidanceBot/AIHTsim/install/ml_model/lib/python3.10/site-packages'
[15.010s] Level 1:colcon.colcon_core.shell:create_environment_hook('ml_model', 'pythonpath')
[15.109s] INFO:colcon.colcon_core.shell:Creating environment hook '/home/bhavesh/Documents/AutonomousNavigationAndCollisionAvoidanceBot/AIHTsim/install/ml_model/share/ml_model/hook/pythonpath.ps1'
[15.111s] INFO:colcon.colcon_core.shell:Creating environment descriptor '/home/bhavesh/Documents/AutonomousNavigationAndCollisionAvoidanceBot/AIHTsim/install/ml_model/share/ml_model/hook/pythonpath.dsv'
[15.113s] INFO:colcon.colcon_core.shell:Creating environment hook '/home/bhavesh/Documents/AutonomousNavigationAndCollisionAvoidanceBot/AIHTsim/install/ml_model/share/ml_model/hook/pythonpath.sh'
[15.115s] Level 1:colcon.colcon_core.environment:checking '/home/bhavesh/Documents/AutonomousNavigationAndCollisionAvoidanceBot/AIHTsim/install/ml_model/bin'
[15.116s] Level 1:colcon.colcon_core.environment:create_environment_scripts_only(ml_model)
[15.228s] INFO:colcon.colcon_core.shell:Creating package script '/home/bhavesh/Documents/AutonomousNavigationAndCollisionAvoidanceBot/AIHTsim/install/ml_model/share/ml_model/package.ps1'
[15.230s] INFO:colcon.colcon_core.shell:Creating package descriptor '/home/bhavesh/Documents/AutonomousNavigationAndCollisionAvoidanceBot/AIHTsim/install/ml_model/share/ml_model/package.dsv'
[15.232s] INFO:colcon.colcon_core.shell:Creating package script '/home/bhavesh/Documents/AutonomousNavigationAndCollisionAvoidanceBot/AIHTsim/install/ml_model/share/ml_model/package.sh'
[15.234s] INFO:colcon.colcon_core.shell:Creating package script '/home/bhavesh/Documents/AutonomousNavigationAndCollisionAvoidanceBot/AIHTsim/install/ml_model/share/ml_model/package.bash'
[15.236s] INFO:colcon.colcon_core.shell:Creating package script '/home/bhavesh/Documents/AutonomousNavigationAndCollisionAvoidanceBot/AIHTsim/install/ml_model/share/ml_model/package.zsh'
[15.239s] Level 1:colcon.colcon_core.environment:create_file_with_runtime_dependencies(/home/bhavesh/Documents/AutonomousNavigationAndCollisionAvoidanceBot/AIHTsim/install/ml_model/share/colcon-core/packages/ml_model)
[70.155s] DEBUG:colcon.colcon_core.event_handler.log_command:Invoked command in '/home/bhavesh/Documents/AutonomousNavigationAndCollisionAvoidanceBot/AIHTsim/build/tinyml_model' returned '0': CMAKE_PREFIX_PATH=/opt/ros/humble /usr/bin/cmake --build /home/bhavesh/Documents/AutonomousNavigationAndCollisionAvoidanceBot/AIHTsim/build/tinyml_model -- -j8 -l8
[70.290s] DEBUG:colcon.colcon_core.event_handler.log_command:Invoking command in '/home/bhavesh/Documents/AutonomousNavigationAndCollisionAvoidanceBot/AIHTsim/build/tinyml_model': CMAKE_PREFIX_PATH=/opt/ros/humble /usr/bin/cmake --install /home/bhavesh/Documents/AutonomousNavigationAndCollisionAvoidanceBot/AIHTsim/build/tinyml_model
[71.053s] Level 1:colcon.colcon_core.environment:create_environment_scripts_only(tinyml_model)
[71.055s] DEBUG:colcon.colcon_core.event_handler.log_command:Invoked command in '/home/bhavesh/Documents/AutonomousNavigationAndCollisionAvoidanceBot/AIHTsim/build/tinyml_model' returned '0': CMAKE_PREFIX_PATH=/opt/ros/humble /usr/bin/cmake --install /home/bhavesh/Documents/AutonomousNavigationAndCollisionAvoidanceBot/AIHTsim/build/tinyml_model
[71.185s] Level 1:colcon.colcon_core.environment:checking '/home/bhavesh/Documents/AutonomousNavigationAndCollisionAvoidanceBot/AIHTsim/install/tinyml_model' for CMake module files
[71.187s] Level 1:colcon.colcon_core.environment:checking '/home/bhavesh/Documents/AutonomousNavigationAndCollisionAvoidanceBot/AIHTsim/install/tinyml_model' for CMake config files
[71.188s] Level 1:colcon.colcon_core.shell:create_environment_hook('tinyml_model', 'cmake_prefix_path')
[71.292s] INFO:colcon.colcon_core.shell:Creating environment hook '/home/bhavesh/Documents/AutonomousNavigationAndCollisionAvoidanceBot/AIHTsim/install/tinyml_model/share/tinyml_model/hook/cmake_prefix_path.ps1'
[71.293s] INFO:colcon.colcon_core.shell:Creating environment descriptor '/home/bhavesh/Documents/AutonomousNavigationAndCollisionAvoidanceBot/AIHTsim/install/tinyml_model/share/tinyml_model/hook/cmake_prefix_path.dsv'
[71.294s] INFO:colcon.colcon_core.shell:Creating environment hook '/home/bhavesh/Documents/AutonomousNavigationAndCollisionAvoidanceBot/AIHTsim/install/tinyml_model/share/tinyml_model/hook/cmake_prefix_path.sh'
[71.297s] Level 1:colcon.colcon_core.environment:checking '/home/bhavesh/Documents/AutonomousNavigationAndCollisionAvoidanceBot/AIHTsim/install/tinyml_model/lib'
[71.297s] Level 1:colcon.colcon_core.environment:checking '/home/bhavesh/Documents/AutonomousNavigationAndCollisionAvoidanceBot/AIHTsim/install/tinyml_model/bin'
[71.298s] Level 1:colcon.colcon_core.environment:checking '/home/bhavesh/Documents/AutonomousNavigationAndCollisionAvoidanceBot/AIHTsim/install/tinyml_model/lib/pkgconfig/tinyml_model.pc'
[71.299s] Level 1:colcon.colcon_core.environment:checking '/home/bhavesh/Documents/AutonomousNavigationAndCollisionAvoidanceBot/AIHTsim/install/tinyml_model/lib/python3.10/site-packages'
[71.300s] Level 1:colcon.colcon_core.environment:checking '/home/bhavesh/Documents/AutonomousNavigationAndCollisionAvoidanceBot/AIHTsim/install/tinyml_model/bin'
[71.394s] INFO:colcon.colcon_core.shell:Creating package script '/home/bhavesh/Documents/AutonomousNavigationAndCollisionAvoidanceBot/AIHTsim/install/tinyml_model/share/tinyml_model/package.ps1'
[71.396s] INFO:colcon.colcon_core.shell:Creating package descriptor '/home/bhavesh/Documents/AutonomousNavigationAndCollisionAvoidanceBot/AIHTsim/install/tinyml_model/share/tinyml_model/package.dsv'
[71.398s] INFO:colcon.colcon_core.shell:Creating package script '/home/bhavesh/Documents/AutonomousNavigationAndCollisionAvoidanceBot/AIHTsim/install/tinyml_model/share/tinyml_model/package.sh'
[71.400s] INFO:colcon.colcon_core.shell:Creating package script '/home/bhavesh/Documents/AutonomousNavigationAndCollisionAvoidanceBot/AIHTsim/install/tinyml_model/share/tinyml_model/package.bash'
[71.401s] INFO:colcon.colcon_core.shell:Creating package script '/home/bhavesh/Documents/AutonomousNavigationAndCollisionAvoidanceBot/AIHTsim/install/tinyml_model/share/tinyml_model/package.zsh'
[71.403s] Level 1:colcon.colcon_core.environment:create_file_with_runtime_dependencies(/home/bhavesh/Documents/AutonomousNavigationAndCollisionAvoidanceBot/AIHTsim/install/tinyml_model/share/colcon-core/packages/tinyml_model)
[71.630s] Level 1:colcon.colcon_core.environment:create_environment_scripts_only(tinyml_model)
[71.732s] Level 1:colcon.colcon_core.environment:checking '/home/bhavesh/Documents/AutonomousNavigationAndCollisionAvoidanceBot/AIHTsim/install/tinyml_model' for CMake module files
[71.737s] Level 1:colcon.colcon_core.environment:checking '/home/bhavesh/Documents/AutonomousNavigationAndCollisionAvoidanceBot/AIHTsim/install/tinyml_model' for CMake config files
[71.738s] Level 1:colcon.colcon_core.shell:create_environment_hook('tinyml_model', 'cmake_prefix_path')
[71.847s] INFO:colcon.colcon_core.shell:Creating environment hook '/home/bhavesh/Documents/AutonomousNavigationAndCollisionAvoidanceBot/AIHTsim/install/tinyml_model/share/tinyml_model/hook/cmake_prefix_path.ps1'
[71.849s] INFO:colcon.colcon_core.shell:Creating environment descriptor '/home/bhavesh/Documents/AutonomousNavigationAndCollisionAvoidanceBot/AIHTsim/install/tinyml_model/share/tinyml_model/hook/cmake_prefix_path.dsv'
[71.852s] INFO:colcon.colcon_core.shell:Creating environment hook '/home/bhavesh/Documents/AutonomousNavigationAndCollisionAvoidanceBot/AIHTsim/install/tinyml_model/share/tinyml_model/hook/cmake_prefix_path.sh'
[71.854s] Level 1:colcon.colcon_core.environment:checking '/home/bhavesh/Documents/AutonomousNavigationAndCollisionAvoidanceBot/AIHTsim/install/tinyml_model/lib'
[71.855s] Level 1:colcon.colcon_core.environment:checking '/home/bhavesh/Documents/AutonomousNavigationAndCollisionAvoidanceBot/AIHTsim/install/tinyml_model/bin'
[71.855s] Level 1:colcon.colcon_core.environment:checking '/home/bhavesh/Documents/AutonomousNavigationAndCollisionAvoidanceBot/AIHTsim/install/tinyml_model/lib/pkgconfig/tinyml_model.pc'
[71.856s] Level 1:colcon.colcon_core.environment:checking '/home/bhavesh/Documents/AutonomousNavigationAndCollisionAvoidanceBot/AIHTsim/install/tinyml_model/lib/python3.10/site-packages'
[71.858s] Level 1:colcon.colcon_core.environment:checking '/home/bhavesh/Documents/AutonomousNavigationAndCollisionAvoidanceBot/AIHTsim/install/tinyml_model/bin'
[71.974s] INFO:colcon.colcon_core.shell:Creating package script '/home/bhavesh/Documents/AutonomousNavigationAndCollisionAvoidanceBot/AIHTsim/install/tinyml_model/share/tinyml_model/package.ps1'
[71.976s] INFO:colcon.colcon_core.shell:Creating package descriptor '/home/bhavesh/Documents/AutonomousNavigationAndCollisionAvoidanceBot/AIHTsim/install/tinyml_model/share/tinyml_model/package.dsv'
[71.978s] INFO:colcon.colcon_core.shell:Creating package script '/home/bhavesh/Documents/AutonomousNavigationAndCollisionAvoidanceBot/AIHTsim/install/tinyml_model/share/tinyml_model/package.sh'
[71.980s] INFO:colcon.colcon_core.shell:Creating package script '/home/bhavesh/Documents/AutonomousNavigationAndCollisionAvoidanceBot/AIHTsim/install/tinyml_model/share/tinyml_model/package.bash'
[71.981s] INFO:colcon.colcon_core.shell:Creating package script '/home/bhavesh/Documents/AutonomousNavigationAndCollisionAvoidanceBot/AIHTsim/install/tinyml_model/share/tinyml_model/package.zsh'
[71.983s] Level 1:colcon.colcon_core.environment:create_file_with_runtime_dependencies(/home/bhavesh/Documents/AutonomousNavigationAndCollisionAvoidanceBot/AIHTsim/install/tinyml_model/share/colcon-core/packages/tinyml_model)
[71.985s] DEBUG:colcon.colcon_parallel_executor.executor.parallel:closing loop
[71.987s] DEBUG:colcon.colcon_parallel_executor.executor.parallel:loop closed
[71.987s] DEBUG:colcon.colcon_parallel_executor.executor.parallel:run_until_complete finished with '0'
[71.988s] DEBUG:colcon.colcon_core.event_reactor:joining thread
[72.116s] INFO:colcon.colcon_core.plugin_system:Skipping extension 'colcon_notification.desktop_notification.terminal_notifier': Not used on non-Darwin systems
[72.117s] INFO:colcon.colcon_core.plugin_system:Skipping extension 'colcon_notification.desktop_notification.win32': Not used on non-Windows systems
[72.117s] INFO:colcon.colcon_notification.desktop_notification:Sending desktop notification using 'notify2'
[72.163s] DEBUG:colcon.colcon_core.event_reactor:joined thread
[72.269s] INFO:colcon.colcon_core.shell:Creating prefix script '/home/bhavesh/Documents/AutonomousNavigationAndCollisionAvoidanceBot/AIHTsim/install/local_setup.ps1'
[72.272s] INFO:colcon.colcon_core.shell:Creating prefix util module '/home/bhavesh/Documents/AutonomousNavigationAndCollisionAvoidanceBot/AIHTsim/install/_local_setup_util_ps1.py'
[72.280s] INFO:colcon.colcon_core.shell:Creating prefix chain script '/home/bhavesh/Documents/AutonomousNavigationAndCollisionAvoidanceBot/AIHTsim/install/setup.ps1'
[72.375s] INFO:colcon.colcon_core.shell:Creating prefix script '/home/bhavesh/Documents/AutonomousNavigationAndCollisionAvoidanceBot/AIHTsim/install/local_setup.sh'
[72.377s] INFO:colcon.colcon_core.shell:Creating prefix util module '/home/bhavesh/Documents/AutonomousNavigationAndCollisionAvoidanceBot/AIHTsim/install/_local_setup_util_sh.py'
[72.379s] INFO:colcon.colcon_core.shell:Creating prefix chain script '/home/bhavesh/Documents/AutonomousNavigationAndCollisionAvoidanceBot/AIHTsim/install/setup.sh'
[72.488s] INFO:colcon.colcon_core.shell:Creating prefix script '/home/bhavesh/Documents/AutonomousNavigationAndCollisionAvoidanceBot/AIHTsim/install/local_setup.bash'
[72.490s] INFO:colcon.colcon_core.shell:Creating prefix chain script '/home/bhavesh/Documents/AutonomousNavigationAndCollisionAvoidanceBot/AIHTsim/install/setup.bash'
[72.596s] INFO:colcon.colcon_core.shell:Creating prefix script '/home/bhavesh/Documents/AutonomousNavigationAndCollisionAvoidanceBot/AIHTsim/install/local_setup.zsh'
[72.598s] INFO:colcon.colcon_core.shell:Creating prefix chain script '/home/bhavesh/Documents/AutonomousNavigationAndCollisionAvoidanceBot/AIHTsim/install/setup.zsh'
